INFO - 2024-07-25 03:34:04 --> Session: Class initialized using 'CodeIgniter\Session\Handlers\FileHandler' driver.
INFO - 2024-07-25 03:34:04 --> Session: Class initialized using 'CodeIgniter\Session\Handlers\FileHandler' driver.
INFO - 2024-07-25 03:36:38 --> Session: Class initialized using 'CodeIgniter\Session\Handlers\FileHandler' driver.
INFO - 2024-07-25 03:36:38 --> Session: Class initialized using 'CodeIgniter\Session\Handlers\FileHandler' driver.
INFO - 2024-07-25 03:37:04 --> CSRF token verified.
INFO - 2024-07-25 03:37:04 --> Session: Class initialized using 'CodeIgniter\Session\Handlers\FileHandler' driver.
INFO - 2024-07-25 03:37:04 --> Session: Class initialized using 'CodeIgniter\Session\Handlers\FileHandler' driver.
INFO - 2024-07-25 03:37:15 --> CSRF token verified.
INFO - 2024-07-25 03:37:15 --> Session: Class initialized using 'CodeIgniter\Session\Handlers\FileHandler' driver.
INFO - 2024-07-25 03:37:15 --> Session: Class initialized using 'CodeIgniter\Session\Handlers\FileHandler' driver.
INFO - 2024-07-25 03:37:16 --> Session: Class initialized using 'CodeIgniter\Session\Handlers\FileHandler' driver.
INFO - 2024-07-25 03:37:24 --> Session: Class initialized using 'CodeIgniter\Session\Handlers\FileHandler' driver.
INFO - 2024-07-25 03:37:28 --> Session: Class initialized using 'CodeIgniter\Session\Handlers\FileHandler' driver.
INFO - 2024-07-25 03:38:00 --> Session: Class initialized using 'CodeIgniter\Session\Handlers\FileHandler' driver.
INFO - 2024-07-25 03:38:03 --> Session: Class initialized using 'CodeIgniter\Session\Handlers\FileHandler' driver.
INFO - 2024-07-25 03:38:29 --> Session: Class initialized using 'CodeIgniter\Session\Handlers\FileHandler' driver.
INFO - 2024-07-25 03:38:32 --> Session: Class initialized using 'CodeIgniter\Session\Handlers\FileHandler' driver.
INFO - 2024-07-25 03:38:42 --> Session: Class initialized using 'CodeIgniter\Session\Handlers\FileHandler' driver.
INFO - 2024-07-25 03:38:42 --> Session: Class initialized using 'CodeIgniter\Session\Handlers\FileHandler' driver.
INFO - 2024-07-25 03:38:51 --> CSRF token verified.
INFO - 2024-07-25 03:38:51 --> Session: Class initialized using 'CodeIgniter\Session\Handlers\FileHandler' driver.
INFO - 2024-07-25 03:38:51 --> Session: Class initialized using 'CodeIgniter\Session\Handlers\FileHandler' driver.
INFO - 2024-07-25 03:38:55 --> Session: Class initialized using 'CodeIgniter\Session\Handlers\FileHandler' driver.
INFO - 2024-07-25 03:38:55 --> Session: Class initialized using 'CodeIgniter\Session\Handlers\FileHandler' driver.
INFO - 2024-07-25 03:39:58 --> CSRF token verified.
INFO - 2024-07-25 03:39:58 --> Session: Class initialized using 'CodeIgniter\Session\Handlers\FileHandler' driver.
INFO - 2024-07-25 03:39:58 --> Session: Class initialized using 'CodeIgniter\Session\Handlers\FileHandler' driver.
INFO - 2024-07-25 03:39:58 --> Session: Class initialized using 'CodeIgniter\Session\Handlers\FileHandler' driver.
ERROR - 2024-07-25 04:10:30 --> mysqli_sql_exception: Table 'tb_kategori' already exists in C:\laragon\www\member_pribadi_kadinkotamalang\system\Database\MySQLi\Connection.php:295
Stack trace:
#0 C:\laragon\www\member_pribadi_kadinkotamalang\system\Database\MySQLi\Connection.php(295): mysqli->query('CREATE TABLE `t...', 0)
#1 C:\laragon\www\member_pribadi_kadinkotamalang\system\Database\BaseConnection.php(692): CodeIgniter\Database\MySQLi\Connection->execute('CREATE TABLE `t...')
#2 C:\laragon\www\member_pribadi_kadinkotamalang\system\Database\BaseConnection.php(606): CodeIgniter\Database\BaseConnection->simpleQuery('CREATE TABLE `t...')
#3 C:\laragon\www\member_pribadi_kadinkotamalang\system\Database\Forge.php(546): CodeIgniter\Database\BaseConnection->query('CREATE TABLE `t...')
#4 C:\laragon\www\member_pribadi_kadinkotamalang\app\Database\Migrations\2024-07-25-034858_CreateVideoTable.php(25): CodeIgniter\Database\Forge->createTable('tb_kategori')
#5 C:\laragon\www\member_pribadi_kadinkotamalang\system\Database\MigrationRunner.php(877): App\Database\Migrations\CreateVideoTable->up()
#6 C:\laragon\www\member_pribadi_kadinkotamalang\system\Database\MigrationRunner.php(188): CodeIgniter\Database\MigrationRunner->migrate('up', Object(stdClass))
#7 C:\laragon\www\member_pribadi_kadinkotamalang\system\Commands\Database\Migrate.php(84): CodeIgniter\Database\MigrationRunner->latest(NULL)
#8 C:\laragon\www\member_pribadi_kadinkotamalang\system\CLI\Commands.php(65): CodeIgniter\Commands\Database\Migrate->run(Array)
#9 C:\laragon\www\member_pribadi_kadinkotamalang\system\CLI\Console.php(37): CodeIgniter\CLI\Commands->run('migrate', Array)
#10 C:\laragon\www\member_pribadi_kadinkotamalang\spark(97): CodeIgniter\CLI\Console->run()
#11 {main}
ERROR - 2024-07-25 04:15:01 --> mysqli_sql_exception: You have an error in your SQL syntax; check the manual that corresponds to your MySQL server version for the right syntax to use near ')
) DEFAULT CHARACTER SET = utf8mb4 COLLATE = utf8mb4_general_ci' at line 8 in C:\laragon\www\member_pribadi_kadinkotamalang\system\Database\MySQLi\Connection.php:295
Stack trace:
#0 C:\laragon\www\member_pribadi_kadinkotamalang\system\Database\MySQLi\Connection.php(295): mysqli->query('CREATE TABLE `t...', 0)
#1 C:\laragon\www\member_pribadi_kadinkotamalang\system\Database\BaseConnection.php(692): CodeIgniter\Database\MySQLi\Connection->execute('CREATE TABLE `t...')
#2 C:\laragon\www\member_pribadi_kadinkotamalang\system\Database\BaseConnection.php(606): CodeIgniter\Database\BaseConnection->simpleQuery('CREATE TABLE `t...')
#3 C:\laragon\www\member_pribadi_kadinkotamalang\system\Database\Forge.php(546): CodeIgniter\Database\BaseConnection->query('CREATE TABLE `t...')
#4 C:\laragon\www\member_pribadi_kadinkotamalang\app\Database\Migrations\2024-07-25-034858_CreateVideoTable.php(56): CodeIgniter\Database\Forge->createTable('tb_video')
#5 C:\laragon\www\member_pribadi_kadinkotamalang\system\Database\MigrationRunner.php(877): App\Database\Migrations\CreateVideoTable->up()
#6 C:\laragon\www\member_pribadi_kadinkotamalang\system\Database\MigrationRunner.php(188): CodeIgniter\Database\MigrationRunner->migrate('up', Object(stdClass))
#7 C:\laragon\www\member_pribadi_kadinkotamalang\system\Commands\Database\Migrate.php(84): CodeIgniter\Database\MigrationRunner->latest(NULL)
#8 C:\laragon\www\member_pribadi_kadinkotamalang\system\CLI\Commands.php(65): CodeIgniter\Commands\Database\Migrate->run(Array)
#9 C:\laragon\www\member_pribadi_kadinkotamalang\system\CLI\Console.php(37): CodeIgniter\CLI\Commands->run('migrate', Array)
#10 C:\laragon\www\member_pribadi_kadinkotamalang\spark(97): CodeIgniter\CLI\Console->run()
#11 {main}
INFO - 2024-07-25 06:26:30 --> Session: Class initialized using 'CodeIgniter\Session\Handlers\FileHandler' driver.
INFO - 2024-07-25 06:26:31 --> Session: Class initialized using 'CodeIgniter\Session\Handlers\FileHandler' driver.
INFO - 2024-07-25 06:26:39 --> CSRF token verified.
INFO - 2024-07-25 06:26:39 --> Session: Class initialized using 'CodeIgniter\Session\Handlers\FileHandler' driver.
INFO - 2024-07-25 06:26:39 --> Session: Class initialized using 'CodeIgniter\Session\Handlers\FileHandler' driver.
INFO - 2024-07-25 06:26:39 --> Session: Class initialized using 'CodeIgniter\Session\Handlers\FileHandler' driver.
INFO - 2024-07-25 06:26:50 --> Session: Class initialized using 'CodeIgniter\Session\Handlers\FileHandler' driver.
INFO - 2024-07-25 06:26:54 --> Session: Class initialized using 'CodeIgniter\Session\Handlers\FileHandler' driver.
INFO - 2024-07-25 06:26:59 --> Session: Class initialized using 'CodeIgniter\Session\Handlers\FileHandler' driver.
INFO - 2024-07-25 06:27:01 --> Session: Class initialized using 'CodeIgniter\Session\Handlers\FileHandler' driver.
INFO - 2024-07-25 06:27:03 --> Session: Class initialized using 'CodeIgniter\Session\Handlers\FileHandler' driver.
INFO - 2024-07-25 06:27:06 --> Session: Class initialized using 'CodeIgniter\Session\Handlers\FileHandler' driver.
INFO - 2024-07-25 06:27:08 --> Session: Class initialized using 'CodeIgniter\Session\Handlers\FileHandler' driver.
INFO - 2024-07-25 06:27:11 --> Session: Class initialized using 'CodeIgniter\Session\Handlers\FileHandler' driver.
INFO - 2024-07-25 06:32:00 --> Session: Class initialized using 'CodeIgniter\Session\Handlers\FileHandler' driver.
INFO - 2024-07-25 06:32:04 --> Session: Class initialized using 'CodeIgniter\Session\Handlers\FileHandler' driver.
INFO - 2024-07-25 06:32:26 --> Session: Class initialized using 'CodeIgniter\Session\Handlers\FileHandler' driver.
INFO - 2024-07-25 06:32:28 --> Session: Class initialized using 'CodeIgniter\Session\Handlers\FileHandler' driver.
INFO - 2024-07-25 06:32:31 --> Session: Class initialized using 'CodeIgniter\Session\Handlers\FileHandler' driver.
INFO - 2024-07-25 06:32:34 --> Session: Class initialized using 'CodeIgniter\Session\Handlers\FileHandler' driver.
INFO - 2024-07-25 06:32:38 --> Session: Class initialized using 'CodeIgniter\Session\Handlers\FileHandler' driver.
INFO - 2024-07-25 06:32:41 --> Session: Class initialized using 'CodeIgniter\Session\Handlers\FileHandler' driver.
INFO - 2024-07-25 06:32:54 --> Session: Class initialized using 'CodeIgniter\Session\Handlers\FileHandler' driver.
INFO - 2024-07-25 08:04:03 --> Session: Class initialized using 'CodeIgniter\Session\Handlers\FileHandler' driver.
INFO - 2024-07-25 08:04:08 --> Session: Class initialized using 'CodeIgniter\Session\Handlers\FileHandler' driver.
INFO - 2024-07-25 08:04:08 --> Session: Class initialized using 'CodeIgniter\Session\Handlers\FileHandler' driver.
INFO - 2024-07-25 08:04:11 --> Session: Class initialized using 'CodeIgniter\Session\Handlers\FileHandler' driver.
INFO - 2024-07-25 08:04:15 --> Session: Class initialized using 'CodeIgniter\Session\Handlers\FileHandler' driver.
INFO - 2024-07-25 08:04:19 --> Session: Class initialized using 'CodeIgniter\Session\Handlers\FileHandler' driver.
INFO - 2024-07-25 08:04:33 --> Session: Class initialized using 'CodeIgniter\Session\Handlers\FileHandler' driver.
INFO - 2024-07-25 08:04:33 --> Session: Class initialized using 'CodeIgniter\Session\Handlers\FileHandler' driver.
INFO - 2024-07-25 08:06:56 --> Session: Class initialized using 'CodeIgniter\Session\Handlers\FileHandler' driver.
INFO - 2024-07-25 08:07:01 --> CSRF token verified.
INFO - 2024-07-25 08:07:01 --> Session: Class initialized using 'CodeIgniter\Session\Handlers\FileHandler' driver.
INFO - 2024-07-25 08:07:01 --> Session: Class initialized using 'CodeIgniter\Session\Handlers\FileHandler' driver.
INFO - 2024-07-25 08:07:01 --> Session: Class initialized using 'CodeIgniter\Session\Handlers\FileHandler' driver.
INFO - 2024-07-25 08:07:11 --> Session: Class initialized using 'CodeIgniter\Session\Handlers\FileHandler' driver.
INFO - 2024-07-25 08:07:13 --> Session: Class initialized using 'CodeIgniter\Session\Handlers\FileHandler' driver.
INFO - 2024-07-25 08:10:10 --> Session: Class initialized using 'CodeIgniter\Session\Handlers\FileHandler' driver.
INFO - 2024-07-25 08:11:13 --> Session: Class initialized using 'CodeIgniter\Session\Handlers\FileHandler' driver.
CRITICAL - 2024-07-25 08:11:13 --> Undefined variable $kategori_videos
in APPPATH\Views\admin\kategori_videos\index.php on line 9.
 1 APPPATH\Views\admin\kategori_videos\index.php(9): CodeIgniter\Debug\Exceptions->errorHandler(2, 'Undefined variable $kategori_videos', 'C:\\laragon\\www\\member_pribadi_kadinkotamalang\\app\\Views\\admin\\kategori_videos\\index.php', 9)
 2 SYSTEMPATH\View\View.php(224): include('C:\\laragon\\www\\member_pribadi_kadinkotamalang\\app\\Views\\admin\\kategori_videos\\index.php')
 3 SYSTEMPATH\View\View.php(227): CodeIgniter\View\View->CodeIgniter\View\{closure}()
 4 SYSTEMPATH\Common.php(1180): CodeIgniter\View\View->render('admin/kategori_videos/index', [], true)
 5 APPPATH\Controllers\admin\KategoriVideoController.php(27): view('admin/kategori_videos/index', [...])
 6 SYSTEMPATH\CodeIgniter.php(932): App\Controllers\admin\KategoriVideoController->index()
 7 SYSTEMPATH\CodeIgniter.php(497): CodeIgniter\CodeIgniter->runController(Object(App\Controllers\admin\KategoriVideoController))
 8 SYSTEMPATH\CodeIgniter.php(366): CodeIgniter\CodeIgniter->handleRequest(null, Object(Config\Cache), false)
 9 FCPATH\index.php(67): CodeIgniter\CodeIgniter->run()
10 SYSTEMPATH\Commands\Server\rewrite.php(47): require_once('C:\\laragon\\www\\member_pribadi_kadinkotamalang\\public\\index.php')
INFO - 2024-07-25 08:11:53 --> Session: Class initialized using 'CodeIgniter\Session\Handlers\FileHandler' driver.
CRITICAL - 2024-07-25 08:11:53 --> Undefined variable $kategori_videos
in APPPATH\Views\admin\kategori_videos\index.php on line 9.
 1 APPPATH\Views\admin\kategori_videos\index.php(9): CodeIgniter\Debug\Exceptions->errorHandler(2, 'Undefined variable $kategori_videos', 'C:\\laragon\\www\\member_pribadi_kadinkotamalang\\app\\Views\\admin\\kategori_videos\\index.php', 9)
 2 SYSTEMPATH\View\View.php(224): include('C:\\laragon\\www\\member_pribadi_kadinkotamalang\\app\\Views\\admin\\kategori_videos\\index.php')
 3 SYSTEMPATH\View\View.php(227): CodeIgniter\View\View->CodeIgniter\View\{closure}()
 4 SYSTEMPATH\Common.php(1180): CodeIgniter\View\View->render('admin/kategori_videos/index', [], true)
 5 APPPATH\Controllers\admin\KategoriVideoController.php(27): view('admin/kategori_videos/index', [...])
 6 SYSTEMPATH\CodeIgniter.php(932): App\Controllers\admin\KategoriVideoController->index()
 7 SYSTEMPATH\CodeIgniter.php(497): CodeIgniter\CodeIgniter->runController(Object(App\Controllers\admin\KategoriVideoController))
 8 SYSTEMPATH\CodeIgniter.php(366): CodeIgniter\CodeIgniter->handleRequest(null, Object(Config\Cache), false)
 9 FCPATH\index.php(67): CodeIgniter\CodeIgniter->run()
10 SYSTEMPATH\Commands\Server\rewrite.php(47): require_once('C:\\laragon\\www\\member_pribadi_kadinkotamalang\\public\\index.php')
INFO - 2024-07-25 08:13:08 --> Session: Class initialized using 'CodeIgniter\Session\Handlers\FileHandler' driver.
INFO - 2024-07-25 08:16:11 --> Session: Class initialized using 'CodeIgniter\Session\Handlers\FileHandler' driver.
INFO - 2024-07-25 08:16:19 --> Session: Class initialized using 'CodeIgniter\Session\Handlers\FileHandler' driver.
INFO - 2024-07-25 08:17:05 --> Session: Class initialized using 'CodeIgniter\Session\Handlers\FileHandler' driver.
INFO - 2024-07-25 08:17:07 --> Session: Class initialized using 'CodeIgniter\Session\Handlers\FileHandler' driver.
INFO - 2024-07-25 08:17:10 --> Session: Class initialized using 'CodeIgniter\Session\Handlers\FileHandler' driver.
CRITICAL - 2024-07-25 08:17:10 --> Undefined variable $kategori_videos
in APPPATH\Views\admin\kategori_videos\index.php on line 9.
 1 APPPATH\Views\admin\kategori_videos\index.php(9): CodeIgniter\Debug\Exceptions->errorHandler(2, 'Undefined variable $kategori_videos', 'C:\\laragon\\www\\member_pribadi_kadinkotamalang\\app\\Views\\admin\\kategori_videos\\index.php', 9)
 2 SYSTEMPATH\View\View.php(224): include('C:\\laragon\\www\\member_pribadi_kadinkotamalang\\app\\Views\\admin\\kategori_videos\\index.php')
 3 SYSTEMPATH\View\View.php(227): CodeIgniter\View\View->CodeIgniter\View\{closure}()
 4 SYSTEMPATH\Common.php(1180): CodeIgniter\View\View->render('admin/kategori_videos/index', [], true)
 5 APPPATH\Controllers\admin\KategoriVideoController.php(37): view('admin/kategori_videos/index', [...])
 6 SYSTEMPATH\CodeIgniter.php(932): App\Controllers\admin\KategoriVideoController->index()
 7 SYSTEMPATH\CodeIgniter.php(497): CodeIgniter\CodeIgniter->runController(Object(App\Controllers\admin\KategoriVideoController))
 8 SYSTEMPATH\CodeIgniter.php(366): CodeIgniter\CodeIgniter->handleRequest(null, Object(Config\Cache), false)
 9 FCPATH\index.php(67): CodeIgniter\CodeIgniter->run()
10 SYSTEMPATH\Commands\Server\rewrite.php(47): require_once('C:\\laragon\\www\\member_pribadi_kadinkotamalang\\public\\index.php')
INFO - 2024-07-25 08:20:09 --> Session: Class initialized using 'CodeIgniter\Session\Handlers\FileHandler' driver.
CRITICAL - 2024-07-25 08:20:09 --> Undefined variable $kategori_videos
in APPPATH\Views\admin\kategori_videos\index.php on line 9.
 1 APPPATH\Views\admin\kategori_videos\index.php(9): CodeIgniter\Debug\Exceptions->errorHandler(2, 'Undefined variable $kategori_videos', 'C:\\laragon\\www\\member_pribadi_kadinkotamalang\\app\\Views\\admin\\kategori_videos\\index.php', 9)
 2 SYSTEMPATH\View\View.php(224): include('C:\\laragon\\www\\member_pribadi_kadinkotamalang\\app\\Views\\admin\\kategori_videos\\index.php')
 3 SYSTEMPATH\View\View.php(227): CodeIgniter\View\View->CodeIgniter\View\{closure}()
 4 SYSTEMPATH\Common.php(1180): CodeIgniter\View\View->render('admin/kategori_videos/index', [], true)
 5 APPPATH\Controllers\admin\KategoriVideoController.php(39): view('admin/kategori_videos/index', [...])
 6 SYSTEMPATH\CodeIgniter.php(932): App\Controllers\admin\KategoriVideoController->index()
 7 SYSTEMPATH\CodeIgniter.php(497): CodeIgniter\CodeIgniter->runController(Object(App\Controllers\admin\KategoriVideoController))
 8 SYSTEMPATH\CodeIgniter.php(366): CodeIgniter\CodeIgniter->handleRequest(null, Object(Config\Cache), false)
 9 FCPATH\index.php(67): CodeIgniter\CodeIgniter->run()
10 SYSTEMPATH\Commands\Server\rewrite.php(47): require_once('C:\\laragon\\www\\member_pribadi_kadinkotamalang\\public\\index.php')
INFO - 2024-07-25 08:20:11 --> Session: Class initialized using 'CodeIgniter\Session\Handlers\FileHandler' driver.
CRITICAL - 2024-07-25 08:20:11 --> Undefined variable $kategori_videos
in APPPATH\Views\admin\kategori_videos\index.php on line 9.
 1 APPPATH\Views\admin\kategori_videos\index.php(9): CodeIgniter\Debug\Exceptions->errorHandler(2, 'Undefined variable $kategori_videos', 'C:\\laragon\\www\\member_pribadi_kadinkotamalang\\app\\Views\\admin\\kategori_videos\\index.php', 9)
 2 SYSTEMPATH\View\View.php(224): include('C:\\laragon\\www\\member_pribadi_kadinkotamalang\\app\\Views\\admin\\kategori_videos\\index.php')
 3 SYSTEMPATH\View\View.php(227): CodeIgniter\View\View->CodeIgniter\View\{closure}()
 4 SYSTEMPATH\Common.php(1180): CodeIgniter\View\View->render('admin/kategori_videos/index', [], true)
 5 APPPATH\Controllers\admin\KategoriVideoController.php(39): view('admin/kategori_videos/index', [...])
 6 SYSTEMPATH\CodeIgniter.php(932): App\Controllers\admin\KategoriVideoController->index()
 7 SYSTEMPATH\CodeIgniter.php(497): CodeIgniter\CodeIgniter->runController(Object(App\Controllers\admin\KategoriVideoController))
 8 SYSTEMPATH\CodeIgniter.php(366): CodeIgniter\CodeIgniter->handleRequest(null, Object(Config\Cache), false)
 9 FCPATH\index.php(67): CodeIgniter\CodeIgniter->run()
10 SYSTEMPATH\Commands\Server\rewrite.php(47): require_once('C:\\laragon\\www\\member_pribadi_kadinkotamalang\\public\\index.php')
INFO - 2024-07-25 08:20:11 --> Session: Class initialized using 'CodeIgniter\Session\Handlers\FileHandler' driver.
CRITICAL - 2024-07-25 08:20:11 --> Undefined variable $kategori_videos
in APPPATH\Views\admin\kategori_videos\index.php on line 9.
 1 APPPATH\Views\admin\kategori_videos\index.php(9): CodeIgniter\Debug\Exceptions->errorHandler(2, 'Undefined variable $kategori_videos', 'C:\\laragon\\www\\member_pribadi_kadinkotamalang\\app\\Views\\admin\\kategori_videos\\index.php', 9)
 2 SYSTEMPATH\View\View.php(224): include('C:\\laragon\\www\\member_pribadi_kadinkotamalang\\app\\Views\\admin\\kategori_videos\\index.php')
 3 SYSTEMPATH\View\View.php(227): CodeIgniter\View\View->CodeIgniter\View\{closure}()
 4 SYSTEMPATH\Common.php(1180): CodeIgniter\View\View->render('admin/kategori_videos/index', [], true)
 5 APPPATH\Controllers\admin\KategoriVideoController.php(39): view('admin/kategori_videos/index', [...])
 6 SYSTEMPATH\CodeIgniter.php(932): App\Controllers\admin\KategoriVideoController->index()
 7 SYSTEMPATH\CodeIgniter.php(497): CodeIgniter\CodeIgniter->runController(Object(App\Controllers\admin\KategoriVideoController))
 8 SYSTEMPATH\CodeIgniter.php(366): CodeIgniter\CodeIgniter->handleRequest(null, Object(Config\Cache), false)
 9 FCPATH\index.php(67): CodeIgniter\CodeIgniter->run()
10 SYSTEMPATH\Commands\Server\rewrite.php(47): require_once('C:\\laragon\\www\\member_pribadi_kadinkotamalang\\public\\index.php')
INFO - 2024-07-25 08:20:12 --> Session: Class initialized using 'CodeIgniter\Session\Handlers\FileHandler' driver.
CRITICAL - 2024-07-25 08:20:12 --> Undefined variable $kategori_videos
in APPPATH\Views\admin\kategori_videos\index.php on line 9.
 1 APPPATH\Views\admin\kategori_videos\index.php(9): CodeIgniter\Debug\Exceptions->errorHandler(2, 'Undefined variable $kategori_videos', 'C:\\laragon\\www\\member_pribadi_kadinkotamalang\\app\\Views\\admin\\kategori_videos\\index.php', 9)
 2 SYSTEMPATH\View\View.php(224): include('C:\\laragon\\www\\member_pribadi_kadinkotamalang\\app\\Views\\admin\\kategori_videos\\index.php')
 3 SYSTEMPATH\View\View.php(227): CodeIgniter\View\View->CodeIgniter\View\{closure}()
 4 SYSTEMPATH\Common.php(1180): CodeIgniter\View\View->render('admin/kategori_videos/index', [], true)
 5 APPPATH\Controllers\admin\KategoriVideoController.php(39): view('admin/kategori_videos/index', [...])
 6 SYSTEMPATH\CodeIgniter.php(932): App\Controllers\admin\KategoriVideoController->index()
 7 SYSTEMPATH\CodeIgniter.php(497): CodeIgniter\CodeIgniter->runController(Object(App\Controllers\admin\KategoriVideoController))
 8 SYSTEMPATH\CodeIgniter.php(366): CodeIgniter\CodeIgniter->handleRequest(null, Object(Config\Cache), false)
 9 FCPATH\index.php(67): CodeIgniter\CodeIgniter->run()
10 SYSTEMPATH\Commands\Server\rewrite.php(47): require_once('C:\\laragon\\www\\member_pribadi_kadinkotamalang\\public\\index.php')
INFO - 2024-07-25 08:20:52 --> Session: Class initialized using 'CodeIgniter\Session\Handlers\FileHandler' driver.
CRITICAL - 2024-07-25 08:20:52 --> Undefined variable $kategori_videos
in APPPATH\Views\admin\kategori_videos\index.php on line 9.
 1 APPPATH\Views\admin\kategori_videos\index.php(9): CodeIgniter\Debug\Exceptions->errorHandler(2, 'Undefined variable $kategori_videos', 'C:\\laragon\\www\\member_pribadi_kadinkotamalang\\app\\Views\\admin\\kategori_videos\\index.php', 9)
 2 SYSTEMPATH\View\View.php(224): include('C:\\laragon\\www\\member_pribadi_kadinkotamalang\\app\\Views\\admin\\kategori_videos\\index.php')
 3 SYSTEMPATH\View\View.php(227): CodeIgniter\View\View->CodeIgniter\View\{closure}()
 4 SYSTEMPATH\Common.php(1180): CodeIgniter\View\View->render('admin/kategori_videos/index', [], true)
 5 APPPATH\Controllers\admin\KategoriVideoController.php(36): view('admin/kategori_videos/index', [...])
 6 SYSTEMPATH\CodeIgniter.php(932): App\Controllers\admin\KategoriVideoController->index()
 7 SYSTEMPATH\CodeIgniter.php(497): CodeIgniter\CodeIgniter->runController(Object(App\Controllers\admin\KategoriVideoController))
 8 SYSTEMPATH\CodeIgniter.php(366): CodeIgniter\CodeIgniter->handleRequest(null, Object(Config\Cache), false)
 9 FCPATH\index.php(67): CodeIgniter\CodeIgniter->run()
10 SYSTEMPATH\Commands\Server\rewrite.php(47): require_once('C:\\laragon\\www\\member_pribadi_kadinkotamalang\\public\\index.php')
INFO - 2024-07-25 08:20:54 --> Session: Class initialized using 'CodeIgniter\Session\Handlers\FileHandler' driver.
CRITICAL - 2024-07-25 08:20:54 --> Undefined variable $kategori_videos
in APPPATH\Views\admin\kategori_videos\index.php on line 9.
 1 APPPATH\Views\admin\kategori_videos\index.php(9): CodeIgniter\Debug\Exceptions->errorHandler(2, 'Undefined variable $kategori_videos', 'C:\\laragon\\www\\member_pribadi_kadinkotamalang\\app\\Views\\admin\\kategori_videos\\index.php', 9)
 2 SYSTEMPATH\View\View.php(224): include('C:\\laragon\\www\\member_pribadi_kadinkotamalang\\app\\Views\\admin\\kategori_videos\\index.php')
 3 SYSTEMPATH\View\View.php(227): CodeIgniter\View\View->CodeIgniter\View\{closure}()
 4 SYSTEMPATH\Common.php(1180): CodeIgniter\View\View->render('admin/kategori_videos/index', [], true)
 5 APPPATH\Controllers\admin\KategoriVideoController.php(36): view('admin/kategori_videos/index', [...])
 6 SYSTEMPATH\CodeIgniter.php(932): App\Controllers\admin\KategoriVideoController->index()
 7 SYSTEMPATH\CodeIgniter.php(497): CodeIgniter\CodeIgniter->runController(Object(App\Controllers\admin\KategoriVideoController))
 8 SYSTEMPATH\CodeIgniter.php(366): CodeIgniter\CodeIgniter->handleRequest(null, Object(Config\Cache), false)
 9 FCPATH\index.php(67): CodeIgniter\CodeIgniter->run()
10 SYSTEMPATH\Commands\Server\rewrite.php(47): require_once('C:\\laragon\\www\\member_pribadi_kadinkotamalang\\public\\index.php')
INFO - 2024-07-25 08:20:54 --> Session: Class initialized using 'CodeIgniter\Session\Handlers\FileHandler' driver.
CRITICAL - 2024-07-25 08:20:54 --> Undefined variable $kategori_videos
in APPPATH\Views\admin\kategori_videos\index.php on line 9.
 1 APPPATH\Views\admin\kategori_videos\index.php(9): CodeIgniter\Debug\Exceptions->errorHandler(2, 'Undefined variable $kategori_videos', 'C:\\laragon\\www\\member_pribadi_kadinkotamalang\\app\\Views\\admin\\kategori_videos\\index.php', 9)
 2 SYSTEMPATH\View\View.php(224): include('C:\\laragon\\www\\member_pribadi_kadinkotamalang\\app\\Views\\admin\\kategori_videos\\index.php')
 3 SYSTEMPATH\View\View.php(227): CodeIgniter\View\View->CodeIgniter\View\{closure}()
 4 SYSTEMPATH\Common.php(1180): CodeIgniter\View\View->render('admin/kategori_videos/index', [], true)
 5 APPPATH\Controllers\admin\KategoriVideoController.php(36): view('admin/kategori_videos/index', [...])
 6 SYSTEMPATH\CodeIgniter.php(932): App\Controllers\admin\KategoriVideoController->index()
 7 SYSTEMPATH\CodeIgniter.php(497): CodeIgniter\CodeIgniter->runController(Object(App\Controllers\admin\KategoriVideoController))
 8 SYSTEMPATH\CodeIgniter.php(366): CodeIgniter\CodeIgniter->handleRequest(null, Object(Config\Cache), false)
 9 FCPATH\index.php(67): CodeIgniter\CodeIgniter->run()
10 SYSTEMPATH\Commands\Server\rewrite.php(47): require_once('C:\\laragon\\www\\member_pribadi_kadinkotamalang\\public\\index.php')
INFO - 2024-07-25 08:20:54 --> Session: Class initialized using 'CodeIgniter\Session\Handlers\FileHandler' driver.
CRITICAL - 2024-07-25 08:20:54 --> Undefined variable $kategori_videos
in APPPATH\Views\admin\kategori_videos\index.php on line 9.
 1 APPPATH\Views\admin\kategori_videos\index.php(9): CodeIgniter\Debug\Exceptions->errorHandler(2, 'Undefined variable $kategori_videos', 'C:\\laragon\\www\\member_pribadi_kadinkotamalang\\app\\Views\\admin\\kategori_videos\\index.php', 9)
 2 SYSTEMPATH\View\View.php(224): include('C:\\laragon\\www\\member_pribadi_kadinkotamalang\\app\\Views\\admin\\kategori_videos\\index.php')
 3 SYSTEMPATH\View\View.php(227): CodeIgniter\View\View->CodeIgniter\View\{closure}()
 4 SYSTEMPATH\Common.php(1180): CodeIgniter\View\View->render('admin/kategori_videos/index', [], true)
 5 APPPATH\Controllers\admin\KategoriVideoController.php(36): view('admin/kategori_videos/index', [...])
 6 SYSTEMPATH\CodeIgniter.php(932): App\Controllers\admin\KategoriVideoController->index()
 7 SYSTEMPATH\CodeIgniter.php(497): CodeIgniter\CodeIgniter->runController(Object(App\Controllers\admin\KategoriVideoController))
 8 SYSTEMPATH\CodeIgniter.php(366): CodeIgniter\CodeIgniter->handleRequest(null, Object(Config\Cache), false)
 9 FCPATH\index.php(67): CodeIgniter\CodeIgniter->run()
10 SYSTEMPATH\Commands\Server\rewrite.php(47): require_once('C:\\laragon\\www\\member_pribadi_kadinkotamalang\\public\\index.php')
INFO - 2024-07-25 08:20:55 --> Session: Class initialized using 'CodeIgniter\Session\Handlers\FileHandler' driver.
CRITICAL - 2024-07-25 08:20:55 --> Undefined variable $kategori_videos
in APPPATH\Views\admin\kategori_videos\index.php on line 9.
 1 APPPATH\Views\admin\kategori_videos\index.php(9): CodeIgniter\Debug\Exceptions->errorHandler(2, 'Undefined variable $kategori_videos', 'C:\\laragon\\www\\member_pribadi_kadinkotamalang\\app\\Views\\admin\\kategori_videos\\index.php', 9)
 2 SYSTEMPATH\View\View.php(224): include('C:\\laragon\\www\\member_pribadi_kadinkotamalang\\app\\Views\\admin\\kategori_videos\\index.php')
 3 SYSTEMPATH\View\View.php(227): CodeIgniter\View\View->CodeIgniter\View\{closure}()
 4 SYSTEMPATH\Common.php(1180): CodeIgniter\View\View->render('admin/kategori_videos/index', [], true)
 5 APPPATH\Controllers\admin\KategoriVideoController.php(36): view('admin/kategori_videos/index', [...])
 6 SYSTEMPATH\CodeIgniter.php(932): App\Controllers\admin\KategoriVideoController->index()
 7 SYSTEMPATH\CodeIgniter.php(497): CodeIgniter\CodeIgniter->runController(Object(App\Controllers\admin\KategoriVideoController))
 8 SYSTEMPATH\CodeIgniter.php(366): CodeIgniter\CodeIgniter->handleRequest(null, Object(Config\Cache), false)
 9 FCPATH\index.php(67): CodeIgniter\CodeIgniter->run()
10 SYSTEMPATH\Commands\Server\rewrite.php(47): require_once('C:\\laragon\\www\\member_pribadi_kadinkotamalang\\public\\index.php')
INFO - 2024-07-25 08:20:55 --> Session: Class initialized using 'CodeIgniter\Session\Handlers\FileHandler' driver.
CRITICAL - 2024-07-25 08:20:55 --> Undefined variable $kategori_videos
in APPPATH\Views\admin\kategori_videos\index.php on line 9.
 1 APPPATH\Views\admin\kategori_videos\index.php(9): CodeIgniter\Debug\Exceptions->errorHandler(2, 'Undefined variable $kategori_videos', 'C:\\laragon\\www\\member_pribadi_kadinkotamalang\\app\\Views\\admin\\kategori_videos\\index.php', 9)
 2 SYSTEMPATH\View\View.php(224): include('C:\\laragon\\www\\member_pribadi_kadinkotamalang\\app\\Views\\admin\\kategori_videos\\index.php')
 3 SYSTEMPATH\View\View.php(227): CodeIgniter\View\View->CodeIgniter\View\{closure}()
 4 SYSTEMPATH\Common.php(1180): CodeIgniter\View\View->render('admin/kategori_videos/index', [], true)
 5 APPPATH\Controllers\admin\KategoriVideoController.php(36): view('admin/kategori_videos/index', [...])
 6 SYSTEMPATH\CodeIgniter.php(932): App\Controllers\admin\KategoriVideoController->index()
 7 SYSTEMPATH\CodeIgniter.php(497): CodeIgniter\CodeIgniter->runController(Object(App\Controllers\admin\KategoriVideoController))
 8 SYSTEMPATH\CodeIgniter.php(366): CodeIgniter\CodeIgniter->handleRequest(null, Object(Config\Cache), false)
 9 FCPATH\index.php(67): CodeIgniter\CodeIgniter->run()
10 SYSTEMPATH\Commands\Server\rewrite.php(47): require_once('C:\\laragon\\www\\member_pribadi_kadinkotamalang\\public\\index.php')
INFO - 2024-07-25 08:22:19 --> Session: Class initialized using 'CodeIgniter\Session\Handlers\FileHandler' driver.
INFO - 2024-07-25 08:23:39 --> Session: Class initialized using 'CodeIgniter\Session\Handlers\FileHandler' driver.
INFO - 2024-07-25 08:24:02 --> Session: Class initialized using 'CodeIgniter\Session\Handlers\FileHandler' driver.
INFO - 2024-07-25 08:24:07 --> Session: Class initialized using 'CodeIgniter\Session\Handlers\FileHandler' driver.
INFO - 2024-07-25 08:24:09 --> Session: Class initialized using 'CodeIgniter\Session\Handlers\FileHandler' driver.
INFO - 2024-07-25 08:24:10 --> Session: Class initialized using 'CodeIgniter\Session\Handlers\FileHandler' driver.
INFO - 2024-07-25 08:24:11 --> Session: Class initialized using 'CodeIgniter\Session\Handlers\FileHandler' driver.
INFO - 2024-07-25 08:24:11 --> Session: Class initialized using 'CodeIgniter\Session\Handlers\FileHandler' driver.
INFO - 2024-07-25 08:24:13 --> Session: Class initialized using 'CodeIgniter\Session\Handlers\FileHandler' driver.
INFO - 2024-07-25 08:24:17 --> Session: Class initialized using 'CodeIgniter\Session\Handlers\FileHandler' driver.
INFO - 2024-07-25 08:24:35 --> Session: Class initialized using 'CodeIgniter\Session\Handlers\FileHandler' driver.
INFO - 2024-07-25 08:25:37 --> Session: Class initialized using 'CodeIgniter\Session\Handlers\FileHandler' driver.
INFO - 2024-07-25 08:25:48 --> Session: Class initialized using 'CodeIgniter\Session\Handlers\FileHandler' driver.
INFO - 2024-07-25 08:25:51 --> Session: Class initialized using 'CodeIgniter\Session\Handlers\FileHandler' driver.
INFO - 2024-07-25 08:29:10 --> Session: Class initialized using 'CodeIgniter\Session\Handlers\FileHandler' driver.
INFO - 2024-07-25 08:29:26 --> Session: Class initialized using 'CodeIgniter\Session\Handlers\FileHandler' driver.
INFO - 2024-07-25 08:30:04 --> Session: Class initialized using 'CodeIgniter\Session\Handlers\FileHandler' driver.
INFO - 2024-07-25 08:30:24 --> Session: Class initialized using 'CodeIgniter\Session\Handlers\FileHandler' driver.
INFO - 2024-07-25 08:30:31 --> Session: Class initialized using 'CodeIgniter\Session\Handlers\FileHandler' driver.
INFO - 2024-07-25 08:30:36 --> Session: Class initialized using 'CodeIgniter\Session\Handlers\FileHandler' driver.
INFO - 2024-07-25 08:30:38 --> Session: Class initialized using 'CodeIgniter\Session\Handlers\FileHandler' driver.
INFO - 2024-07-25 08:30:43 --> Session: Class initialized using 'CodeIgniter\Session\Handlers\FileHandler' driver.
INFO - 2024-07-25 08:30:46 --> Session: Class initialized using 'CodeIgniter\Session\Handlers\FileHandler' driver.
INFO - 2024-07-25 08:30:52 --> CSRF token verified.
INFO - 2024-07-25 08:30:56 --> Session: Class initialized using 'CodeIgniter\Session\Handlers\FileHandler' driver.
INFO - 2024-07-25 08:31:11 --> CSRF token verified.
INFO - 2024-07-25 08:31:12 --> Session: Class initialized using 'CodeIgniter\Session\Handlers\FileHandler' driver.
INFO - 2024-07-25 08:32:02 --> CSRF token verified.
INFO - 2024-07-25 08:32:22 --> Session: Class initialized using 'CodeIgniter\Session\Handlers\FileHandler' driver.
INFO - 2024-07-25 08:32:25 --> CSRF token verified.
INFO - 2024-07-25 08:32:28 --> Session: Class initialized using 'CodeIgniter\Session\Handlers\FileHandler' driver.
INFO - 2024-07-25 08:34:42 --> CSRF token verified.
INFO - 2024-07-25 08:36:22 --> CSRF token verified.
INFO - 2024-07-25 08:36:25 --> Session: Class initialized using 'CodeIgniter\Session\Handlers\FileHandler' driver.
INFO - 2024-07-25 08:36:27 --> CSRF token verified.
INFO - 2024-07-25 08:38:10 --> CSRF token verified.
INFO - 2024-07-25 08:38:57 --> Session: Class initialized using 'CodeIgniter\Session\Handlers\FileHandler' driver.
INFO - 2024-07-25 08:39:49 --> CSRF token verified.
INFO - 2024-07-25 08:42:52 --> Session: Class initialized using 'CodeIgniter\Session\Handlers\FileHandler' driver.
INFO - 2024-07-25 08:42:52 --> Session: Class initialized using 'CodeIgniter\Session\Handlers\FileHandler' driver.
INFO - 2024-07-25 08:42:53 --> Session: Class initialized using 'CodeIgniter\Session\Handlers\FileHandler' driver.
INFO - 2024-07-25 08:43:02 --> Session: Class initialized using 'CodeIgniter\Session\Handlers\FileHandler' driver.
INFO - 2024-07-25 08:43:10 --> Session: Class initialized using 'CodeIgniter\Session\Handlers\FileHandler' driver.
INFO - 2024-07-25 08:43:48 --> Session: Class initialized using 'CodeIgniter\Session\Handlers\FileHandler' driver.
INFO - 2024-07-25 08:45:02 --> Session: Class initialized using 'CodeIgniter\Session\Handlers\FileHandler' driver.
INFO - 2024-07-25 08:45:09 --> Session: Class initialized using 'CodeIgniter\Session\Handlers\FileHandler' driver.
INFO - 2024-07-25 08:45:52 --> Session: Class initialized using 'CodeIgniter\Session\Handlers\FileHandler' driver.
INFO - 2024-07-25 08:45:54 --> Session: Class initialized using 'CodeIgniter\Session\Handlers\FileHandler' driver.
INFO - 2024-07-25 08:45:58 --> Session: Class initialized using 'CodeIgniter\Session\Handlers\FileHandler' driver.
INFO - 2024-07-25 08:46:03 --> Session: Class initialized using 'CodeIgniter\Session\Handlers\FileHandler' driver.
INFO - 2024-07-25 08:46:13 --> CSRF token verified.
INFO - 2024-07-25 08:46:49 --> Session: Class initialized using 'CodeIgniter\Session\Handlers\FileHandler' driver.
INFO - 2024-07-25 08:46:58 --> CSRF token verified.
INFO - 2024-07-25 08:48:48 --> Session: Class initialized using 'CodeIgniter\Session\Handlers\FileHandler' driver.
INFO - 2024-07-25 08:48:51 --> CSRF token verified.
INFO - 2024-07-25 08:48:56 --> Session: Class initialized using 'CodeIgniter\Session\Handlers\FileHandler' driver.
INFO - 2024-07-25 08:48:59 --> Session: Class initialized using 'CodeIgniter\Session\Handlers\FileHandler' driver.
INFO - 2024-07-25 08:49:04 --> Session: Class initialized using 'CodeIgniter\Session\Handlers\FileHandler' driver.
INFO - 2024-07-25 08:49:08 --> Session: Class initialized using 'CodeIgniter\Session\Handlers\FileHandler' driver.
INFO - 2024-07-25 08:49:12 --> Session: Class initialized using 'CodeIgniter\Session\Handlers\FileHandler' driver.
INFO - 2024-07-25 08:49:18 --> CSRF token verified.
INFO - 2024-07-25 08:52:09 --> Session: Class initialized using 'CodeIgniter\Session\Handlers\FileHandler' driver.
INFO - 2024-07-25 08:52:57 --> Session: Class initialized using 'CodeIgniter\Session\Handlers\FileHandler' driver.
INFO - 2024-07-25 08:53:00 --> Session: Class initialized using 'CodeIgniter\Session\Handlers\FileHandler' driver.
INFO - 2024-07-25 08:53:06 --> CSRF token verified.
INFO - 2024-07-25 09:01:29 --> Session: Class initialized using 'CodeIgniter\Session\Handlers\FileHandler' driver.
INFO - 2024-07-25 09:01:30 --> Session: Class initialized using 'CodeIgniter\Session\Handlers\FileHandler' driver.
INFO - 2024-07-25 09:01:33 --> Session: Class initialized using 'CodeIgniter\Session\Handlers\FileHandler' driver.
INFO - 2024-07-25 09:02:10 --> Session: Class initialized using 'CodeIgniter\Session\Handlers\FileHandler' driver.
INFO - 2024-07-25 09:02:16 --> Session: Class initialized using 'CodeIgniter\Session\Handlers\FileHandler' driver.
INFO - 2024-07-25 09:02:23 --> CSRF token verified.
INFO - 2024-07-25 09:02:28 --> Session: Class initialized using 'CodeIgniter\Session\Handlers\FileHandler' driver.
INFO - 2024-07-25 09:02:30 --> Session: Class initialized using 'CodeIgniter\Session\Handlers\FileHandler' driver.
INFO - 2024-07-25 09:02:33 --> Session: Class initialized using 'CodeIgniter\Session\Handlers\FileHandler' driver.
INFO - 2024-07-25 09:02:35 --> Session: Class initialized using 'CodeIgniter\Session\Handlers\FileHandler' driver.
INFO - 2024-07-25 09:02:36 --> Session: Class initialized using 'CodeIgniter\Session\Handlers\FileHandler' driver.
INFO - 2024-07-25 09:03:08 --> Session: Class initialized using 'CodeIgniter\Session\Handlers\FileHandler' driver.
INFO - 2024-07-25 09:04:31 --> Session: Class initialized using 'CodeIgniter\Session\Handlers\FileHandler' driver.
INFO - 2024-07-25 09:04:35 --> Session: Class initialized using 'CodeIgniter\Session\Handlers\FileHandler' driver.
