CRITICAL - 2023-07-20 03:53:51 --> The action you requested is not allowed.
in SYSTEMPATH\Security\Security.php on line 306.
 1 SYSTEMPATH\Security\Security.php(306): CodeIgniter\Security\Exceptions\SecurityException::forDisallowedAction()
 2 SYSTEMPATH\Filters\CSRF.php(55): CodeIgniter\Security\Security->verify(Object(CodeIgniter\HTTP\IncomingRequest))
 3 SYSTEMPATH\Filters\Filters.php(173): CodeIgniter\Filters\CSRF->before(Object(CodeIgniter\HTTP\IncomingRequest), null)
 4 SYSTEMPATH\CodeIgniter.php(471): CodeIgniter\Filters\Filters->run('profil/ubahProfil', 'before')
 5 SYSTEMPATH\CodeIgniter.php(366): CodeIgniter\CodeIgniter->handleRequest(null, Object(Config\Cache), false)
 6 FCPATH\index.php(67): CodeIgniter\CodeIgniter->run()
 7 SYSTEMPATH\Commands\Server\rewrite.php(47): require_once('C:\\xampp\\htdocs\\ci-news\\public\\index.php')
CRITICAL - 2023-07-20 03:55:38 --> The action you requested is not allowed.
in SYSTEMPATH\Security\Security.php on line 306.
 1 SYSTEMPATH\Security\Security.php(306): CodeIgniter\Security\Exceptions\SecurityException::forDisallowedAction()
 2 SYSTEMPATH\Filters\CSRF.php(55): CodeIgniter\Security\Security->verify(Object(CodeIgniter\HTTP\IncomingRequest))
 3 SYSTEMPATH\Filters\Filters.php(173): CodeIgniter\Filters\CSRF->before(Object(CodeIgniter\HTTP\IncomingRequest), null)
 4 SYSTEMPATH\CodeIgniter.php(471): CodeIgniter\Filters\Filters->run('profil/ubahProfil', 'before')
 5 SYSTEMPATH\CodeIgniter.php(366): CodeIgniter\CodeIgniter->handleRequest(null, Object(Config\Cache), false)
 6 FCPATH\index.php(67): CodeIgniter\CodeIgniter->run()
 7 SYSTEMPATH\Commands\Server\rewrite.php(47): require_once('C:\\xampp\\htdocs\\ci-news\\public\\index.php')
CRITICAL - 2023-07-20 04:04:05 --> The action you requested is not allowed.
in SYSTEMPATH\Security\Security.php on line 306.
 1 SYSTEMPATH\Security\Security.php(306): CodeIgniter\Security\Exceptions\SecurityException::forDisallowedAction()
 2 SYSTEMPATH\Filters\CSRF.php(55): CodeIgniter\Security\Security->verify(Object(CodeIgniter\HTTP\IncomingRequest))
 3 SYSTEMPATH\Filters\Filters.php(173): CodeIgniter\Filters\CSRF->before(Object(CodeIgniter\HTTP\IncomingRequest), null)
 4 SYSTEMPATH\CodeIgniter.php(471): CodeIgniter\Filters\Filters->run('profil/ubahProfil', 'before')
 5 SYSTEMPATH\CodeIgniter.php(366): CodeIgniter\CodeIgniter->handleRequest(null, Object(Config\Cache), false)
 6 FCPATH\index.php(67): CodeIgniter\CodeIgniter->run()
 7 SYSTEMPATH\Commands\Server\rewrite.php(47): require_once('C:\\xampp\\htdocs\\ci-news\\public\\index.php')
CRITICAL - 2023-07-20 04:06:10 --> The action you requested is not allowed.
in SYSTEMPATH\Security\Security.php on line 306.
 1 SYSTEMPATH\Security\Security.php(306): CodeIgniter\Security\Exceptions\SecurityException::forDisallowedAction()
 2 SYSTEMPATH\Filters\CSRF.php(55): CodeIgniter\Security\Security->verify(Object(CodeIgniter\HTTP\IncomingRequest))
 3 SYSTEMPATH\Filters\Filters.php(173): CodeIgniter\Filters\CSRF->before(Object(CodeIgniter\HTTP\IncomingRequest), null)
 4 SYSTEMPATH\CodeIgniter.php(471): CodeIgniter\Filters\Filters->run('account/ubahProfilPerusahaan', 'before')
 5 SYSTEMPATH\CodeIgniter.php(366): CodeIgniter\CodeIgniter->handleRequest(null, Object(Config\Cache), false)
 6 FCPATH\index.php(67): CodeIgniter\CodeIgniter->run()
 7 SYSTEMPATH\Commands\Server\rewrite.php(47): require_once('C:\\xampp\\htdocs\\ci-news\\public\\index.php')
CRITICAL - 2023-07-20 04:16:51 --> The action you requested is not allowed.
in SYSTEMPATH\Security\Security.php on line 306.
 1 SYSTEMPATH\Security\Security.php(306): CodeIgniter\Security\Exceptions\SecurityException::forDisallowedAction()
 2 SYSTEMPATH\Filters\CSRF.php(55): CodeIgniter\Security\Security->verify(Object(CodeIgniter\HTTP\IncomingRequest))
 3 SYSTEMPATH\Filters\Filters.php(173): CodeIgniter\Filters\CSRF->before(Object(CodeIgniter\HTTP\IncomingRequest), null)
 4 SYSTEMPATH\CodeIgniter.php(471): CodeIgniter\Filters\Filters->run('account/ubahProfilPerusahaan', 'before')
 5 SYSTEMPATH\CodeIgniter.php(366): CodeIgniter\CodeIgniter->handleRequest(null, Object(Config\Cache), false)
 6 FCPATH\index.php(67): CodeIgniter\CodeIgniter->run()
 7 SYSTEMPATH\Commands\Server\rewrite.php(47): require_once('C:\\xampp\\htdocs\\ci-news\\public\\index.php')
CRITICAL - 2023-07-20 04:48:05 --> Undefined variable $profil_pengguna
in APPPATH\Views\account.php on line 367.
 1 APPPATH\Views\account.php(367): CodeIgniter\Debug\Exceptions->errorHandler(2, 'Undefined variable $profil_pengguna', 'C:\\xampp\\htdocs\\ci-news\\app\\Views\\account.php', 367)
 2 SYSTEMPATH\View\View.php(224): include('C:\\xampp\\htdocs\\ci-news\\app\\Views\\account.php')
 3 SYSTEMPATH\View\View.php(227): CodeIgniter\View\View->CodeIgniter\View\{closure}()
 4 SYSTEMPATH\Common.php(1180): CodeIgniter\View\View->render('account', [], true)
 5 APPPATH\Config\Routes.php(64): view('account')
 6 SYSTEMPATH\CodeIgniter.php(881): CodeIgniter\Router\RouteCollection->Config\{closure}()
 7 SYSTEMPATH\CodeIgniter.php(484): CodeIgniter\CodeIgniter->startController()
 8 SYSTEMPATH\CodeIgniter.php(366): CodeIgniter\CodeIgniter->handleRequest(null, Object(Config\Cache), false)
 9 FCPATH\index.php(67): CodeIgniter\CodeIgniter->run()
10 SYSTEMPATH\Commands\Server\rewrite.php(47): require_once('C:\\xampp\\htdocs\\ci-news\\public\\index.php')
CRITICAL - 2023-07-20 05:00:31 --> Undefined constant "sessionData"
in APPPATH\Views\account.php on line 359.
 1 SYSTEMPATH\View\View.php(224): include()
 2 SYSTEMPATH\View\View.php(227): CodeIgniter\View\View->CodeIgniter\View\{closure}()
 3 SYSTEMPATH\Common.php(1180): CodeIgniter\View\View->render('account', [], true)
 4 APPPATH\Config\Routes.php(64): view('account')
 5 SYSTEMPATH\CodeIgniter.php(881): CodeIgniter\Router\RouteCollection->Config\{closure}()
 6 SYSTEMPATH\CodeIgniter.php(484): CodeIgniter\CodeIgniter->startController()
 7 SYSTEMPATH\CodeIgniter.php(366): CodeIgniter\CodeIgniter->handleRequest(null, Object(Config\Cache), false)
 8 FCPATH\index.php(67): CodeIgniter\CodeIgniter->run()
 9 SYSTEMPATH\Commands\Server\rewrite.php(47): require_once('C:\\xampp\\htdocs\\ci-news\\public\\index.php')
CRITICAL - 2023-07-20 05:04:56 --> Undefined variable $profil_pengguna
in APPPATH\Views\vw_ubah_profil.php on line 342.
 1 APPPATH\Views\vw_ubah_profil.php(342): CodeIgniter\Debug\Exceptions->errorHandler(2, 'Undefined variable $profil_pengguna', 'C:\\xampp\\htdocs\\ci-news\\app\\Views\\vw_ubah_profil.php', 342)
 2 SYSTEMPATH\View\View.php(224): include('C:\\xampp\\htdocs\\ci-news\\app\\Views\\vw_ubah_profil.php')
 3 SYSTEMPATH\View\View.php(227): CodeIgniter\View\View->CodeIgniter\View\{closure}()
 4 SYSTEMPATH\Common.php(1180): CodeIgniter\View\View->render('vw_ubah_profil', [], true)
 5 APPPATH\Controllers\Profil.php(40): view('vw_ubah_profil', [...])
 6 SYSTEMPATH\CodeIgniter.php(932): App\Controllers\Profil->ubahProfilPerusahaan()
 7 SYSTEMPATH\CodeIgniter.php(497): CodeIgniter\CodeIgniter->runController(Object(App\Controllers\Profil))
 8 SYSTEMPATH\CodeIgniter.php(366): CodeIgniter\CodeIgniter->handleRequest(null, Object(Config\Cache), false)
 9 FCPATH\index.php(67): CodeIgniter\CodeIgniter->run()
10 SYSTEMPATH\Commands\Server\rewrite.php(47): require_once('C:\\xampp\\htdocs\\ci-news\\public\\index.php')
CRITICAL - 2023-07-20 05:04:58 --> Undefined constant "sessionData"
in APPPATH\Views\account.php on line 359.
 1 SYSTEMPATH\View\View.php(224): include()
 2 SYSTEMPATH\View\View.php(227): CodeIgniter\View\View->CodeIgniter\View\{closure}()
 3 SYSTEMPATH\Common.php(1180): CodeIgniter\View\View->render('account', [], true)
 4 APPPATH\Config\Routes.php(64): view('account')
 5 SYSTEMPATH\CodeIgniter.php(881): CodeIgniter\Router\RouteCollection->Config\{closure}()
 6 SYSTEMPATH\CodeIgniter.php(484): CodeIgniter\CodeIgniter->startController()
 7 SYSTEMPATH\CodeIgniter.php(366): CodeIgniter\CodeIgniter->handleRequest(null, Object(Config\Cache), false)
 8 FCPATH\index.php(67): CodeIgniter\CodeIgniter->run()
 9 SYSTEMPATH\Commands\Server\rewrite.php(47): require_once('C:\\xampp\\htdocs\\ci-news\\public\\index.php')
CRITICAL - 2023-07-20 05:05:00 --> Undefined constant "sessionData"
in APPPATH\Views\account.php on line 359.
 1 SYSTEMPATH\View\View.php(224): include()
 2 SYSTEMPATH\View\View.php(227): CodeIgniter\View\View->CodeIgniter\View\{closure}()
 3 SYSTEMPATH\Common.php(1180): CodeIgniter\View\View->render('account', [], true)
 4 APPPATH\Config\Routes.php(64): view('account')
 5 SYSTEMPATH\CodeIgniter.php(881): CodeIgniter\Router\RouteCollection->Config\{closure}()
 6 SYSTEMPATH\CodeIgniter.php(484): CodeIgniter\CodeIgniter->startController()
 7 SYSTEMPATH\CodeIgniter.php(366): CodeIgniter\CodeIgniter->handleRequest(null, Object(Config\Cache), false)
 8 FCPATH\index.php(67): CodeIgniter\CodeIgniter->run()
 9 SYSTEMPATH\Commands\Server\rewrite.php(47): require_once('C:\\xampp\\htdocs\\ci-news\\public\\index.php')
CRITICAL - 2023-07-20 05:05:01 --> Undefined variable $profil_pengguna
in APPPATH\Views\vw_ubah_profil.php on line 342.
 1 APPPATH\Views\vw_ubah_profil.php(342): CodeIgniter\Debug\Exceptions->errorHandler(2, 'Undefined variable $profil_pengguna', 'C:\\xampp\\htdocs\\ci-news\\app\\Views\\vw_ubah_profil.php', 342)
 2 SYSTEMPATH\View\View.php(224): include('C:\\xampp\\htdocs\\ci-news\\app\\Views\\vw_ubah_profil.php')
 3 SYSTEMPATH\View\View.php(227): CodeIgniter\View\View->CodeIgniter\View\{closure}()
 4 SYSTEMPATH\Common.php(1180): CodeIgniter\View\View->render('vw_ubah_profil', [], true)
 5 APPPATH\Controllers\Profil.php(40): view('vw_ubah_profil', [...])
 6 SYSTEMPATH\CodeIgniter.php(932): App\Controllers\Profil->ubahProfilPerusahaan()
 7 SYSTEMPATH\CodeIgniter.php(497): CodeIgniter\CodeIgniter->runController(Object(App\Controllers\Profil))
 8 SYSTEMPATH\CodeIgniter.php(366): CodeIgniter\CodeIgniter->handleRequest(null, Object(Config\Cache), false)
 9 FCPATH\index.php(67): CodeIgniter\CodeIgniter->run()
10 SYSTEMPATH\Commands\Server\rewrite.php(47): require_once('C:\\xampp\\htdocs\\ci-news\\public\\index.php')
CRITICAL - 2023-07-20 05:05:17 --> Undefined constant "sessionData"
in APPPATH\Views\account.php on line 359.
 1 SYSTEMPATH\View\View.php(224): include()
 2 SYSTEMPATH\View\View.php(227): CodeIgniter\View\View->CodeIgniter\View\{closure}()
 3 SYSTEMPATH\Common.php(1180): CodeIgniter\View\View->render('account', [], true)
 4 APPPATH\Config\Routes.php(64): view('account')
 5 SYSTEMPATH\CodeIgniter.php(881): CodeIgniter\Router\RouteCollection->Config\{closure}()
 6 SYSTEMPATH\CodeIgniter.php(484): CodeIgniter\CodeIgniter->startController()
 7 SYSTEMPATH\CodeIgniter.php(366): CodeIgniter\CodeIgniter->handleRequest(null, Object(Config\Cache), false)
 8 FCPATH\index.php(67): CodeIgniter\CodeIgniter->run()
 9 SYSTEMPATH\Commands\Server\rewrite.php(47): require_once('C:\\xampp\\htdocs\\ci-news\\public\\index.php')
CRITICAL - 2023-07-20 05:05:18 --> Undefined constant "sessionData"
in APPPATH\Views\account.php on line 359.
 1 SYSTEMPATH\View\View.php(224): include()
 2 SYSTEMPATH\View\View.php(227): CodeIgniter\View\View->CodeIgniter\View\{closure}()
 3 SYSTEMPATH\Common.php(1180): CodeIgniter\View\View->render('account', [], true)
 4 APPPATH\Config\Routes.php(64): view('account')
 5 SYSTEMPATH\CodeIgniter.php(881): CodeIgniter\Router\RouteCollection->Config\{closure}()
 6 SYSTEMPATH\CodeIgniter.php(484): CodeIgniter\CodeIgniter->startController()
 7 SYSTEMPATH\CodeIgniter.php(366): CodeIgniter\CodeIgniter->handleRequest(null, Object(Config\Cache), false)
 8 FCPATH\index.php(67): CodeIgniter\CodeIgniter->run()
 9 SYSTEMPATH\Commands\Server\rewrite.php(47): require_once('C:\\xampp\\htdocs\\ci-news\\public\\index.php')
CRITICAL - 2023-07-20 05:05:21 --> Undefined variable $profil_pengguna
in APPPATH\Views\vw_ubah_profil.php on line 342.
 1 APPPATH\Views\vw_ubah_profil.php(342): CodeIgniter\Debug\Exceptions->errorHandler(2, 'Undefined variable $profil_pengguna', 'C:\\xampp\\htdocs\\ci-news\\app\\Views\\vw_ubah_profil.php', 342)
 2 SYSTEMPATH\View\View.php(224): include('C:\\xampp\\htdocs\\ci-news\\app\\Views\\vw_ubah_profil.php')
 3 SYSTEMPATH\View\View.php(227): CodeIgniter\View\View->CodeIgniter\View\{closure}()
 4 SYSTEMPATH\Common.php(1180): CodeIgniter\View\View->render('vw_ubah_profil', [], true)
 5 APPPATH\Controllers\Profil.php(40): view('vw_ubah_profil', [...])
 6 SYSTEMPATH\CodeIgniter.php(932): App\Controllers\Profil->ubahProfilPerusahaan()
 7 SYSTEMPATH\CodeIgniter.php(497): CodeIgniter\CodeIgniter->runController(Object(App\Controllers\Profil))
 8 SYSTEMPATH\CodeIgniter.php(366): CodeIgniter\CodeIgniter->handleRequest(null, Object(Config\Cache), false)
 9 FCPATH\index.php(67): CodeIgniter\CodeIgniter->run()
10 SYSTEMPATH\Commands\Server\rewrite.php(47): require_once('C:\\xampp\\htdocs\\ci-news\\public\\index.php')
CRITICAL - 2023-07-20 05:05:24 --> Undefined constant "sessionData"
in APPPATH\Views\account.php on line 359.
 1 SYSTEMPATH\View\View.php(224): include()
 2 SYSTEMPATH\View\View.php(227): CodeIgniter\View\View->CodeIgniter\View\{closure}()
 3 SYSTEMPATH\Common.php(1180): CodeIgniter\View\View->render('account', [], true)
 4 APPPATH\Config\Routes.php(64): view('account')
 5 SYSTEMPATH\CodeIgniter.php(881): CodeIgniter\Router\RouteCollection->Config\{closure}()
 6 SYSTEMPATH\CodeIgniter.php(484): CodeIgniter\CodeIgniter->startController()
 7 SYSTEMPATH\CodeIgniter.php(366): CodeIgniter\CodeIgniter->handleRequest(null, Object(Config\Cache), false)
 8 FCPATH\index.php(67): CodeIgniter\CodeIgniter->run()
 9 SYSTEMPATH\Commands\Server\rewrite.php(47): require_once('C:\\xampp\\htdocs\\ci-news\\public\\index.php')
CRITICAL - 2023-07-20 05:05:27 --> Undefined variable $profil_pengguna
in APPPATH\Views\vw_ubah_profil.php on line 342.
 1 APPPATH\Views\vw_ubah_profil.php(342): CodeIgniter\Debug\Exceptions->errorHandler(2, 'Undefined variable $profil_pengguna', 'C:\\xampp\\htdocs\\ci-news\\app\\Views\\vw_ubah_profil.php', 342)
 2 SYSTEMPATH\View\View.php(224): include('C:\\xampp\\htdocs\\ci-news\\app\\Views\\vw_ubah_profil.php')
 3 SYSTEMPATH\View\View.php(227): CodeIgniter\View\View->CodeIgniter\View\{closure}()
 4 SYSTEMPATH\Common.php(1180): CodeIgniter\View\View->render('vw_ubah_profil', [], true)
 5 APPPATH\Controllers\Profil.php(40): view('vw_ubah_profil', [...])
 6 SYSTEMPATH\CodeIgniter.php(932): App\Controllers\Profil->ubahProfilPerusahaan()
 7 SYSTEMPATH\CodeIgniter.php(497): CodeIgniter\CodeIgniter->runController(Object(App\Controllers\Profil))
 8 SYSTEMPATH\CodeIgniter.php(366): CodeIgniter\CodeIgniter->handleRequest(null, Object(Config\Cache), false)
 9 FCPATH\index.php(67): CodeIgniter\CodeIgniter->run()
10 SYSTEMPATH\Commands\Server\rewrite.php(47): require_once('C:\\xampp\\htdocs\\ci-news\\public\\index.php')
CRITICAL - 2023-07-20 05:06:07 --> Undefined variable $profil_pengguna
in APPPATH\Views\vw_ubah_profil.php on line 342.
 1 APPPATH\Views\vw_ubah_profil.php(342): CodeIgniter\Debug\Exceptions->errorHandler(2, 'Undefined variable $profil_pengguna', 'C:\\xampp\\htdocs\\ci-news\\app\\Views\\vw_ubah_profil.php', 342)
 2 SYSTEMPATH\View\View.php(224): include('C:\\xampp\\htdocs\\ci-news\\app\\Views\\vw_ubah_profil.php')
 3 SYSTEMPATH\View\View.php(227): CodeIgniter\View\View->CodeIgniter\View\{closure}()
 4 SYSTEMPATH\Common.php(1180): CodeIgniter\View\View->render('vw_ubah_profil', [], true)
 5 APPPATH\Controllers\Profil.php(40): view('vw_ubah_profil', [...])
 6 SYSTEMPATH\CodeIgniter.php(932): App\Controllers\Profil->ubahProfilPerusahaan()
 7 SYSTEMPATH\CodeIgniter.php(497): CodeIgniter\CodeIgniter->runController(Object(App\Controllers\Profil))
 8 SYSTEMPATH\CodeIgniter.php(366): CodeIgniter\CodeIgniter->handleRequest(null, Object(Config\Cache), false)
 9 FCPATH\index.php(67): CodeIgniter\CodeIgniter->run()
10 SYSTEMPATH\Commands\Server\rewrite.php(47): require_once('C:\\xampp\\htdocs\\ci-news\\public\\index.php')
CRITICAL - 2023-07-20 05:10:58 --> Undefined variable $profil_pengguna
in APPPATH\Views\vw_ubah_profil.php on line 342.
 1 APPPATH\Views\vw_ubah_profil.php(342): CodeIgniter\Debug\Exceptions->errorHandler(2, 'Undefined variable $profil_pengguna', 'C:\\xampp\\htdocs\\ci-news\\app\\Views\\vw_ubah_profil.php', 342)
 2 SYSTEMPATH\View\View.php(224): include('C:\\xampp\\htdocs\\ci-news\\app\\Views\\vw_ubah_profil.php')
 3 SYSTEMPATH\View\View.php(227): CodeIgniter\View\View->CodeIgniter\View\{closure}()
 4 SYSTEMPATH\Common.php(1180): CodeIgniter\View\View->render('vw_ubah_profil', [], true)
 5 APPPATH\Controllers\Profil.php(40): view('vw_ubah_profil', [...])
 6 SYSTEMPATH\CodeIgniter.php(932): App\Controllers\Profil->ubahProfilPerusahaan()
 7 SYSTEMPATH\CodeIgniter.php(497): CodeIgniter\CodeIgniter->runController(Object(App\Controllers\Profil))
 8 SYSTEMPATH\CodeIgniter.php(366): CodeIgniter\CodeIgniter->handleRequest(null, Object(Config\Cache), false)
 9 FCPATH\index.php(67): CodeIgniter\CodeIgniter->run()
10 SYSTEMPATH\Commands\Server\rewrite.php(47): require_once('C:\\xampp\\htdocs\\ci-news\\public\\index.php')
CRITICAL - 2023-07-20 05:11:29 --> Undefined variable $sessionData
in APPPATH\Views\account.php on line 359.
 1 APPPATH\Views\account.php(359): CodeIgniter\Debug\Exceptions->errorHandler(2, 'Undefined variable $sessionData', 'C:\\xampp\\htdocs\\ci-news\\app\\Views\\account.php', 359)
 2 SYSTEMPATH\View\View.php(224): include('C:\\xampp\\htdocs\\ci-news\\app\\Views\\account.php')
 3 SYSTEMPATH\View\View.php(227): CodeIgniter\View\View->CodeIgniter\View\{closure}()
 4 SYSTEMPATH\Common.php(1180): CodeIgniter\View\View->render('account', [], true)
 5 APPPATH\Config\Routes.php(64): view('account')
 6 SYSTEMPATH\CodeIgniter.php(881): CodeIgniter\Router\RouteCollection->Config\{closure}()
 7 SYSTEMPATH\CodeIgniter.php(484): CodeIgniter\CodeIgniter->startController()
 8 SYSTEMPATH\CodeIgniter.php(366): CodeIgniter\CodeIgniter->handleRequest(null, Object(Config\Cache), false)
 9 FCPATH\index.php(67): CodeIgniter\CodeIgniter->run()
10 SYSTEMPATH\Commands\Server\rewrite.php(47): require_once('C:\\xampp\\htdocs\\ci-news\\public\\index.php')
CRITICAL - 2023-07-20 05:13:45 --> Undefined variable $profil_pengguna
in APPPATH\Views\vw_ubah_profil.php on line 342.
 1 APPPATH\Views\vw_ubah_profil.php(342): CodeIgniter\Debug\Exceptions->errorHandler(2, 'Undefined variable $profil_pengguna', 'C:\\xampp\\htdocs\\ci-news\\app\\Views\\vw_ubah_profil.php', 342)
 2 SYSTEMPATH\View\View.php(224): include('C:\\xampp\\htdocs\\ci-news\\app\\Views\\vw_ubah_profil.php')
 3 SYSTEMPATH\View\View.php(227): CodeIgniter\View\View->CodeIgniter\View\{closure}()
 4 SYSTEMPATH\Common.php(1180): CodeIgniter\View\View->render('vw_ubah_profil', [], true)
 5 APPPATH\Controllers\Profil.php(40): view('vw_ubah_profil', [...])
 6 SYSTEMPATH\CodeIgniter.php(932): App\Controllers\Profil->ubahProfilPerusahaan()
 7 SYSTEMPATH\CodeIgniter.php(497): CodeIgniter\CodeIgniter->runController(Object(App\Controllers\Profil))
 8 SYSTEMPATH\CodeIgniter.php(366): CodeIgniter\CodeIgniter->handleRequest(null, Object(Config\Cache), false)
 9 FCPATH\index.php(67): CodeIgniter\CodeIgniter->run()
10 SYSTEMPATH\Commands\Server\rewrite.php(47): require_once('C:\\xampp\\htdocs\\ci-news\\public\\index.php')
CRITICAL - 2023-07-20 05:13:46 --> Undefined variable $sessionData
in APPPATH\Views\account.php on line 359.
 1 APPPATH\Views\account.php(359): CodeIgniter\Debug\Exceptions->errorHandler(2, 'Undefined variable $sessionData', 'C:\\xampp\\htdocs\\ci-news\\app\\Views\\account.php', 359)
 2 SYSTEMPATH\View\View.php(224): include('C:\\xampp\\htdocs\\ci-news\\app\\Views\\account.php')
 3 SYSTEMPATH\View\View.php(227): CodeIgniter\View\View->CodeIgniter\View\{closure}()
 4 SYSTEMPATH\Common.php(1180): CodeIgniter\View\View->render('account', [], true)
 5 APPPATH\Config\Routes.php(64): view('account')
 6 SYSTEMPATH\CodeIgniter.php(881): CodeIgniter\Router\RouteCollection->Config\{closure}()
 7 SYSTEMPATH\CodeIgniter.php(484): CodeIgniter\CodeIgniter->startController()
 8 SYSTEMPATH\CodeIgniter.php(366): CodeIgniter\CodeIgniter->handleRequest(null, Object(Config\Cache), false)
 9 FCPATH\index.php(67): CodeIgniter\CodeIgniter->run()
10 SYSTEMPATH\Commands\Server\rewrite.php(47): require_once('C:\\xampp\\htdocs\\ci-news\\public\\index.php')
CRITICAL - 2023-07-20 05:16:43 --> Undefined variable $sessionData
in APPPATH\Views\account.php on line 359.
 1 APPPATH\Views\account.php(359): CodeIgniter\Debug\Exceptions->errorHandler(2, 'Undefined variable $sessionData', 'C:\\xampp\\htdocs\\ci-news\\app\\Views\\account.php', 359)
 2 SYSTEMPATH\View\View.php(224): include('C:\\xampp\\htdocs\\ci-news\\app\\Views\\account.php')
 3 SYSTEMPATH\View\View.php(227): CodeIgniter\View\View->CodeIgniter\View\{closure}()
 4 SYSTEMPATH\Common.php(1180): CodeIgniter\View\View->render('account', [], true)
 5 APPPATH\Config\Routes.php(64): view('account')
 6 SYSTEMPATH\CodeIgniter.php(881): CodeIgniter\Router\RouteCollection->Config\{closure}()
 7 SYSTEMPATH\CodeIgniter.php(484): CodeIgniter\CodeIgniter->startController()
 8 SYSTEMPATH\CodeIgniter.php(366): CodeIgniter\CodeIgniter->handleRequest(null, Object(Config\Cache), false)
 9 FCPATH\index.php(67): CodeIgniter\CodeIgniter->run()
10 SYSTEMPATH\Commands\Server\rewrite.php(47): require_once('C:\\xampp\\htdocs\\ci-news\\public\\index.php')
CRITICAL - 2023-07-20 05:16:48 --> Undefined variable $sessionData
in APPPATH\Views\account.php on line 359.
 1 APPPATH\Views\account.php(359): CodeIgniter\Debug\Exceptions->errorHandler(2, 'Undefined variable $sessionData', 'C:\\xampp\\htdocs\\ci-news\\app\\Views\\account.php', 359)
 2 SYSTEMPATH\View\View.php(224): include('C:\\xampp\\htdocs\\ci-news\\app\\Views\\account.php')
 3 SYSTEMPATH\View\View.php(227): CodeIgniter\View\View->CodeIgniter\View\{closure}()
 4 SYSTEMPATH\Common.php(1180): CodeIgniter\View\View->render('account', [], true)
 5 APPPATH\Config\Routes.php(64): view('account')
 6 SYSTEMPATH\CodeIgniter.php(881): CodeIgniter\Router\RouteCollection->Config\{closure}()
 7 SYSTEMPATH\CodeIgniter.php(484): CodeIgniter\CodeIgniter->startController()
 8 SYSTEMPATH\CodeIgniter.php(366): CodeIgniter\CodeIgniter->handleRequest(null, Object(Config\Cache), false)
 9 FCPATH\index.php(67): CodeIgniter\CodeIgniter->run()
10 SYSTEMPATH\Commands\Server\rewrite.php(47): require_once('C:\\xampp\\htdocs\\ci-news\\public\\index.php')
