INFO - 2023-09-13 02:39:14 --> Session: Class initialized using 'CodeIgniter\Session\Handlers\FileHandler' driver.
INFO - 2023-09-13 02:39:16 --> Session: Class initialized using 'CodeIgniter\Session\Handlers\FileHandler' driver.
INFO - 2023-09-13 03:04:34 --> Session: Class initialized using 'CodeIgniter\Session\Handlers\FileHandler' driver.
INFO - 2023-09-13 03:15:11 --> Session: Class initialized using 'CodeIgniter\Session\Handlers\FileHandler' driver.
INFO - 2023-09-13 03:15:25 --> Session: Class initialized using 'CodeIgniter\Session\Handlers\FileHandler' driver.
INFO - 2023-09-13 03:15:29 --> Session: Class initialized using 'CodeIgniter\Session\Handlers\FileHandler' driver.
INFO - 2023-09-13 03:15:32 --> Session: Class initialized using 'CodeIgniter\Session\Handlers\FileHandler' driver.
INFO - 2023-09-13 03:15:33 --> Session: Class initialized using 'CodeIgniter\Session\Handlers\FileHandler' driver.
INFO - 2023-09-13 03:15:35 --> Session: Class initialized using 'CodeIgniter\Session\Handlers\FileHandler' driver.
INFO - 2023-09-13 03:20:25 --> Session: Class initialized using 'CodeIgniter\Session\Handlers\FileHandler' driver.
INFO - 2023-09-13 03:20:25 --> Session: Class initialized using 'CodeIgniter\Session\Handlers\FileHandler' driver.
INFO - 2023-09-13 03:20:33 --> Session: Class initialized using 'CodeIgniter\Session\Handlers\FileHandler' driver.
INFO - 2023-09-13 03:20:33 --> Session: Class initialized using 'CodeIgniter\Session\Handlers\FileHandler' driver.
INFO - 2023-09-13 03:23:37 --> Session: Class initialized using 'CodeIgniter\Session\Handlers\FileHandler' driver.
INFO - 2023-09-13 03:23:37 --> Session: Class initialized using 'CodeIgniter\Session\Handlers\FileHandler' driver.
INFO - 2023-09-13 03:23:46 --> CSRF token verified.
INFO - 2023-09-13 03:23:46 --> Session: Class initialized using 'CodeIgniter\Session\Handlers\FileHandler' driver.
INFO - 2023-09-13 03:23:46 --> Session: Class initialized using 'CodeIgniter\Session\Handlers\FileHandler' driver.
INFO - 2023-09-13 03:23:51 --> CSRF token verified.
INFO - 2023-09-13 03:23:51 --> Session: Class initialized using 'CodeIgniter\Session\Handlers\FileHandler' driver.
INFO - 2023-09-13 03:23:53 --> Session: Class initialized using 'CodeIgniter\Session\Handlers\FileHandler' driver.
INFO - 2023-09-13 03:23:55 --> Session: Class initialized using 'CodeIgniter\Session\Handlers\FileHandler' driver.
INFO - 2023-09-13 03:23:57 --> Session: Class initialized using 'CodeIgniter\Session\Handlers\FileHandler' driver.
INFO - 2023-09-13 03:24:05 --> Session: Class initialized using 'CodeIgniter\Session\Handlers\FileHandler' driver.
INFO - 2023-09-13 03:24:05 --> Session: Class initialized using 'CodeIgniter\Session\Handlers\FileHandler' driver.
INFO - 2023-09-13 03:24:13 --> Session: Class initialized using 'CodeIgniter\Session\Handlers\FileHandler' driver.
INFO - 2023-09-13 03:24:13 --> Session: Class initialized using 'CodeIgniter\Session\Handlers\FileHandler' driver.
INFO - 2023-09-13 03:24:18 --> Session: Class initialized using 'CodeIgniter\Session\Handlers\FileHandler' driver.
INFO - 2023-09-13 03:24:18 --> Session: Class initialized using 'CodeIgniter\Session\Handlers\FileHandler' driver.
INFO - 2023-09-13 03:25:59 --> Session: Class initialized using 'CodeIgniter\Session\Handlers\FileHandler' driver.
INFO - 2023-09-13 03:25:59 --> Session: Class initialized using 'CodeIgniter\Session\Handlers\FileHandler' driver.
INFO - 2023-09-13 03:26:50 --> Session: Class initialized using 'CodeIgniter\Session\Handlers\FileHandler' driver.
INFO - 2023-09-13 03:26:50 --> Session: Class initialized using 'CodeIgniter\Session\Handlers\FileHandler' driver.
INFO - 2023-09-13 03:26:51 --> Session: Class initialized using 'CodeIgniter\Session\Handlers\FileHandler' driver.
INFO - 2023-09-13 03:26:51 --> Session: Class initialized using 'CodeIgniter\Session\Handlers\FileHandler' driver.
INFO - 2023-09-13 03:26:53 --> Session: Class initialized using 'CodeIgniter\Session\Handlers\FileHandler' driver.
INFO - 2023-09-13 03:26:54 --> Session: Class initialized using 'CodeIgniter\Session\Handlers\FileHandler' driver.
INFO - 2023-09-13 03:27:02 --> Session: Class initialized using 'CodeIgniter\Session\Handlers\FileHandler' driver.
INFO - 2023-09-13 03:27:02 --> Session: Class initialized using 'CodeIgniter\Session\Handlers\FileHandler' driver.
INFO - 2023-09-13 03:27:08 --> CSRF token verified.
INFO - 2023-09-13 03:27:08 --> Session: Class initialized using 'CodeIgniter\Session\Handlers\FileHandler' driver.
INFO - 2023-09-13 03:27:08 --> Session: Class initialized using 'CodeIgniter\Session\Handlers\FileHandler' driver.
INFO - 2023-09-13 03:27:09 --> Session: Class initialized using 'CodeIgniter\Session\Handlers\FileHandler' driver.
INFO - 2023-09-13 03:27:11 --> Session: Class initialized using 'CodeIgniter\Session\Handlers\FileHandler' driver.
INFO - 2023-09-13 03:27:14 --> Session: Class initialized using 'CodeIgniter\Session\Handlers\FileHandler' driver.
INFO - 2023-09-13 03:27:17 --> Session: Class initialized using 'CodeIgniter\Session\Handlers\FileHandler' driver.
INFO - 2023-09-13 03:27:35 --> Session: Class initialized using 'CodeIgniter\Session\Handlers\FileHandler' driver.
INFO - 2023-09-13 03:28:41 --> Session: Class initialized using 'CodeIgniter\Session\Handlers\FileHandler' driver.
INFO - 2023-09-13 03:28:46 --> Session: Class initialized using 'CodeIgniter\Session\Handlers\FileHandler' driver.
INFO - 2023-09-13 03:28:51 --> CSRF token verified.
INFO - 2023-09-13 03:33:25 --> Session: Class initialized using 'CodeIgniter\Session\Handlers\FileHandler' driver.
INFO - 2023-09-13 03:33:36 --> Session: Class initialized using 'CodeIgniter\Session\Handlers\FileHandler' driver.
INFO - 2023-09-13 03:33:45 --> CSRF token verified.
INFO - 2023-09-13 03:33:45 --> Session: Class initialized using 'CodeIgniter\Session\Handlers\FileHandler' driver.
INFO - 2023-09-13 03:33:45 --> Session: Class initialized using 'CodeIgniter\Session\Handlers\FileHandler' driver.
INFO - 2023-09-13 03:33:48 --> Session: Class initialized using 'CodeIgniter\Session\Handlers\FileHandler' driver.
INFO - 2023-09-13 03:33:53 --> Session: Class initialized using 'CodeIgniter\Session\Handlers\FileHandler' driver.
INFO - 2023-09-13 03:33:56 --> Session: Class initialized using 'CodeIgniter\Session\Handlers\FileHandler' driver.
CRITICAL - 2023-09-13 03:34:00 --> Class "App\Controllers\admin\BaseController" not found
in APPPATH/Controllers/Admin/Penulis.php on line 7.
 1 SYSTEMPATH/Router/AutoRouter.php(147): include_once()
 2 SYSTEMPATH/Router/Router.php(507): CodeIgniter\Router\AutoRouter->getRoute()
 3 SYSTEMPATH/Router/Router.php(206): CodeIgniter\Router\Router->autoRoute()
 4 SYSTEMPATH/CodeIgniter.php(813): CodeIgniter\Router\Router->handle()
 5 SYSTEMPATH/CodeIgniter.php(447): CodeIgniter\CodeIgniter->tryToRouteIt()
 6 SYSTEMPATH/CodeIgniter.php(366): CodeIgniter\CodeIgniter->handleRequest()
 7 FCPATH/index.php(67): CodeIgniter\CodeIgniter->run()
CRITICAL - 2023-09-13 03:34:03 --> Class "App\Controllers\admin\BaseController" not found
in APPPATH/Controllers/Admin/Kategori.php on line 7.
 1 SYSTEMPATH/Router/AutoRouter.php(147): include_once()
 2 SYSTEMPATH/Router/Router.php(507): CodeIgniter\Router\AutoRouter->getRoute()
 3 SYSTEMPATH/Router/Router.php(206): CodeIgniter\Router\Router->autoRoute()
 4 SYSTEMPATH/CodeIgniter.php(813): CodeIgniter\Router\Router->handle()
 5 SYSTEMPATH/CodeIgniter.php(447): CodeIgniter\CodeIgniter->tryToRouteIt()
 6 SYSTEMPATH/CodeIgniter.php(366): CodeIgniter\CodeIgniter->handleRequest()
 7 FCPATH/index.php(67): CodeIgniter\CodeIgniter->run()
INFO - 2023-09-13 03:34:50 --> Session: Class initialized using 'CodeIgniter\Session\Handlers\FileHandler' driver.
INFO - 2023-09-13 03:34:52 --> Session: Class initialized using 'CodeIgniter\Session\Handlers\FileHandler' driver.
INFO - 2023-09-13 03:34:53 --> Session: Class initialized using 'CodeIgniter\Session\Handlers\FileHandler' driver.
INFO - 2023-09-13 03:35:00 --> CSRF token verified.
INFO - 2023-09-13 03:35:00 --> Session: Class initialized using 'CodeIgniter\Session\Handlers\FileHandler' driver.
INFO - 2023-09-13 03:35:04 --> Session: Class initialized using 'CodeIgniter\Session\Handlers\FileHandler' driver.
INFO - 2023-09-13 03:35:06 --> Session: Class initialized using 'CodeIgniter\Session\Handlers\FileHandler' driver.
INFO - 2023-09-13 03:35:11 --> Session: Class initialized using 'CodeIgniter\Session\Handlers\FileHandler' driver.
INFO - 2023-09-13 03:35:19 --> CSRF token verified.
INFO - 2023-09-13 03:35:19 --> Session: Class initialized using 'CodeIgniter\Session\Handlers\FileHandler' driver.
INFO - 2023-09-13 03:35:19 --> Session: Class initialized using 'CodeIgniter\Session\Handlers\FileHandler' driver.
INFO - 2023-09-13 03:35:22 --> Session: Class initialized using 'CodeIgniter\Session\Handlers\FileHandler' driver.
INFO - 2023-09-13 03:35:23 --> Session: Class initialized using 'CodeIgniter\Session\Handlers\FileHandler' driver.
INFO - 2023-09-13 03:35:29 --> Session: Class initialized using 'CodeIgniter\Session\Handlers\FileHandler' driver.
INFO - 2023-09-13 03:35:32 --> CSRF token verified.
INFO - 2023-09-13 03:35:32 --> Session: Class initialized using 'CodeIgniter\Session\Handlers\FileHandler' driver.
INFO - 2023-09-13 03:35:32 --> Session: Class initialized using 'CodeIgniter\Session\Handlers\FileHandler' driver.
INFO - 2023-09-13 03:35:33 --> Session: Class initialized using 'CodeIgniter\Session\Handlers\FileHandler' driver.
CRITICAL - 2023-09-13 03:35:39 --> unlink(/home/k4991560/public_html/yayat/web-dakwah/writable/debugbar/debugbar_1694576025.123978.json): No such file or directory
in SYSTEMPATH/Debug/Toolbar/Collectors/History.php on line 76.
 1 [internal function]: CodeIgniter\Debug\Exceptions->errorHandler()
 2 SYSTEMPATH/Debug/Toolbar/Collectors/History.php(76): unlink()
 3 SYSTEMPATH/Debug/Toolbar.php(497): CodeIgniter\Debug\Toolbar\Collectors\History->setFiles()
 4 SYSTEMPATH/Debug/Toolbar.php(474): CodeIgniter\Debug\Toolbar->format()
 5 APPPATH/Config/Events.php(46): CodeIgniter\Debug\Toolbar->respond()
 6 SYSTEMPATH/Events/Events.php(149): CodeIgniter\Events\Events::Config\{closure}()
 7 SYSTEMPATH/CodeIgniter.php(348): CodeIgniter\Events\Events::trigger()
 8 FCPATH/index.php(67): CodeIgniter\CodeIgniter->run()
INFO - 2023-09-13 03:35:39 --> Session: Class initialized using 'CodeIgniter\Session\Handlers\FileHandler' driver.
INFO - 2023-09-13 03:35:44 --> CSRF token verified.
INFO - 2023-09-13 03:35:44 --> Session: Class initialized using 'CodeIgniter\Session\Handlers\FileHandler' driver.
INFO - 2023-09-13 03:35:44 --> Session: Class initialized using 'CodeIgniter\Session\Handlers\FileHandler' driver.
INFO - 2023-09-13 03:35:49 --> Session: Class initialized using 'CodeIgniter\Session\Handlers\FileHandler' driver.
INFO - 2023-09-13 03:35:50 --> Session: Class initialized using 'CodeIgniter\Session\Handlers\FileHandler' driver.
INFO - 2023-09-13 03:35:52 --> Session: Class initialized using 'CodeIgniter\Session\Handlers\FileHandler' driver.
INFO - 2023-09-13 03:35:55 --> Session: Class initialized using 'CodeIgniter\Session\Handlers\FileHandler' driver.
INFO - 2023-09-13 03:35:57 --> Session: Class initialized using 'CodeIgniter\Session\Handlers\FileHandler' driver.
CRITICAL - 2023-09-13 03:36:04 --> unlink(/home/k4991560/public_html/yayat/web-dakwah/writable/debugbar/debugbar_1694576104.597248.json): No such file or directory
in SYSTEMPATH/Debug/Toolbar/Collectors/History.php on line 76.
 1 [internal function]: CodeIgniter\Debug\Exceptions->errorHandler()
 2 SYSTEMPATH/Debug/Toolbar/Collectors/History.php(76): unlink()
 3 SYSTEMPATH/Debug/Toolbar.php(497): CodeIgniter\Debug\Toolbar\Collectors\History->setFiles()
 4 SYSTEMPATH/Debug/Toolbar.php(474): CodeIgniter\Debug\Toolbar->format()
 5 APPPATH/Config/Events.php(46): CodeIgniter\Debug\Toolbar->respond()
 6 SYSTEMPATH/Events/Events.php(149): CodeIgniter\Events\Events::Config\{closure}()
 7 SYSTEMPATH/CodeIgniter.php(348): CodeIgniter\Events\Events::trigger()
 8 FCPATH/index.php(67): CodeIgniter\CodeIgniter->run()
INFO - 2023-09-13 03:36:04 --> Session: Class initialized using 'CodeIgniter\Session\Handlers\FileHandler' driver.
INFO - 2023-09-13 03:36:57 --> CSRF token verified.
INFO - 2023-09-13 03:37:23 --> CSRF token verified.
INFO - 2023-09-13 03:37:28 --> Session: Class initialized using 'CodeIgniter\Session\Handlers\FileHandler' driver.
INFO - 2023-09-13 03:37:29 --> Session: Class initialized using 'CodeIgniter\Session\Handlers\FileHandler' driver.
INFO - 2023-09-13 03:37:38 --> Session: Class initialized using 'CodeIgniter\Session\Handlers\FileHandler' driver.
INFO - 2023-09-13 03:37:56 --> CSRF token verified.
INFO - 2023-09-13 03:37:56 --> Session: Class initialized using 'CodeIgniter\Session\Handlers\FileHandler' driver.
INFO - 2023-09-13 03:37:56 --> Session: Class initialized using 'CodeIgniter\Session\Handlers\FileHandler' driver.
INFO - 2023-09-13 03:38:18 --> Session: Class initialized using 'CodeIgniter\Session\Handlers\FileHandler' driver.
INFO - 2023-09-13 03:38:24 --> Session: Class initialized using 'CodeIgniter\Session\Handlers\FileHandler' driver.
INFO - 2023-09-13 03:38:31 --> Session: Class initialized using 'CodeIgniter\Session\Handlers\FileHandler' driver.
INFO - 2023-09-13 03:38:55 --> CSRF token verified.
INFO - 2023-09-13 03:39:16 --> Session: Class initialized using 'CodeIgniter\Session\Handlers\FileHandler' driver.
INFO - 2023-09-13 03:39:19 --> CSRF token verified.
INFO - 2023-09-13 03:39:24 --> Session: Class initialized using 'CodeIgniter\Session\Handlers\FileHandler' driver.
INFO - 2023-09-13 03:39:24 --> Session: Class initialized using 'CodeIgniter\Session\Handlers\FileHandler' driver.
INFO - 2023-09-13 03:39:32 --> Session: Class initialized using 'CodeIgniter\Session\Handlers\FileHandler' driver.
INFO - 2023-09-13 03:39:48 --> CSRF token verified.
INFO - 2023-09-13 03:39:48 --> Session: Class initialized using 'CodeIgniter\Session\Handlers\FileHandler' driver.
INFO - 2023-09-13 03:39:48 --> Session: Class initialized using 'CodeIgniter\Session\Handlers\FileHandler' driver.
INFO - 2023-09-13 03:39:53 --> Session: Class initialized using 'CodeIgniter\Session\Handlers\FileHandler' driver.
INFO - 2023-09-13 03:40:16 --> Session: Class initialized using 'CodeIgniter\Session\Handlers\FileHandler' driver.
INFO - 2023-09-13 03:40:19 --> Session: Class initialized using 'CodeIgniter\Session\Handlers\FileHandler' driver.
INFO - 2023-09-13 03:40:29 --> Session: Class initialized using 'CodeIgniter\Session\Handlers\FileHandler' driver.
INFO - 2023-09-13 03:40:33 --> Session: Class initialized using 'CodeIgniter\Session\Handlers\FileHandler' driver.
INFO - 2023-09-13 03:40:34 --> Session: Class initialized using 'CodeIgniter\Session\Handlers\FileHandler' driver.
INFO - 2023-09-13 03:41:56 --> Session: Class initialized using 'CodeIgniter\Session\Handlers\FileHandler' driver.
INFO - 2023-09-13 03:42:07 --> CSRF token verified.
INFO - 2023-09-13 03:42:07 --> Session: Class initialized using 'CodeIgniter\Session\Handlers\FileHandler' driver.
INFO - 2023-09-13 03:42:07 --> Session: Class initialized using 'CodeIgniter\Session\Handlers\FileHandler' driver.
INFO - 2023-09-13 03:43:19 --> Session: Class initialized using 'CodeIgniter\Session\Handlers\FileHandler' driver.
INFO - 2023-09-13 03:43:57 --> Session: Class initialized using 'CodeIgniter\Session\Handlers\FileHandler' driver.
INFO - 2023-09-13 03:44:12 --> Session: Class initialized using 'CodeIgniter\Session\Handlers\FileHandler' driver.
INFO - 2023-09-13 03:44:47 --> Session: Class initialized using 'CodeIgniter\Session\Handlers\FileHandler' driver.
INFO - 2023-09-13 03:44:48 --> Session: Class initialized using 'CodeIgniter\Session\Handlers\FileHandler' driver.
INFO - 2023-09-13 03:44:52 --> Session: Class initialized using 'CodeIgniter\Session\Handlers\FileHandler' driver.
INFO - 2023-09-13 03:44:54 --> Session: Class initialized using 'CodeIgniter\Session\Handlers\FileHandler' driver.
INFO - 2023-09-13 03:44:57 --> Session: Class initialized using 'CodeIgniter\Session\Handlers\FileHandler' driver.
INFO - 2023-09-13 03:44:59 --> Session: Class initialized using 'CodeIgniter\Session\Handlers\FileHandler' driver.
INFO - 2023-09-13 03:45:01 --> Session: Class initialized using 'CodeIgniter\Session\Handlers\FileHandler' driver.
INFO - 2023-09-13 03:45:01 --> Session: Class initialized using 'CodeIgniter\Session\Handlers\FileHandler' driver.
INFO - 2023-09-13 03:45:05 --> CSRF token verified.
INFO - 2023-09-13 03:45:05 --> Session: Class initialized using 'CodeIgniter\Session\Handlers\FileHandler' driver.
INFO - 2023-09-13 03:45:05 --> Session: Class initialized using 'CodeIgniter\Session\Handlers\FileHandler' driver.
INFO - 2023-09-13 03:45:08 --> Session: Class initialized using 'CodeIgniter\Session\Handlers\FileHandler' driver.
CRITICAL - 2023-09-13 03:45:09 --> unlink(/home/k4991560/public_html/yayat/web-dakwah/writable/debugbar/debugbar_1694576419.529621.json): No such file or directory
in SYSTEMPATH/Debug/Toolbar/Collectors/History.php on line 76.
 1 [internal function]: CodeIgniter\Debug\Exceptions->errorHandler()
 2 SYSTEMPATH/Debug/Toolbar/Collectors/History.php(76): unlink()
 3 SYSTEMPATH/Debug/Toolbar.php(497): CodeIgniter\Debug\Toolbar\Collectors\History->setFiles()
 4 SYSTEMPATH/Debug/Toolbar.php(474): CodeIgniter\Debug\Toolbar->format()
 5 APPPATH/Config/Events.php(46): CodeIgniter\Debug\Toolbar->respond()
 6 SYSTEMPATH/Events/Events.php(149): CodeIgniter\Events\Events::Config\{closure}()
 7 SYSTEMPATH/CodeIgniter.php(348): CodeIgniter\Events\Events::trigger()
 8 FCPATH/index.php(67): CodeIgniter\CodeIgniter->run()
INFO - 2023-09-13 03:45:15 --> Session: Class initialized using 'CodeIgniter\Session\Handlers\FileHandler' driver.
INFO - 2023-09-13 03:45:18 --> Session: Class initialized using 'CodeIgniter\Session\Handlers\FileHandler' driver.
INFO - 2023-09-13 03:45:41 --> Session: Class initialized using 'CodeIgniter\Session\Handlers\FileHandler' driver.
INFO - 2023-09-13 03:45:46 --> Session: Class initialized using 'CodeIgniter\Session\Handlers\FileHandler' driver.
INFO - 2023-09-13 03:45:47 --> Session: Class initialized using 'CodeIgniter\Session\Handlers\FileHandler' driver.
INFO - 2023-09-13 03:46:07 --> Session: Class initialized using 'CodeIgniter\Session\Handlers\FileHandler' driver.
INFO - 2023-09-13 03:46:11 --> Session: Class initialized using 'CodeIgniter\Session\Handlers\FileHandler' driver.
INFO - 2023-09-13 03:46:14 --> Session: Class initialized using 'CodeIgniter\Session\Handlers\FileHandler' driver.
INFO - 2023-09-13 03:46:33 --> Session: Class initialized using 'CodeIgniter\Session\Handlers\FileHandler' driver.
INFO - 2023-09-13 03:46:34 --> Session: Class initialized using 'CodeIgniter\Session\Handlers\FileHandler' driver.
INFO - 2023-09-13 03:46:37 --> Session: Class initialized using 'CodeIgniter\Session\Handlers\FileHandler' driver.
INFO - 2023-09-13 03:46:37 --> Session: Class initialized using 'CodeIgniter\Session\Handlers\FileHandler' driver.
INFO - 2023-09-13 03:46:42 --> Session: Class initialized using 'CodeIgniter\Session\Handlers\FileHandler' driver.
INFO - 2023-09-13 03:47:00 --> Session: Class initialized using 'CodeIgniter\Session\Handlers\FileHandler' driver.
INFO - 2023-09-13 03:55:48 --> CSRF token verified.
INFO - 2023-09-13 03:55:53 --> Session: Class initialized using 'CodeIgniter\Session\Handlers\FileHandler' driver.
INFO - 2023-09-13 03:55:53 --> Session: Class initialized using 'CodeIgniter\Session\Handlers\FileHandler' driver.
INFO - 2023-09-13 03:56:21 --> Session: Class initialized using 'CodeIgniter\Session\Handlers\FileHandler' driver.
INFO - 2023-09-13 03:56:56 --> Session: Class initialized using 'CodeIgniter\Session\Handlers\FileHandler' driver.
INFO - 2023-09-13 03:57:06 --> Session: Class initialized using 'CodeIgniter\Session\Handlers\FileHandler' driver.
INFO - 2023-09-13 03:57:41 --> CSRF token verified.
INFO - 2023-09-13 03:57:41 --> Session: Class initialized using 'CodeIgniter\Session\Handlers\FileHandler' driver.
INFO - 2023-09-13 03:57:42 --> Session: Class initialized using 'CodeIgniter\Session\Handlers\FileHandler' driver.
INFO - 2023-09-13 03:57:52 --> Session: Class initialized using 'CodeIgniter\Session\Handlers\FileHandler' driver.
INFO - 2023-09-13 03:58:07 --> Session: Class initialized using 'CodeIgniter\Session\Handlers\FileHandler' driver.
INFO - 2023-09-13 03:58:09 --> Session: Class initialized using 'CodeIgniter\Session\Handlers\FileHandler' driver.
CRITICAL - 2023-09-13 03:58:09 --> Attempt to read property "foto_penulis" on null
in APPPATH/Views/user/penulis/detail.php on line 11.
 1 APPPATH/Views/user/penulis/detail.php(11): CodeIgniter\Debug\Exceptions->errorHandler()
 2 SYSTEMPATH/View/View.php(224): include('/home/k4991560/public_html/yayat/web-dakwah/app/Views/user/penulis/detail.php')
 3 SYSTEMPATH/View/View.php(227): CodeIgniter\View\View->CodeIgniter\View\{closure}()
 4 SYSTEMPATH/Common.php(1180): CodeIgniter\View\View->render()
 5 APPPATH/Controllers/user/Penulisctrl.php(44): view()
 6 SYSTEMPATH/CodeIgniter.php(932): App\Controllers\user\Penulisctrl->viewPenulis()
 7 SYSTEMPATH/CodeIgniter.php(497): CodeIgniter\CodeIgniter->runController()
 8 SYSTEMPATH/CodeIgniter.php(366): CodeIgniter\CodeIgniter->handleRequest()
 9 FCPATH/index.php(67): CodeIgniter\CodeIgniter->run()
INFO - 2023-09-13 03:59:46 --> Session: Class initialized using 'CodeIgniter\Session\Handlers\FileHandler' driver.
INFO - 2023-09-13 03:59:52 --> Session: Class initialized using 'CodeIgniter\Session\Handlers\FileHandler' driver.
INFO - 2023-09-13 04:00:47 --> CSRF token verified.
INFO - 2023-09-13 04:00:47 --> Session: Class initialized using 'CodeIgniter\Session\Handlers\FileHandler' driver.
INFO - 2023-09-13 04:00:48 --> Session: Class initialized using 'CodeIgniter\Session\Handlers\FileHandler' driver.
INFO - 2023-09-13 04:00:53 --> Session: Class initialized using 'CodeIgniter\Session\Handlers\FileHandler' driver.
INFO - 2023-09-13 04:01:09 --> CSRF token verified.
INFO - 2023-09-13 04:01:09 --> Session: Class initialized using 'CodeIgniter\Session\Handlers\FileHandler' driver.
INFO - 2023-09-13 04:01:09 --> Session: Class initialized using 'CodeIgniter\Session\Handlers\FileHandler' driver.
INFO - 2023-09-13 04:01:13 --> Session: Class initialized using 'CodeIgniter\Session\Handlers\FileHandler' driver.
INFO - 2023-09-13 04:01:23 --> Session: Class initialized using 'CodeIgniter\Session\Handlers\FileHandler' driver.
INFO - 2023-09-13 04:01:30 --> Session: Class initialized using 'CodeIgniter\Session\Handlers\FileHandler' driver.
INFO - 2023-09-13 04:01:33 --> Session: Class initialized using 'CodeIgniter\Session\Handlers\FileHandler' driver.
INFO - 2023-09-13 04:01:36 --> Session: Class initialized using 'CodeIgniter\Session\Handlers\FileHandler' driver.
CRITICAL - 2023-09-13 04:01:36 --> Attempt to read property "foto_penulis" on null
in APPPATH/Views/user/penulis/detail.php on line 11.
 1 APPPATH/Views/user/penulis/detail.php(11): CodeIgniter\Debug\Exceptions->errorHandler()
 2 SYSTEMPATH/View/View.php(224): include('/home/k4991560/public_html/yayat/web-dakwah/app/Views/user/penulis/detail.php')
 3 SYSTEMPATH/View/View.php(227): CodeIgniter\View\View->CodeIgniter\View\{closure}()
 4 SYSTEMPATH/Common.php(1180): CodeIgniter\View\View->render()
 5 APPPATH/Controllers/user/Penulisctrl.php(44): view()
 6 SYSTEMPATH/CodeIgniter.php(932): App\Controllers\user\Penulisctrl->viewPenulis()
 7 SYSTEMPATH/CodeIgniter.php(497): CodeIgniter\CodeIgniter->runController()
 8 SYSTEMPATH/CodeIgniter.php(366): CodeIgniter\CodeIgniter->handleRequest()
 9 FCPATH/index.php(67): CodeIgniter\CodeIgniter->run()
INFO - 2023-09-13 04:02:58 --> CSRF token verified.
INFO - 2023-09-13 04:02:58 --> Session: Class initialized using 'CodeIgniter\Session\Handlers\FileHandler' driver.
INFO - 2023-09-13 04:02:58 --> Session: Class initialized using 'CodeIgniter\Session\Handlers\FileHandler' driver.
INFO - 2023-09-13 04:03:13 --> Session: Class initialized using 'CodeIgniter\Session\Handlers\FileHandler' driver.
INFO - 2023-09-13 04:04:08 --> Session: Class initialized using 'CodeIgniter\Session\Handlers\FileHandler' driver.
CRITICAL - 2023-09-13 04:04:08 --> Attempt to read property "foto_penulis" on null
in APPPATH/Views/user/penulis/detail.php on line 11.
 1 APPPATH/Views/user/penulis/detail.php(11): CodeIgniter\Debug\Exceptions->errorHandler()
 2 SYSTEMPATH/View/View.php(224): include('/home/k4991560/public_html/yayat/web-dakwah/app/Views/user/penulis/detail.php')
 3 SYSTEMPATH/View/View.php(227): CodeIgniter\View\View->CodeIgniter\View\{closure}()
 4 SYSTEMPATH/Common.php(1180): CodeIgniter\View\View->render()
 5 APPPATH/Controllers/user/Penulisctrl.php(44): view()
 6 SYSTEMPATH/CodeIgniter.php(932): App\Controllers\user\Penulisctrl->viewPenulis()
 7 SYSTEMPATH/CodeIgniter.php(497): CodeIgniter\CodeIgniter->runController()
 8 SYSTEMPATH/CodeIgniter.php(366): CodeIgniter\CodeIgniter->handleRequest()
 9 FCPATH/index.php(67): CodeIgniter\CodeIgniter->run()
INFO - 2023-09-13 04:04:20 --> CSRF token verified.
CRITICAL - 2023-09-13 04:04:31 --> Undefined array key 0
in APPPATH/Controllers/admin/Artikel.php on line 44.
 1 APPPATH/Controllers/admin/Artikel.php(44): CodeIgniter\Debug\Exceptions->errorHandler()
 2 SYSTEMPATH/CodeIgniter.php(932): App\Controllers\admin\Artikel->viewArtikel()
 3 SYSTEMPATH/CodeIgniter.php(497): CodeIgniter\CodeIgniter->runController()
 4 SYSTEMPATH/CodeIgniter.php(366): CodeIgniter\CodeIgniter->handleRequest()
 5 FCPATH/index.php(67): CodeIgniter\CodeIgniter->run()
INFO - 2023-09-13 04:09:04 --> Session: Class initialized using 'CodeIgniter\Session\Handlers\FileHandler' driver.
INFO - 2023-09-13 04:09:21 --> CSRF token verified.
INFO - 2023-09-13 04:09:25 --> Session: Class initialized using 'CodeIgniter\Session\Handlers\FileHandler' driver.
INFO - 2023-09-13 04:10:15 --> CSRF token verified.
INFO - 2023-09-13 04:10:29 --> Session: Class initialized using 'CodeIgniter\Session\Handlers\FileHandler' driver.
INFO - 2023-09-13 04:10:31 --> Session: Class initialized using 'CodeIgniter\Session\Handlers\FileHandler' driver.
CRITICAL - 2023-09-13 04:10:31 --> Attempt to read property "foto_penulis" on null
in APPPATH/Views/user/penulis/detail.php on line 11.
 1 APPPATH/Views/user/penulis/detail.php(11): CodeIgniter\Debug\Exceptions->errorHandler()
 2 SYSTEMPATH/View/View.php(224): include('/home/k4991560/public_html/yayat/web-dakwah/app/Views/user/penulis/detail.php')
 3 SYSTEMPATH/View/View.php(227): CodeIgniter\View\View->CodeIgniter\View\{closure}()
 4 SYSTEMPATH/Common.php(1180): CodeIgniter\View\View->render()
 5 APPPATH/Controllers/user/Penulisctrl.php(44): view()
 6 SYSTEMPATH/CodeIgniter.php(932): App\Controllers\user\Penulisctrl->viewPenulis()
 7 SYSTEMPATH/CodeIgniter.php(497): CodeIgniter\CodeIgniter->runController()
 8 SYSTEMPATH/CodeIgniter.php(366): CodeIgniter\CodeIgniter->handleRequest()
 9 FCPATH/index.php(67): CodeIgniter\CodeIgniter->run()
INFO - 2023-09-13 04:12:08 --> Session: Class initialized using 'CodeIgniter\Session\Handlers\FileHandler' driver.
INFO - 2023-09-13 04:27:40 --> Session: Class initialized using 'CodeIgniter\Session\Handlers\FileHandler' driver.
INFO - 2023-09-13 04:27:43 --> Session: Class initialized using 'CodeIgniter\Session\Handlers\FileHandler' driver.
INFO - 2023-09-13 04:27:46 --> Session: Class initialized using 'CodeIgniter\Session\Handlers\FileHandler' driver.
INFO - 2023-09-13 04:27:49 --> Session: Class initialized using 'CodeIgniter\Session\Handlers\FileHandler' driver.
CRITICAL - 2023-09-13 04:27:49 --> Attempt to read property "foto_penulis" on null
in APPPATH\Views\user\penulis\detail.php on line 11.
 1 APPPATH\Views\user\penulis\detail.php(11): CodeIgniter\Debug\Exceptions->errorHandler(2, 'Attempt to read property "foto_penulis" on null', 'C:\\xampp\\htdocs\\yayat\\app\\Views\\user\\penulis\\detail.php', 11)
 2 SYSTEMPATH\View\View.php(224): include('C:\\xampp\\htdocs\\yayat\\app\\Views\\user\\penulis\\detail.php')
 3 SYSTEMPATH\View\View.php(227): CodeIgniter\View\View->CodeIgniter\View\{closure}()
 4 SYSTEMPATH\Common.php(1180): CodeIgniter\View\View->render('user/penulis/detail', [], true)
 5 APPPATH\Controllers\user\Penulisctrl.php(44): view('user/penulis/detail', [...])
 6 SYSTEMPATH\CodeIgniter.php(932): App\Controllers\user\Penulisctrl->viewPenulis('artikelpenulis', '3')
 7 SYSTEMPATH\CodeIgniter.php(497): CodeIgniter\CodeIgniter->runController(Object(App\Controllers\user\Penulisctrl))
 8 SYSTEMPATH\CodeIgniter.php(366): CodeIgniter\CodeIgniter->handleRequest(null, Object(Config\Cache), false)
 9 FCPATH\index.php(67): CodeIgniter\CodeIgniter->run()
10 SYSTEMPATH\Commands\Server\rewrite.php(47): require_once('C:\\xampp\\htdocs\\yayat\\public\\index.php')
INFO - 2023-09-13 04:27:59 --> Session: Class initialized using 'CodeIgniter\Session\Handlers\FileHandler' driver.
INFO - 2023-09-13 04:46:46 --> Session: Class initialized using 'CodeIgniter\Session\Handlers\FileHandler' driver.
CRITICAL - 2023-09-13 04:46:46 --> Attempt to read property "foto_penulis" on null
in APPPATH\Views\user\penulis\detail.php on line 11.
 1 APPPATH\Views\user\penulis\detail.php(11): CodeIgniter\Debug\Exceptions->errorHandler(2, 'Attempt to read property "foto_penulis" on null', 'C:\\xampp\\htdocs\\yayat\\app\\Views\\user\\penulis\\detail.php', 11)
 2 SYSTEMPATH\View\View.php(224): include('C:\\xampp\\htdocs\\yayat\\app\\Views\\user\\penulis\\detail.php')
 3 SYSTEMPATH\View\View.php(227): CodeIgniter\View\View->CodeIgniter\View\{closure}()
 4 SYSTEMPATH\Common.php(1180): CodeIgniter\View\View->render('user/penulis/detail', [], true)
 5 APPPATH\Controllers\user\Penulisctrl.php(44): view('user/penulis/detail', [...])
 6 SYSTEMPATH\CodeIgniter.php(932): App\Controllers\user\Penulisctrl->viewPenulis('artikelpenulis', '3')
 7 SYSTEMPATH\CodeIgniter.php(497): CodeIgniter\CodeIgniter->runController(Object(App\Controllers\user\Penulisctrl))
 8 SYSTEMPATH\CodeIgniter.php(366): CodeIgniter\CodeIgniter->handleRequest(null, Object(Config\Cache), false)
 9 FCPATH\index.php(67): CodeIgniter\CodeIgniter->run()
10 SYSTEMPATH\Commands\Server\rewrite.php(47): require_once('C:\\xampp\\htdocs\\yayat\\public\\index.php')
INFO - 2023-09-13 04:47:04 --> Session: Class initialized using 'CodeIgniter\Session\Handlers\FileHandler' driver.
CRITICAL - 2023-09-13 04:47:04 --> Attempt to read property "foto_penulis" on null
in APPPATH\Views\user\penulis\detail.php on line 11.
 1 APPPATH\Views\user\penulis\detail.php(11): CodeIgniter\Debug\Exceptions->errorHandler(2, 'Attempt to read property "foto_penulis" on null', 'C:\\xampp\\htdocs\\yayat\\app\\Views\\user\\penulis\\detail.php', 11)
 2 SYSTEMPATH\View\View.php(224): include('C:\\xampp\\htdocs\\yayat\\app\\Views\\user\\penulis\\detail.php')
 3 SYSTEMPATH\View\View.php(227): CodeIgniter\View\View->CodeIgniter\View\{closure}()
 4 SYSTEMPATH\Common.php(1180): CodeIgniter\View\View->render('user/penulis/detail', [], true)
 5 APPPATH\Controllers\user\Penulisctrl.php(44): view('user/penulis/detail', [...])
 6 SYSTEMPATH\CodeIgniter.php(932): App\Controllers\user\Penulisctrl->viewPenulis('artikelpenulis', '3')
 7 SYSTEMPATH\CodeIgniter.php(497): CodeIgniter\CodeIgniter->runController(Object(App\Controllers\user\Penulisctrl))
 8 SYSTEMPATH\CodeIgniter.php(366): CodeIgniter\CodeIgniter->handleRequest(null, Object(Config\Cache), false)
 9 FCPATH\index.php(67): CodeIgniter\CodeIgniter->run()
10 SYSTEMPATH\Commands\Server\rewrite.php(47): require_once('C:\\xampp\\htdocs\\yayat\\public\\index.php')
INFO - 2023-09-13 04:47:42 --> Session: Class initialized using 'CodeIgniter\Session\Handlers\FileHandler' driver.
CRITICAL - 2023-09-13 04:47:42 --> Attempt to read property "foto_penulis" on null
in APPPATH\Views\user\penulis\detail.php on line 11.
 1 APPPATH\Views\user\penulis\detail.php(11): CodeIgniter\Debug\Exceptions->errorHandler(2, 'Attempt to read property "foto_penulis" on null', 'C:\\xampp\\htdocs\\yayat\\app\\Views\\user\\penulis\\detail.php', 11)
 2 SYSTEMPATH\View\View.php(224): include('C:\\xampp\\htdocs\\yayat\\app\\Views\\user\\penulis\\detail.php')
 3 SYSTEMPATH\View\View.php(227): CodeIgniter\View\View->CodeIgniter\View\{closure}()
 4 SYSTEMPATH\Common.php(1180): CodeIgniter\View\View->render('user/penulis/detail', [], true)
 5 APPPATH\Controllers\user\Penulisctrl.php(44): view('user/penulis/detail', [...])
 6 SYSTEMPATH\CodeIgniter.php(932): App\Controllers\user\Penulisctrl->viewPenulis('artikelpenulis', '3')
 7 SYSTEMPATH\CodeIgniter.php(497): CodeIgniter\CodeIgniter->runController(Object(App\Controllers\user\Penulisctrl))
 8 SYSTEMPATH\CodeIgniter.php(366): CodeIgniter\CodeIgniter->handleRequest(null, Object(Config\Cache), false)
 9 FCPATH\index.php(67): CodeIgniter\CodeIgniter->run()
10 SYSTEMPATH\Commands\Server\rewrite.php(47): require_once('C:\\xampp\\htdocs\\yayat\\public\\index.php')
INFO - 2023-09-13 04:47:45 --> Session: Class initialized using 'CodeIgniter\Session\Handlers\FileHandler' driver.
INFO - 2023-09-13 04:47:47 --> Session: Class initialized using 'CodeIgniter\Session\Handlers\FileHandler' driver.
INFO - 2023-09-13 04:47:49 --> Session: Class initialized using 'CodeIgniter\Session\Handlers\FileHandler' driver.
INFO - 2023-09-13 04:47:51 --> Session: Class initialized using 'CodeIgniter\Session\Handlers\FileHandler' driver.
INFO - 2023-09-13 04:47:57 --> Session: Class initialized using 'CodeIgniter\Session\Handlers\FileHandler' driver.
INFO - 2023-09-13 04:49:46 --> Session: Class initialized using 'CodeIgniter\Session\Handlers\FileHandler' driver.
INFO - 2023-09-13 04:52:05 --> Session: Class initialized using 'CodeIgniter\Session\Handlers\FileHandler' driver.
INFO - 2023-09-13 04:52:08 --> Session: Class initialized using 'CodeIgniter\Session\Handlers\FileHandler' driver.
INFO - 2023-09-13 04:54:12 --> Session: Class initialized using 'CodeIgniter\Session\Handlers\FileHandler' driver.
INFO - 2023-09-13 04:54:20 --> Session: Class initialized using 'CodeIgniter\Session\Handlers\FileHandler' driver.
CRITICAL - 2023-09-13 04:54:20 --> Attempt to read property "foto_penulis" on null
in APPPATH\Views\user\penulis\detail.php on line 11.
 1 APPPATH\Views\user\penulis\detail.php(11): CodeIgniter\Debug\Exceptions->errorHandler(2, 'Attempt to read property "foto_penulis" on null', 'C:\\xampp\\htdocs\\yayat\\app\\Views\\user\\penulis\\detail.php', 11)
 2 SYSTEMPATH\View\View.php(224): include('C:\\xampp\\htdocs\\yayat\\app\\Views\\user\\penulis\\detail.php')
 3 SYSTEMPATH\View\View.php(227): CodeIgniter\View\View->CodeIgniter\View\{closure}()
 4 SYSTEMPATH\Common.php(1180): CodeIgniter\View\View->render('user/penulis/detail', [], true)
 5 APPPATH\Controllers\user\Penulisctrl.php(44): view('user/penulis/detail', [...])
 6 SYSTEMPATH\CodeIgniter.php(932): App\Controllers\user\Penulisctrl->viewPenulis('artikel_penulis', '2')
 7 SYSTEMPATH\CodeIgniter.php(497): CodeIgniter\CodeIgniter->runController(Object(App\Controllers\user\Penulisctrl))
 8 SYSTEMPATH\CodeIgniter.php(366): CodeIgniter\CodeIgniter->handleRequest(null, Object(Config\Cache), false)
 9 FCPATH\index.php(67): CodeIgniter\CodeIgniter->run()
10 SYSTEMPATH\Commands\Server\rewrite.php(47): require_once('C:\\xampp\\htdocs\\yayat\\public\\index.php')
INFO - 2023-09-13 04:54:43 --> Session: Class initialized using 'CodeIgniter\Session\Handlers\FileHandler' driver.
INFO - 2023-09-13 04:55:35 --> Session: Class initialized using 'CodeIgniter\Session\Handlers\FileHandler' driver.
INFO - 2023-09-13 04:55:50 --> Session: Class initialized using 'CodeIgniter\Session\Handlers\FileHandler' driver.
INFO - 2023-09-13 04:56:20 --> Session: Class initialized using 'CodeIgniter\Session\Handlers\FileHandler' driver.
INFO - 2023-09-13 04:56:26 --> Session: Class initialized using 'CodeIgniter\Session\Handlers\FileHandler' driver.
