INFO - 2024-09-10 08:31:25 --> Session: Class initialized using 'CodeIgniter\Session\Handlers\FileHandler' driver.
ERROR - 2024-09-10 08:31:25 --> Error connecting to the database: mysqli_sql_exception: Unknown database 'jagodm' in D:\Project\JagoDigital\system\Database\MySQLi\Connection.php:173
Stack trace:
#0 D:\Project\JagoDigital\system\Database\MySQLi\Connection.php(173): mysqli->real_connect('localhost', 'root', Object(SensitiveParameterValue), 'jagodm', 3306, '', 0)
#1 D:\Project\JagoDigital\system\Database\BaseConnection.php(391): CodeIgniter\Database\MySQLi\Connection->connect(false)
#2 D:\Project\JagoDigital\system\Database\BaseConnection.php(574): CodeIgniter\Database\BaseConnection->initialize()
#3 D:\Project\JagoDigital\system\Database\BaseBuilder.php(1616): CodeIgniter\Database\BaseConnection->query('SELECT *\nFROM `...', Array, false)
#4 D:\Project\JagoDigital\system\Model.php(268): CodeIgniter\Database\BaseBuilder->get()
#5 D:\Project\JagoDigital\system\BaseModel.php(656): CodeIgniter\Model->doFirst()
#6 D:\Project\JagoDigital\app\Controllers\NewUser\BaseController.php(69): CodeIgniter\BaseModel->first()
#7 D:\Project\JagoDigital\system\CodeIgniter.php(904): App\Controllers\NewUser\BaseController->__construct()
#8 D:\Project\JagoDigital\system\CodeIgniter.php(488): CodeIgniter\CodeIgniter->createController()
#9 D:\Project\JagoDigital\system\CodeIgniter.php(366): CodeIgniter\CodeIgniter->handleRequest(NULL, Object(Config\Cache), false)
#10 D:\Project\JagoDigital\public\index.php(67): CodeIgniter\CodeIgniter->run()
#11 D:\Project\JagoDigital\system\Commands\Server\rewrite.php(47): require_once('D:\\Project\\Jago...')
#12 {main}

Next CodeIgniter\Database\Exceptions\DatabaseException: Unknown database 'jagodm' in D:\Project\JagoDigital\system\Database\MySQLi\Connection.php:218
Stack trace:
#0 D:\Project\JagoDigital\system\Database\BaseConnection.php(391): CodeIgniter\Database\MySQLi\Connection->connect(false)
#1 D:\Project\JagoDigital\system\Database\BaseConnection.php(574): CodeIgniter\Database\BaseConnection->initialize()
#2 D:\Project\JagoDigital\system\Database\BaseBuilder.php(1616): CodeIgniter\Database\BaseConnection->query('SELECT *\nFROM `...', Array, false)
#3 D:\Project\JagoDigital\system\Model.php(268): CodeIgniter\Database\BaseBuilder->get()
#4 D:\Project\JagoDigital\system\BaseModel.php(656): CodeIgniter\Model->doFirst()
#5 D:\Project\JagoDigital\app\Controllers\NewUser\BaseController.php(69): CodeIgniter\BaseModel->first()
#6 D:\Project\JagoDigital\system\CodeIgniter.php(904): App\Controllers\NewUser\BaseController->__construct()
#7 D:\Project\JagoDigital\system\CodeIgniter.php(488): CodeIgniter\CodeIgniter->createController()
#8 D:\Project\JagoDigital\system\CodeIgniter.php(366): CodeIgniter\CodeIgniter->handleRequest(NULL, Object(Config\Cache), false)
#9 D:\Project\JagoDigital\public\index.php(67): CodeIgniter\CodeIgniter->run()
#10 D:\Project\JagoDigital\system\Commands\Server\rewrite.php(47): require_once('D:\\Project\\Jago...')
#11 {main}
CRITICAL - 2024-09-10 08:31:25 --> Unable to connect to the database.
Main connection [MySQLi]: Unknown database 'jagodm'
in SYSTEMPATH\Database\BaseConnection.php on line 427.
 1 SYSTEMPATH\Database\BaseConnection.php(574): CodeIgniter\Database\BaseConnection->initialize()
 2 SYSTEMPATH\Database\BaseBuilder.php(1616): CodeIgniter\Database\BaseConnection->query('SELECT *
FROM `tb_tentang`
 LIMIT 1', [], false)
 3 SYSTEMPATH\Model.php(268): CodeIgniter\Database\BaseBuilder->get()
 4 SYSTEMPATH\BaseModel.php(656): CodeIgniter\Model->doFirst()
 5 APPPATH\Controllers\NewUser\BaseController.php(69): CodeIgniter\BaseModel->first()
 6 SYSTEMPATH\CodeIgniter.php(904): App\Controllers\NewUser\BaseController->__construct()
 7 SYSTEMPATH\CodeIgniter.php(488): CodeIgniter\CodeIgniter->createController()
 8 SYSTEMPATH\CodeIgniter.php(366): CodeIgniter\CodeIgniter->handleRequest(null, Object(Config\Cache), false)
 9 FCPATH\index.php(67): CodeIgniter\CodeIgniter->run()
10 SYSTEMPATH\Commands\Server\rewrite.php(47): require_once('D:\\Project\\JagoDigital\\public\\index.php')
INFO - 2024-09-10 08:34:05 --> Session: Class initialized using 'CodeIgniter\Session\Handlers\FileHandler' driver.
ERROR - 2024-09-10 08:34:05 --> mysqli_sql_exception: Table 'jagodm.tb_tentang' doesn't exist in D:\Project\JagoDigital\system\Database\MySQLi\Connection.php:295
Stack trace:
#0 D:\Project\JagoDigital\system\Database\MySQLi\Connection.php(295): mysqli->query('SELECT *\nFROM `...', 0)
#1 D:\Project\JagoDigital\system\Database\BaseConnection.php(692): CodeIgniter\Database\MySQLi\Connection->execute('SELECT *\nFROM `...')
#2 D:\Project\JagoDigital\system\Database\BaseConnection.php(606): CodeIgniter\Database\BaseConnection->simpleQuery('SELECT *\nFROM `...')
#3 D:\Project\JagoDigital\system\Database\BaseBuilder.php(1616): CodeIgniter\Database\BaseConnection->query('SELECT *\nFROM `...', Array, false)
#4 D:\Project\JagoDigital\system\Model.php(268): CodeIgniter\Database\BaseBuilder->get()
#5 D:\Project\JagoDigital\system\BaseModel.php(656): CodeIgniter\Model->doFirst()
#6 D:\Project\JagoDigital\app\Controllers\NewUser\BaseController.php(69): CodeIgniter\BaseModel->first()
#7 D:\Project\JagoDigital\system\CodeIgniter.php(904): App\Controllers\NewUser\BaseController->__construct()
#8 D:\Project\JagoDigital\system\CodeIgniter.php(488): CodeIgniter\CodeIgniter->createController()
#9 D:\Project\JagoDigital\system\CodeIgniter.php(366): CodeIgniter\CodeIgniter->handleRequest(NULL, Object(Config\Cache), false)
#10 D:\Project\JagoDigital\public\index.php(67): CodeIgniter\CodeIgniter->run()
#11 D:\Project\JagoDigital\system\Commands\Server\rewrite.php(47): require_once('D:\\Project\\Jago...')
#12 {main}
CRITICAL - 2024-09-10 08:34:05 --> Table 'jagodm.tb_tentang' doesn't exist
in SYSTEMPATH\Database\MySQLi\Connection.php on line 295.
 1 SYSTEMPATH\Database\MySQLi\Connection.php(295): mysqli->query('SELECT *
FROM `tb_tentang`
 LIMIT 1', 0)
 2 SYSTEMPATH\Database\BaseConnection.php(692): CodeIgniter\Database\MySQLi\Connection->execute('SELECT *
FROM `tb_tentang`
 LIMIT 1')
 3 SYSTEMPATH\Database\BaseConnection.php(606): CodeIgniter\Database\BaseConnection->simpleQuery('SELECT *
FROM `tb_tentang`
 LIMIT 1')
 4 SYSTEMPATH\Database\BaseBuilder.php(1616): CodeIgniter\Database\BaseConnection->query('SELECT *
FROM `tb_tentang`
 LIMIT 1', [], false)
 5 SYSTEMPATH\Model.php(268): CodeIgniter\Database\BaseBuilder->get()
 6 SYSTEMPATH\BaseModel.php(656): CodeIgniter\Model->doFirst()
 7 APPPATH\Controllers\NewUser\BaseController.php(69): CodeIgniter\BaseModel->first()
 8 SYSTEMPATH\CodeIgniter.php(904): App\Controllers\NewUser\BaseController->__construct()
 9 SYSTEMPATH\CodeIgniter.php(488): CodeIgniter\CodeIgniter->createController()
10 SYSTEMPATH\CodeIgniter.php(366): CodeIgniter\CodeIgniter->handleRequest(null, Object(Config\Cache), false)
11 FCPATH\index.php(67): CodeIgniter\CodeIgniter->run()
12 SYSTEMPATH\Commands\Server\rewrite.php(47): require_once('D:\\Project\\JagoDigital\\public\\index.php')
INFO - 2024-09-10 08:34:06 --> Session: Class initialized using 'CodeIgniter\Session\Handlers\FileHandler' driver.
ERROR - 2024-09-10 08:34:06 --> mysqli_sql_exception: Table 'jagodm.tb_tentang' doesn't exist in D:\Project\JagoDigital\system\Database\MySQLi\Connection.php:295
Stack trace:
#0 D:\Project\JagoDigital\system\Database\MySQLi\Connection.php(295): mysqli->query('SELECT *\nFROM `...', 0)
#1 D:\Project\JagoDigital\system\Database\BaseConnection.php(692): CodeIgniter\Database\MySQLi\Connection->execute('SELECT *\nFROM `...')
#2 D:\Project\JagoDigital\system\Database\BaseConnection.php(606): CodeIgniter\Database\BaseConnection->simpleQuery('SELECT *\nFROM `...')
#3 D:\Project\JagoDigital\system\Database\BaseBuilder.php(1616): CodeIgniter\Database\BaseConnection->query('SELECT *\nFROM `...', Array, false)
#4 D:\Project\JagoDigital\system\Model.php(268): CodeIgniter\Database\BaseBuilder->get()
#5 D:\Project\JagoDigital\system\BaseModel.php(656): CodeIgniter\Model->doFirst()
#6 D:\Project\JagoDigital\app\Controllers\NewUser\BaseController.php(69): CodeIgniter\BaseModel->first()
#7 D:\Project\JagoDigital\system\CodeIgniter.php(904): App\Controllers\NewUser\BaseController->__construct()
#8 D:\Project\JagoDigital\system\CodeIgniter.php(488): CodeIgniter\CodeIgniter->createController()
#9 D:\Project\JagoDigital\system\CodeIgniter.php(366): CodeIgniter\CodeIgniter->handleRequest(NULL, Object(Config\Cache), false)
#10 D:\Project\JagoDigital\public\index.php(67): CodeIgniter\CodeIgniter->run()
#11 D:\Project\JagoDigital\system\Commands\Server\rewrite.php(47): require_once('D:\\Project\\Jago...')
#12 {main}
CRITICAL - 2024-09-10 08:34:06 --> Table 'jagodm.tb_tentang' doesn't exist
in SYSTEMPATH\Database\MySQLi\Connection.php on line 295.
 1 SYSTEMPATH\Database\MySQLi\Connection.php(295): mysqli->query('SELECT *
FROM `tb_tentang`
 LIMIT 1', 0)
 2 SYSTEMPATH\Database\BaseConnection.php(692): CodeIgniter\Database\MySQLi\Connection->execute('SELECT *
FROM `tb_tentang`
 LIMIT 1')
 3 SYSTEMPATH\Database\BaseConnection.php(606): CodeIgniter\Database\BaseConnection->simpleQuery('SELECT *
FROM `tb_tentang`
 LIMIT 1')
 4 SYSTEMPATH\Database\BaseBuilder.php(1616): CodeIgniter\Database\BaseConnection->query('SELECT *
FROM `tb_tentang`
 LIMIT 1', [], false)
 5 SYSTEMPATH\Model.php(268): CodeIgniter\Database\BaseBuilder->get()
 6 SYSTEMPATH\BaseModel.php(656): CodeIgniter\Model->doFirst()
 7 APPPATH\Controllers\NewUser\BaseController.php(69): CodeIgniter\BaseModel->first()
 8 SYSTEMPATH\CodeIgniter.php(904): App\Controllers\NewUser\BaseController->__construct()
 9 SYSTEMPATH\CodeIgniter.php(488): CodeIgniter\CodeIgniter->createController()
10 SYSTEMPATH\CodeIgniter.php(366): CodeIgniter\CodeIgniter->handleRequest(null, Object(Config\Cache), false)
11 FCPATH\index.php(67): CodeIgniter\CodeIgniter->run()
12 SYSTEMPATH\Commands\Server\rewrite.php(47): require_once('D:\\Project\\JagoDigital\\public\\index.php')
INFO - 2024-09-10 08:34:07 --> Session: Class initialized using 'CodeIgniter\Session\Handlers\FileHandler' driver.
ERROR - 2024-09-10 08:34:07 --> mysqli_sql_exception: Table 'jagodm.tb_tentang' doesn't exist in D:\Project\JagoDigital\system\Database\MySQLi\Connection.php:295
Stack trace:
#0 D:\Project\JagoDigital\system\Database\MySQLi\Connection.php(295): mysqli->query('SELECT *\nFROM `...', 0)
#1 D:\Project\JagoDigital\system\Database\BaseConnection.php(692): CodeIgniter\Database\MySQLi\Connection->execute('SELECT *\nFROM `...')
#2 D:\Project\JagoDigital\system\Database\BaseConnection.php(606): CodeIgniter\Database\BaseConnection->simpleQuery('SELECT *\nFROM `...')
#3 D:\Project\JagoDigital\system\Database\BaseBuilder.php(1616): CodeIgniter\Database\BaseConnection->query('SELECT *\nFROM `...', Array, false)
#4 D:\Project\JagoDigital\system\Model.php(268): CodeIgniter\Database\BaseBuilder->get()
#5 D:\Project\JagoDigital\system\BaseModel.php(656): CodeIgniter\Model->doFirst()
#6 D:\Project\JagoDigital\app\Controllers\NewUser\BaseController.php(69): CodeIgniter\BaseModel->first()
#7 D:\Project\JagoDigital\system\CodeIgniter.php(904): App\Controllers\NewUser\BaseController->__construct()
#8 D:\Project\JagoDigital\system\CodeIgniter.php(488): CodeIgniter\CodeIgniter->createController()
#9 D:\Project\JagoDigital\system\CodeIgniter.php(366): CodeIgniter\CodeIgniter->handleRequest(NULL, Object(Config\Cache), false)
#10 D:\Project\JagoDigital\public\index.php(67): CodeIgniter\CodeIgniter->run()
#11 D:\Project\JagoDigital\system\Commands\Server\rewrite.php(47): require_once('D:\\Project\\Jago...')
#12 {main}
CRITICAL - 2024-09-10 08:34:07 --> Table 'jagodm.tb_tentang' doesn't exist
in SYSTEMPATH\Database\MySQLi\Connection.php on line 295.
 1 SYSTEMPATH\Database\MySQLi\Connection.php(295): mysqli->query('SELECT *
FROM `tb_tentang`
 LIMIT 1', 0)
 2 SYSTEMPATH\Database\BaseConnection.php(692): CodeIgniter\Database\MySQLi\Connection->execute('SELECT *
FROM `tb_tentang`
 LIMIT 1')
 3 SYSTEMPATH\Database\BaseConnection.php(606): CodeIgniter\Database\BaseConnection->simpleQuery('SELECT *
FROM `tb_tentang`
 LIMIT 1')
 4 SYSTEMPATH\Database\BaseBuilder.php(1616): CodeIgniter\Database\BaseConnection->query('SELECT *
FROM `tb_tentang`
 LIMIT 1', [], false)
 5 SYSTEMPATH\Model.php(268): CodeIgniter\Database\BaseBuilder->get()
 6 SYSTEMPATH\BaseModel.php(656): CodeIgniter\Model->doFirst()
 7 APPPATH\Controllers\NewUser\BaseController.php(69): CodeIgniter\BaseModel->first()
 8 SYSTEMPATH\CodeIgniter.php(904): App\Controllers\NewUser\BaseController->__construct()
 9 SYSTEMPATH\CodeIgniter.php(488): CodeIgniter\CodeIgniter->createController()
10 SYSTEMPATH\CodeIgniter.php(366): CodeIgniter\CodeIgniter->handleRequest(null, Object(Config\Cache), false)
11 FCPATH\index.php(67): CodeIgniter\CodeIgniter->run()
12 SYSTEMPATH\Commands\Server\rewrite.php(47): require_once('D:\\Project\\JagoDigital\\public\\index.php')
INFO - 2024-09-10 08:34:57 --> Session: Class initialized using 'CodeIgniter\Session\Handlers\FileHandler' driver.
INFO - 2024-09-10 08:35:54 --> Session: Class initialized using 'CodeIgniter\Session\Handlers\FileHandler' driver.
INFO - 2024-09-10 08:35:55 --> Session: Class initialized using 'CodeIgniter\Session\Handlers\FileHandler' driver.
INFO - 2024-09-10 08:35:56 --> Session: Class initialized using 'CodeIgniter\Session\Handlers\FileHandler' driver.
INFO - 2024-09-10 08:35:57 --> Session: Class initialized using 'CodeIgniter\Session\Handlers\FileHandler' driver.
INFO - 2024-09-10 08:36:20 --> Session: Class initialized using 'CodeIgniter\Session\Handlers\FileHandler' driver.
INFO - 2024-09-10 08:37:20 --> Session: Class initialized using 'CodeIgniter\Session\Handlers\FileHandler' driver.
INFO - 2024-09-10 08:37:23 --> Session: Class initialized using 'CodeIgniter\Session\Handlers\FileHandler' driver.
INFO - 2024-09-10 08:37:24 --> Session: Class initialized using 'CodeIgniter\Session\Handlers\FileHandler' driver.
INFO - 2024-09-10 08:37:24 --> Session: Class initialized using 'CodeIgniter\Session\Handlers\FileHandler' driver.
INFO - 2024-09-10 08:37:25 --> Session: Class initialized using 'CodeIgniter\Session\Handlers\FileHandler' driver.
INFO - 2024-09-10 08:37:26 --> Session: Class initialized using 'CodeIgniter\Session\Handlers\FileHandler' driver.
INFO - 2024-09-10 08:37:26 --> Session: Class initialized using 'CodeIgniter\Session\Handlers\FileHandler' driver.
INFO - 2024-09-10 08:37:27 --> Session: Class initialized using 'CodeIgniter\Session\Handlers\FileHandler' driver.
INFO - 2024-09-10 08:38:16 --> Session: Class initialized using 'CodeIgniter\Session\Handlers\FileHandler' driver.
INFO - 2024-09-10 08:38:18 --> Session: Class initialized using 'CodeIgniter\Session\Handlers\FileHandler' driver.
INFO - 2024-09-10 08:38:18 --> Session: Class initialized using 'CodeIgniter\Session\Handlers\FileHandler' driver.
INFO - 2024-09-10 08:38:19 --> Session: Class initialized using 'CodeIgniter\Session\Handlers\FileHandler' driver.
INFO - 2024-09-10 08:38:20 --> Session: Class initialized using 'CodeIgniter\Session\Handlers\FileHandler' driver.
INFO - 2024-09-10 08:38:20 --> Session: Class initialized using 'CodeIgniter\Session\Handlers\FileHandler' driver.
CRITICAL - 2024-09-10 08:49:48 --> Invalid file: "NewUser/page-checker.php"
in SYSTEMPATH\Exceptions\FrameworkException.php on line 33.
 1 SYSTEMPATH\View\View.php(212): CodeIgniter\Exceptions\FrameworkException::forInvalidFile('NewUser/page-checker.php')
 2 SYSTEMPATH\Common.php(1180): CodeIgniter\View\View->render('NewUser/page-checker', [], true)
 3 APPPATH\Controllers\NewUser\PageCheckerController.php(11): view('NewUser/page-checker')
 4 SYSTEMPATH\CodeIgniter.php(932): App\Controllers\NewUser\PageCheckerController->index()
 5 SYSTEMPATH\CodeIgniter.php(497): CodeIgniter\CodeIgniter->runController(Object(App\Controllers\NewUser\PageCheckerController))
 6 SYSTEMPATH\CodeIgniter.php(366): CodeIgniter\CodeIgniter->handleRequest(null, Object(Config\Cache), false)
 7 FCPATH\index.php(67): CodeIgniter\CodeIgniter->run()
 8 SYSTEMPATH\Commands\Server\rewrite.php(47): require_once('D:\\Project\\JagoDigital\\public\\index.php')
INFO - 2024-09-10 09:15:40 --> Session: Class initialized using 'CodeIgniter\Session\Handlers\FileHandler' driver.
INFO - 2024-09-10 09:18:08 --> Session: Class initialized using 'CodeIgniter\Session\Handlers\FileHandler' driver.
INFO - 2024-09-10 09:18:14 --> CSRF token verified.
INFO - 2024-09-10 09:18:14 --> Session: Class initialized using 'CodeIgniter\Session\Handlers\FileHandler' driver.
INFO - 2024-09-10 09:18:14 --> Session: Class initialized using 'CodeIgniter\Session\Handlers\FileHandler' driver.
INFO - 2024-09-10 09:18:19 --> CSRF token verified.
INFO - 2024-09-10 09:18:19 --> Session: Class initialized using 'CodeIgniter\Session\Handlers\FileHandler' driver.
INFO - 2024-09-10 09:18:19 --> Session: Class initialized using 'CodeIgniter\Session\Handlers\FileHandler' driver.
INFO - 2024-09-10 09:18:33 --> CSRF token verified.
INFO - 2024-09-10 09:18:33 --> Session: Class initialized using 'CodeIgniter\Session\Handlers\FileHandler' driver.
INFO - 2024-09-10 09:18:33 --> Session: Class initialized using 'CodeIgniter\Session\Handlers\FileHandler' driver.
INFO - 2024-09-10 09:21:19 --> Session: Class initialized using 'CodeIgniter\Session\Handlers\FileHandler' driver.
INFO - 2024-09-10 09:21:26 --> CSRF token verified.
INFO - 2024-09-10 09:21:26 --> Session: Class initialized using 'CodeIgniter\Session\Handlers\FileHandler' driver.
INFO - 2024-09-10 09:21:26 --> Session: Class initialized using 'CodeIgniter\Session\Handlers\FileHandler' driver.
