INFO - 2023-08-19 02:43:40 --> Session: Class initialized using 'CodeIgniter\Session\Handlers\FileHandler' driver.
INFO - 2023-08-19 02:43:41 --> Session: Class initialized using 'CodeIgniter\Session\Handlers\FileHandler' driver.
ERROR - 2023-08-19 02:43:43 --> Error connecting to the database: mysqli_sql_exception: Unknown database 'db_compro' in F:\WIT\Magang\Projek CI4\company-profile-ci4\system\Database\MySQLi\Connection.php:173
Stack trace:
#0 F:\WIT\Magang\Projek CI4\company-profile-ci4\system\Database\MySQLi\Connection.php(173): mysqli->real_connect('localhost', 'root', Object(SensitiveParameterValue), 'db_compro', 3306, '', 0)
#1 F:\WIT\Magang\Projek CI4\company-profile-ci4\system\Database\BaseConnection.php(391): CodeIgniter\Database\MySQLi\Connection->connect(false)
#2 F:\WIT\Magang\Projek CI4\company-profile-ci4\system\Database\BaseConnection.php(574): CodeIgniter\Database\BaseConnection->initialize()
#3 F:\WIT\Magang\Projek CI4\company-profile-ci4\system\Database\BaseBuilder.php(1616): CodeIgniter\Database\BaseConnection->query('SELECT *\nFROM `...', Array, false)
#4 F:\WIT\Magang\Projek CI4\company-profile-ci4\system\Model.php(241): CodeIgniter\Database\BaseBuilder->get()
#5 F:\WIT\Magang\Projek CI4\company-profile-ci4\system\BaseModel.php(618): CodeIgniter\Model->doFindAll(0, 0)
#6 F:\WIT\Magang\Projek CI4\company-profile-ci4\app\Controllers\user\Homectrl.php(28): CodeIgniter\BaseModel->findAll()
#7 F:\WIT\Magang\Projek CI4\company-profile-ci4\system\CodeIgniter.php(932): App\Controllers\user\Homectrl->index()
#8 F:\WIT\Magang\Projek CI4\company-profile-ci4\system\CodeIgniter.php(497): CodeIgniter\CodeIgniter->runController(Object(App\Controllers\user\Homectrl))
#9 F:\WIT\Magang\Projek CI4\company-profile-ci4\system\CodeIgniter.php(366): CodeIgniter\CodeIgniter->handleRequest(NULL, Object(Config\Cache), false)
#10 F:\WIT\Magang\Projek CI4\company-profile-ci4\public\index.php(67): CodeIgniter\CodeIgniter->run()
#11 F:\WIT\Magang\Projek CI4\company-profile-ci4\system\Commands\Server\rewrite.php(47): require_once('F:\\WIT\\Magang\\P...')
#12 {main}

Next CodeIgniter\Database\Exceptions\DatabaseException: Unknown database 'db_compro' in F:\WIT\Magang\Projek CI4\company-profile-ci4\system\Database\MySQLi\Connection.php:218
Stack trace:
#0 F:\WIT\Magang\Projek CI4\company-profile-ci4\system\Database\BaseConnection.php(391): CodeIgniter\Database\MySQLi\Connection->connect(false)
#1 F:\WIT\Magang\Projek CI4\company-profile-ci4\system\Database\BaseConnection.php(574): CodeIgniter\Database\BaseConnection->initialize()
#2 F:\WIT\Magang\Projek CI4\company-profile-ci4\system\Database\BaseBuilder.php(1616): CodeIgniter\Database\BaseConnection->query('SELECT *\nFROM `...', Array, false)
#3 F:\WIT\Magang\Projek CI4\company-profile-ci4\system\Model.php(241): CodeIgniter\Database\BaseBuilder->get()
#4 F:\WIT\Magang\Projek CI4\company-profile-ci4\system\BaseModel.php(618): CodeIgniter\Model->doFindAll(0, 0)
#5 F:\WIT\Magang\Projek CI4\company-profile-ci4\app\Controllers\user\Homectrl.php(28): CodeIgniter\BaseModel->findAll()
#6 F:\WIT\Magang\Projek CI4\company-profile-ci4\system\CodeIgniter.php(932): App\Controllers\user\Homectrl->index()
#7 F:\WIT\Magang\Projek CI4\company-profile-ci4\system\CodeIgniter.php(497): CodeIgniter\CodeIgniter->runController(Object(App\Controllers\user\Homectrl))
#8 F:\WIT\Magang\Projek CI4\company-profile-ci4\system\CodeIgniter.php(366): CodeIgniter\CodeIgniter->handleRequest(NULL, Object(Config\Cache), false)
#9 F:\WIT\Magang\Projek CI4\company-profile-ci4\public\index.php(67): CodeIgniter\CodeIgniter->run()
#10 F:\WIT\Magang\Projek CI4\company-profile-ci4\system\Commands\Server\rewrite.php(47): require_once('F:\\WIT\\Magang\\P...')
#11 {main}
CRITICAL - 2023-08-19 02:43:43 --> Unable to connect to the database.
Main connection [MySQLi]: Unknown database 'db_compro'
in SYSTEMPATH\Database\BaseConnection.php on line 427.
 1 SYSTEMPATH\Database\BaseConnection.php(574): CodeIgniter\Database\BaseConnection->initialize()
 2 SYSTEMPATH\Database\BaseBuilder.php(1616): CodeIgniter\Database\BaseConnection->query('SELECT *
FROM `tb_profil`', [], false)
 3 SYSTEMPATH\Model.php(241): CodeIgniter\Database\BaseBuilder->get()
 4 SYSTEMPATH\BaseModel.php(618): CodeIgniter\Model->doFindAll(0, 0)
 5 APPPATH\Controllers\user\Homectrl.php(28): CodeIgniter\BaseModel->findAll()
 6 SYSTEMPATH\CodeIgniter.php(932): App\Controllers\user\Homectrl->index()
 7 SYSTEMPATH\CodeIgniter.php(497): CodeIgniter\CodeIgniter->runController(Object(App\Controllers\user\Homectrl))
 8 SYSTEMPATH\CodeIgniter.php(366): CodeIgniter\CodeIgniter->handleRequest(null, Object(Config\Cache), false)
 9 FCPATH\index.php(67): CodeIgniter\CodeIgniter->run()
10 SYSTEMPATH\Commands\Server\rewrite.php(47): require_once('F:\\WIT\\Magang\\Projek CI4\\company-profile-ci4\\public\\index.php')
INFO - 2023-08-19 02:43:50 --> Session: Class initialized using 'CodeIgniter\Session\Handlers\FileHandler' driver.
INFO - 2023-08-19 02:44:17 --> Session: Class initialized using 'CodeIgniter\Session\Handlers\FileHandler' driver.
ERROR - 2023-08-19 02:44:17 --> Error connecting to the database: mysqli_sql_exception: Unknown database 'db_compro' in F:\WIT\Magang\Projek CI4\company-profile-ci4\system\Database\MySQLi\Connection.php:173
Stack trace:
#0 F:\WIT\Magang\Projek CI4\company-profile-ci4\system\Database\MySQLi\Connection.php(173): mysqli->real_connect('localhost', 'root', Object(SensitiveParameterValue), 'db_compro', 3306, '', 0)
#1 F:\WIT\Magang\Projek CI4\company-profile-ci4\system\Database\BaseConnection.php(391): CodeIgniter\Database\MySQLi\Connection->connect(false)
#2 F:\WIT\Magang\Projek CI4\company-profile-ci4\system\Database\BaseConnection.php(574): CodeIgniter\Database\BaseConnection->initialize()
#3 F:\WIT\Magang\Projek CI4\company-profile-ci4\system\Database\BaseBuilder.php(1616): CodeIgniter\Database\BaseConnection->query('SELECT *\nFROM `...', Array, false)
#4 F:\WIT\Magang\Projek CI4\company-profile-ci4\system\Model.php(241): CodeIgniter\Database\BaseBuilder->get()
#5 F:\WIT\Magang\Projek CI4\company-profile-ci4\system\BaseModel.php(618): CodeIgniter\Model->doFindAll(0, 0)
#6 F:\WIT\Magang\Projek CI4\company-profile-ci4\app\Controllers\user\Homectrl.php(28): CodeIgniter\BaseModel->findAll()
#7 F:\WIT\Magang\Projek CI4\company-profile-ci4\system\CodeIgniter.php(932): App\Controllers\user\Homectrl->index()
#8 F:\WIT\Magang\Projek CI4\company-profile-ci4\system\CodeIgniter.php(497): CodeIgniter\CodeIgniter->runController(Object(App\Controllers\user\Homectrl))
#9 F:\WIT\Magang\Projek CI4\company-profile-ci4\system\CodeIgniter.php(366): CodeIgniter\CodeIgniter->handleRequest(NULL, Object(Config\Cache), false)
#10 F:\WIT\Magang\Projek CI4\company-profile-ci4\public\index.php(67): CodeIgniter\CodeIgniter->run()
#11 F:\WIT\Magang\Projek CI4\company-profile-ci4\system\Commands\Server\rewrite.php(47): require_once('F:\\WIT\\Magang\\P...')
#12 {main}

Next CodeIgniter\Database\Exceptions\DatabaseException: Unknown database 'db_compro' in F:\WIT\Magang\Projek CI4\company-profile-ci4\system\Database\MySQLi\Connection.php:218
Stack trace:
#0 F:\WIT\Magang\Projek CI4\company-profile-ci4\system\Database\BaseConnection.php(391): CodeIgniter\Database\MySQLi\Connection->connect(false)
#1 F:\WIT\Magang\Projek CI4\company-profile-ci4\system\Database\BaseConnection.php(574): CodeIgniter\Database\BaseConnection->initialize()
#2 F:\WIT\Magang\Projek CI4\company-profile-ci4\system\Database\BaseBuilder.php(1616): CodeIgniter\Database\BaseConnection->query('SELECT *\nFROM `...', Array, false)
#3 F:\WIT\Magang\Projek CI4\company-profile-ci4\system\Model.php(241): CodeIgniter\Database\BaseBuilder->get()
#4 F:\WIT\Magang\Projek CI4\company-profile-ci4\system\BaseModel.php(618): CodeIgniter\Model->doFindAll(0, 0)
#5 F:\WIT\Magang\Projek CI4\company-profile-ci4\app\Controllers\user\Homectrl.php(28): CodeIgniter\BaseModel->findAll()
#6 F:\WIT\Magang\Projek CI4\company-profile-ci4\system\CodeIgniter.php(932): App\Controllers\user\Homectrl->index()
#7 F:\WIT\Magang\Projek CI4\company-profile-ci4\system\CodeIgniter.php(497): CodeIgniter\CodeIgniter->runController(Object(App\Controllers\user\Homectrl))
#8 F:\WIT\Magang\Projek CI4\company-profile-ci4\system\CodeIgniter.php(366): CodeIgniter\CodeIgniter->handleRequest(NULL, Object(Config\Cache), false)
#9 F:\WIT\Magang\Projek CI4\company-profile-ci4\public\index.php(67): CodeIgniter\CodeIgniter->run()
#10 F:\WIT\Magang\Projek CI4\company-profile-ci4\system\Commands\Server\rewrite.php(47): require_once('F:\\WIT\\Magang\\P...')
#11 {main}
CRITICAL - 2023-08-19 02:44:17 --> Unable to connect to the database.
Main connection [MySQLi]: Unknown database 'db_compro'
in SYSTEMPATH\Database\BaseConnection.php on line 427.
 1 SYSTEMPATH\Database\BaseConnection.php(574): CodeIgniter\Database\BaseConnection->initialize()
 2 SYSTEMPATH\Database\BaseBuilder.php(1616): CodeIgniter\Database\BaseConnection->query('SELECT *
FROM `tb_profil`', [], false)
 3 SYSTEMPATH\Model.php(241): CodeIgniter\Database\BaseBuilder->get()
 4 SYSTEMPATH\BaseModel.php(618): CodeIgniter\Model->doFindAll(0, 0)
 5 APPPATH\Controllers\user\Homectrl.php(28): CodeIgniter\BaseModel->findAll()
 6 SYSTEMPATH\CodeIgniter.php(932): App\Controllers\user\Homectrl->index()
 7 SYSTEMPATH\CodeIgniter.php(497): CodeIgniter\CodeIgniter->runController(Object(App\Controllers\user\Homectrl))
 8 SYSTEMPATH\CodeIgniter.php(366): CodeIgniter\CodeIgniter->handleRequest(null, Object(Config\Cache), false)
 9 FCPATH\index.php(67): CodeIgniter\CodeIgniter->run()
10 SYSTEMPATH\Commands\Server\rewrite.php(47): require_once('F:\\WIT\\Magang\\Projek CI4\\company-profile-ci4\\public\\index.php')
INFO - 2023-08-19 02:44:27 --> Session: Class initialized using 'CodeIgniter\Session\Handlers\FileHandler' driver.
ERROR - 2023-08-19 02:44:27 --> Error connecting to the database: mysqli_sql_exception: Unknown database 'db_compro' in F:\WIT\Magang\Projek CI4\company-profile-ci4\system\Database\MySQLi\Connection.php:173
Stack trace:
#0 F:\WIT\Magang\Projek CI4\company-profile-ci4\system\Database\MySQLi\Connection.php(173): mysqli->real_connect('localhost', 'root', Object(SensitiveParameterValue), 'db_compro', 3306, '', 0)
#1 F:\WIT\Magang\Projek CI4\company-profile-ci4\system\Database\BaseConnection.php(391): CodeIgniter\Database\MySQLi\Connection->connect(false)
#2 F:\WIT\Magang\Projek CI4\company-profile-ci4\system\Database\BaseConnection.php(574): CodeIgniter\Database\BaseConnection->initialize()
#3 F:\WIT\Magang\Projek CI4\company-profile-ci4\system\Database\BaseBuilder.php(1616): CodeIgniter\Database\BaseConnection->query('SELECT *\nFROM `...', Array, false)
#4 F:\WIT\Magang\Projek CI4\company-profile-ci4\system\Model.php(241): CodeIgniter\Database\BaseBuilder->get()
#5 F:\WIT\Magang\Projek CI4\company-profile-ci4\system\BaseModel.php(618): CodeIgniter\Model->doFindAll(0, 0)
#6 F:\WIT\Magang\Projek CI4\company-profile-ci4\app\Controllers\user\Homectrl.php(28): CodeIgniter\BaseModel->findAll()
#7 F:\WIT\Magang\Projek CI4\company-profile-ci4\system\CodeIgniter.php(932): App\Controllers\user\Homectrl->index()
#8 F:\WIT\Magang\Projek CI4\company-profile-ci4\system\CodeIgniter.php(497): CodeIgniter\CodeIgniter->runController(Object(App\Controllers\user\Homectrl))
#9 F:\WIT\Magang\Projek CI4\company-profile-ci4\system\CodeIgniter.php(366): CodeIgniter\CodeIgniter->handleRequest(NULL, Object(Config\Cache), false)
#10 F:\WIT\Magang\Projek CI4\company-profile-ci4\public\index.php(67): CodeIgniter\CodeIgniter->run()
#11 F:\WIT\Magang\Projek CI4\company-profile-ci4\system\Commands\Server\rewrite.php(47): require_once('F:\\WIT\\Magang\\P...')
#12 {main}

Next CodeIgniter\Database\Exceptions\DatabaseException: Unknown database 'db_compro' in F:\WIT\Magang\Projek CI4\company-profile-ci4\system\Database\MySQLi\Connection.php:218
Stack trace:
#0 F:\WIT\Magang\Projek CI4\company-profile-ci4\system\Database\BaseConnection.php(391): CodeIgniter\Database\MySQLi\Connection->connect(false)
#1 F:\WIT\Magang\Projek CI4\company-profile-ci4\system\Database\BaseConnection.php(574): CodeIgniter\Database\BaseConnection->initialize()
#2 F:\WIT\Magang\Projek CI4\company-profile-ci4\system\Database\BaseBuilder.php(1616): CodeIgniter\Database\BaseConnection->query('SELECT *\nFROM `...', Array, false)
#3 F:\WIT\Magang\Projek CI4\company-profile-ci4\system\Model.php(241): CodeIgniter\Database\BaseBuilder->get()
#4 F:\WIT\Magang\Projek CI4\company-profile-ci4\system\BaseModel.php(618): CodeIgniter\Model->doFindAll(0, 0)
#5 F:\WIT\Magang\Projek CI4\company-profile-ci4\app\Controllers\user\Homectrl.php(28): CodeIgniter\BaseModel->findAll()
#6 F:\WIT\Magang\Projek CI4\company-profile-ci4\system\CodeIgniter.php(932): App\Controllers\user\Homectrl->index()
#7 F:\WIT\Magang\Projek CI4\company-profile-ci4\system\CodeIgniter.php(497): CodeIgniter\CodeIgniter->runController(Object(App\Controllers\user\Homectrl))
#8 F:\WIT\Magang\Projek CI4\company-profile-ci4\system\CodeIgniter.php(366): CodeIgniter\CodeIgniter->handleRequest(NULL, Object(Config\Cache), false)
#9 F:\WIT\Magang\Projek CI4\company-profile-ci4\public\index.php(67): CodeIgniter\CodeIgniter->run()
#10 F:\WIT\Magang\Projek CI4\company-profile-ci4\system\Commands\Server\rewrite.php(47): require_once('F:\\WIT\\Magang\\P...')
#11 {main}
CRITICAL - 2023-08-19 02:44:27 --> Unable to connect to the database.
Main connection [MySQLi]: Unknown database 'db_compro'
in SYSTEMPATH\Database\BaseConnection.php on line 427.
 1 SYSTEMPATH\Database\BaseConnection.php(574): CodeIgniter\Database\BaseConnection->initialize()
 2 SYSTEMPATH\Database\BaseBuilder.php(1616): CodeIgniter\Database\BaseConnection->query('SELECT *
FROM `tb_profil`', [], false)
 3 SYSTEMPATH\Model.php(241): CodeIgniter\Database\BaseBuilder->get()
 4 SYSTEMPATH\BaseModel.php(618): CodeIgniter\Model->doFindAll(0, 0)
 5 APPPATH\Controllers\user\Homectrl.php(28): CodeIgniter\BaseModel->findAll()
 6 SYSTEMPATH\CodeIgniter.php(932): App\Controllers\user\Homectrl->index()
 7 SYSTEMPATH\CodeIgniter.php(497): CodeIgniter\CodeIgniter->runController(Object(App\Controllers\user\Homectrl))
 8 SYSTEMPATH\CodeIgniter.php(366): CodeIgniter\CodeIgniter->handleRequest(null, Object(Config\Cache), false)
 9 FCPATH\index.php(67): CodeIgniter\CodeIgniter->run()
10 SYSTEMPATH\Commands\Server\rewrite.php(47): require_once('F:\\WIT\\Magang\\Projek CI4\\company-profile-ci4\\public\\index.php')
INFO - 2023-08-19 02:44:29 --> Session: Class initialized using 'CodeIgniter\Session\Handlers\FileHandler' driver.
ERROR - 2023-08-19 02:44:29 --> Error connecting to the database: mysqli_sql_exception: Unknown database 'db_compro' in F:\WIT\Magang\Projek CI4\company-profile-ci4\system\Database\MySQLi\Connection.php:173
Stack trace:
#0 F:\WIT\Magang\Projek CI4\company-profile-ci4\system\Database\MySQLi\Connection.php(173): mysqli->real_connect('localhost', 'root', Object(SensitiveParameterValue), 'db_compro', 3306, '', 0)
#1 F:\WIT\Magang\Projek CI4\company-profile-ci4\system\Database\BaseConnection.php(391): CodeIgniter\Database\MySQLi\Connection->connect(false)
#2 F:\WIT\Magang\Projek CI4\company-profile-ci4\system\Database\BaseConnection.php(574): CodeIgniter\Database\BaseConnection->initialize()
#3 F:\WIT\Magang\Projek CI4\company-profile-ci4\system\Database\BaseBuilder.php(1616): CodeIgniter\Database\BaseConnection->query('SELECT *\nFROM `...', Array, false)
#4 F:\WIT\Magang\Projek CI4\company-profile-ci4\system\Model.php(241): CodeIgniter\Database\BaseBuilder->get()
#5 F:\WIT\Magang\Projek CI4\company-profile-ci4\system\BaseModel.php(618): CodeIgniter\Model->doFindAll(0, 0)
#6 F:\WIT\Magang\Projek CI4\company-profile-ci4\app\Controllers\user\Homectrl.php(28): CodeIgniter\BaseModel->findAll()
#7 F:\WIT\Magang\Projek CI4\company-profile-ci4\system\CodeIgniter.php(932): App\Controllers\user\Homectrl->index()
#8 F:\WIT\Magang\Projek CI4\company-profile-ci4\system\CodeIgniter.php(497): CodeIgniter\CodeIgniter->runController(Object(App\Controllers\user\Homectrl))
#9 F:\WIT\Magang\Projek CI4\company-profile-ci4\system\CodeIgniter.php(366): CodeIgniter\CodeIgniter->handleRequest(NULL, Object(Config\Cache), false)
#10 F:\WIT\Magang\Projek CI4\company-profile-ci4\public\index.php(67): CodeIgniter\CodeIgniter->run()
#11 F:\WIT\Magang\Projek CI4\company-profile-ci4\system\Commands\Server\rewrite.php(47): require_once('F:\\WIT\\Magang\\P...')
#12 {main}

Next CodeIgniter\Database\Exceptions\DatabaseException: Unknown database 'db_compro' in F:\WIT\Magang\Projek CI4\company-profile-ci4\system\Database\MySQLi\Connection.php:218
Stack trace:
#0 F:\WIT\Magang\Projek CI4\company-profile-ci4\system\Database\BaseConnection.php(391): CodeIgniter\Database\MySQLi\Connection->connect(false)
#1 F:\WIT\Magang\Projek CI4\company-profile-ci4\system\Database\BaseConnection.php(574): CodeIgniter\Database\BaseConnection->initialize()
#2 F:\WIT\Magang\Projek CI4\company-profile-ci4\system\Database\BaseBuilder.php(1616): CodeIgniter\Database\BaseConnection->query('SELECT *\nFROM `...', Array, false)
#3 F:\WIT\Magang\Projek CI4\company-profile-ci4\system\Model.php(241): CodeIgniter\Database\BaseBuilder->get()
#4 F:\WIT\Magang\Projek CI4\company-profile-ci4\system\BaseModel.php(618): CodeIgniter\Model->doFindAll(0, 0)
#5 F:\WIT\Magang\Projek CI4\company-profile-ci4\app\Controllers\user\Homectrl.php(28): CodeIgniter\BaseModel->findAll()
#6 F:\WIT\Magang\Projek CI4\company-profile-ci4\system\CodeIgniter.php(932): App\Controllers\user\Homectrl->index()
#7 F:\WIT\Magang\Projek CI4\company-profile-ci4\system\CodeIgniter.php(497): CodeIgniter\CodeIgniter->runController(Object(App\Controllers\user\Homectrl))
#8 F:\WIT\Magang\Projek CI4\company-profile-ci4\system\CodeIgniter.php(366): CodeIgniter\CodeIgniter->handleRequest(NULL, Object(Config\Cache), false)
#9 F:\WIT\Magang\Projek CI4\company-profile-ci4\public\index.php(67): CodeIgniter\CodeIgniter->run()
#10 F:\WIT\Magang\Projek CI4\company-profile-ci4\system\Commands\Server\rewrite.php(47): require_once('F:\\WIT\\Magang\\P...')
#11 {main}
CRITICAL - 2023-08-19 02:44:29 --> Unable to connect to the database.
Main connection [MySQLi]: Unknown database 'db_compro'
in SYSTEMPATH\Database\BaseConnection.php on line 427.
 1 SYSTEMPATH\Database\BaseConnection.php(574): CodeIgniter\Database\BaseConnection->initialize()
 2 SYSTEMPATH\Database\BaseBuilder.php(1616): CodeIgniter\Database\BaseConnection->query('SELECT *
FROM `tb_profil`', [], false)
 3 SYSTEMPATH\Model.php(241): CodeIgniter\Database\BaseBuilder->get()
 4 SYSTEMPATH\BaseModel.php(618): CodeIgniter\Model->doFindAll(0, 0)
 5 APPPATH\Controllers\user\Homectrl.php(28): CodeIgniter\BaseModel->findAll()
 6 SYSTEMPATH\CodeIgniter.php(932): App\Controllers\user\Homectrl->index()
 7 SYSTEMPATH\CodeIgniter.php(497): CodeIgniter\CodeIgniter->runController(Object(App\Controllers\user\Homectrl))
 8 SYSTEMPATH\CodeIgniter.php(366): CodeIgniter\CodeIgniter->handleRequest(null, Object(Config\Cache), false)
 9 FCPATH\index.php(67): CodeIgniter\CodeIgniter->run()
10 SYSTEMPATH\Commands\Server\rewrite.php(47): require_once('F:\\WIT\\Magang\\Projek CI4\\company-profile-ci4\\public\\index.php')
INFO - 2023-08-19 02:44:31 --> Session: Class initialized using 'CodeIgniter\Session\Handlers\FileHandler' driver.
INFO - 2023-08-19 02:44:32 --> Session: Class initialized using 'CodeIgniter\Session\Handlers\FileHandler' driver.
ERROR - 2023-08-19 02:44:32 --> Error connecting to the database: mysqli_sql_exception: Unknown database 'db_compro' in F:\WIT\Magang\Projek CI4\company-profile-ci4\system\Database\MySQLi\Connection.php:173
Stack trace:
#0 F:\WIT\Magang\Projek CI4\company-profile-ci4\system\Database\MySQLi\Connection.php(173): mysqli->real_connect('localhost', 'root', Object(SensitiveParameterValue), 'db_compro', 3306, '', 0)
#1 F:\WIT\Magang\Projek CI4\company-profile-ci4\system\Database\BaseConnection.php(391): CodeIgniter\Database\MySQLi\Connection->connect(false)
#2 F:\WIT\Magang\Projek CI4\company-profile-ci4\system\Database\BaseConnection.php(574): CodeIgniter\Database\BaseConnection->initialize()
#3 F:\WIT\Magang\Projek CI4\company-profile-ci4\system\Database\BaseBuilder.php(1616): CodeIgniter\Database\BaseConnection->query('SELECT *\nFROM `...', Array, false)
#4 F:\WIT\Magang\Projek CI4\company-profile-ci4\system\Model.php(241): CodeIgniter\Database\BaseBuilder->get()
#5 F:\WIT\Magang\Projek CI4\company-profile-ci4\system\BaseModel.php(618): CodeIgniter\Model->doFindAll(0, 0)
#6 F:\WIT\Magang\Projek CI4\company-profile-ci4\app\Controllers\user\Homectrl.php(28): CodeIgniter\BaseModel->findAll()
#7 F:\WIT\Magang\Projek CI4\company-profile-ci4\system\CodeIgniter.php(932): App\Controllers\user\Homectrl->index()
#8 F:\WIT\Magang\Projek CI4\company-profile-ci4\system\CodeIgniter.php(497): CodeIgniter\CodeIgniter->runController(Object(App\Controllers\user\Homectrl))
#9 F:\WIT\Magang\Projek CI4\company-profile-ci4\system\CodeIgniter.php(366): CodeIgniter\CodeIgniter->handleRequest(NULL, Object(Config\Cache), false)
#10 F:\WIT\Magang\Projek CI4\company-profile-ci4\public\index.php(67): CodeIgniter\CodeIgniter->run()
#11 F:\WIT\Magang\Projek CI4\company-profile-ci4\system\Commands\Server\rewrite.php(47): require_once('F:\\WIT\\Magang\\P...')
#12 {main}

Next CodeIgniter\Database\Exceptions\DatabaseException: Unknown database 'db_compro' in F:\WIT\Magang\Projek CI4\company-profile-ci4\system\Database\MySQLi\Connection.php:218
Stack trace:
#0 F:\WIT\Magang\Projek CI4\company-profile-ci4\system\Database\BaseConnection.php(391): CodeIgniter\Database\MySQLi\Connection->connect(false)
#1 F:\WIT\Magang\Projek CI4\company-profile-ci4\system\Database\BaseConnection.php(574): CodeIgniter\Database\BaseConnection->initialize()
#2 F:\WIT\Magang\Projek CI4\company-profile-ci4\system\Database\BaseBuilder.php(1616): CodeIgniter\Database\BaseConnection->query('SELECT *\nFROM `...', Array, false)
#3 F:\WIT\Magang\Projek CI4\company-profile-ci4\system\Model.php(241): CodeIgniter\Database\BaseBuilder->get()
#4 F:\WIT\Magang\Projek CI4\company-profile-ci4\system\BaseModel.php(618): CodeIgniter\Model->doFindAll(0, 0)
#5 F:\WIT\Magang\Projek CI4\company-profile-ci4\app\Controllers\user\Homectrl.php(28): CodeIgniter\BaseModel->findAll()
#6 F:\WIT\Magang\Projek CI4\company-profile-ci4\system\CodeIgniter.php(932): App\Controllers\user\Homectrl->index()
#7 F:\WIT\Magang\Projek CI4\company-profile-ci4\system\CodeIgniter.php(497): CodeIgniter\CodeIgniter->runController(Object(App\Controllers\user\Homectrl))
#8 F:\WIT\Magang\Projek CI4\company-profile-ci4\system\CodeIgniter.php(366): CodeIgniter\CodeIgniter->handleRequest(NULL, Object(Config\Cache), false)
#9 F:\WIT\Magang\Projek CI4\company-profile-ci4\public\index.php(67): CodeIgniter\CodeIgniter->run()
#10 F:\WIT\Magang\Projek CI4\company-profile-ci4\system\Commands\Server\rewrite.php(47): require_once('F:\\WIT\\Magang\\P...')
#11 {main}
CRITICAL - 2023-08-19 02:44:32 --> Unable to connect to the database.
Main connection [MySQLi]: Unknown database 'db_compro'
in SYSTEMPATH\Database\BaseConnection.php on line 427.
 1 SYSTEMPATH\Database\BaseConnection.php(574): CodeIgniter\Database\BaseConnection->initialize()
 2 SYSTEMPATH\Database\BaseBuilder.php(1616): CodeIgniter\Database\BaseConnection->query('SELECT *
FROM `tb_profil`', [], false)
 3 SYSTEMPATH\Model.php(241): CodeIgniter\Database\BaseBuilder->get()
 4 SYSTEMPATH\BaseModel.php(618): CodeIgniter\Model->doFindAll(0, 0)
 5 APPPATH\Controllers\user\Homectrl.php(28): CodeIgniter\BaseModel->findAll()
 6 SYSTEMPATH\CodeIgniter.php(932): App\Controllers\user\Homectrl->index()
 7 SYSTEMPATH\CodeIgniter.php(497): CodeIgniter\CodeIgniter->runController(Object(App\Controllers\user\Homectrl))
 8 SYSTEMPATH\CodeIgniter.php(366): CodeIgniter\CodeIgniter->handleRequest(null, Object(Config\Cache), false)
 9 FCPATH\index.php(67): CodeIgniter\CodeIgniter->run()
10 SYSTEMPATH\Commands\Server\rewrite.php(47): require_once('F:\\WIT\\Magang\\Projek CI4\\company-profile-ci4\\public\\index.php')
INFO - 2023-08-19 02:44:37 --> Session: Class initialized using 'CodeIgniter\Session\Handlers\FileHandler' driver.
INFO - 2023-08-19 02:44:37 --> Session: Class initialized using 'CodeIgniter\Session\Handlers\FileHandler' driver.
ERROR - 2023-08-19 02:44:37 --> Error connecting to the database: mysqli_sql_exception: Unknown database 'db_compro' in F:\WIT\Magang\Projek CI4\company-profile-ci4\system\Database\MySQLi\Connection.php:173
Stack trace:
#0 F:\WIT\Magang\Projek CI4\company-profile-ci4\system\Database\MySQLi\Connection.php(173): mysqli->real_connect('localhost', 'root', Object(SensitiveParameterValue), 'db_compro', 3306, '', 0)
#1 F:\WIT\Magang\Projek CI4\company-profile-ci4\system\Database\BaseConnection.php(391): CodeIgniter\Database\MySQLi\Connection->connect(false)
#2 F:\WIT\Magang\Projek CI4\company-profile-ci4\system\Database\BaseConnection.php(574): CodeIgniter\Database\BaseConnection->initialize()
#3 F:\WIT\Magang\Projek CI4\company-profile-ci4\system\Database\BaseBuilder.php(1616): CodeIgniter\Database\BaseConnection->query('SELECT *\nFROM `...', Array, false)
#4 F:\WIT\Magang\Projek CI4\company-profile-ci4\system\Model.php(241): CodeIgniter\Database\BaseBuilder->get()
#5 F:\WIT\Magang\Projek CI4\company-profile-ci4\system\BaseModel.php(618): CodeIgniter\Model->doFindAll(0, 0)
#6 F:\WIT\Magang\Projek CI4\company-profile-ci4\app\Controllers\user\Homectrl.php(28): CodeIgniter\BaseModel->findAll()
#7 F:\WIT\Magang\Projek CI4\company-profile-ci4\system\CodeIgniter.php(932): App\Controllers\user\Homectrl->index()
#8 F:\WIT\Magang\Projek CI4\company-profile-ci4\system\CodeIgniter.php(497): CodeIgniter\CodeIgniter->runController(Object(App\Controllers\user\Homectrl))
#9 F:\WIT\Magang\Projek CI4\company-profile-ci4\system\CodeIgniter.php(366): CodeIgniter\CodeIgniter->handleRequest(NULL, Object(Config\Cache), false)
#10 F:\WIT\Magang\Projek CI4\company-profile-ci4\public\index.php(67): CodeIgniter\CodeIgniter->run()
#11 F:\WIT\Magang\Projek CI4\company-profile-ci4\system\Commands\Server\rewrite.php(47): require_once('F:\\WIT\\Magang\\P...')
#12 {main}

Next CodeIgniter\Database\Exceptions\DatabaseException: Unknown database 'db_compro' in F:\WIT\Magang\Projek CI4\company-profile-ci4\system\Database\MySQLi\Connection.php:218
Stack trace:
#0 F:\WIT\Magang\Projek CI4\company-profile-ci4\system\Database\BaseConnection.php(391): CodeIgniter\Database\MySQLi\Connection->connect(false)
#1 F:\WIT\Magang\Projek CI4\company-profile-ci4\system\Database\BaseConnection.php(574): CodeIgniter\Database\BaseConnection->initialize()
#2 F:\WIT\Magang\Projek CI4\company-profile-ci4\system\Database\BaseBuilder.php(1616): CodeIgniter\Database\BaseConnection->query('SELECT *\nFROM `...', Array, false)
#3 F:\WIT\Magang\Projek CI4\company-profile-ci4\system\Model.php(241): CodeIgniter\Database\BaseBuilder->get()
#4 F:\WIT\Magang\Projek CI4\company-profile-ci4\system\BaseModel.php(618): CodeIgniter\Model->doFindAll(0, 0)
#5 F:\WIT\Magang\Projek CI4\company-profile-ci4\app\Controllers\user\Homectrl.php(28): CodeIgniter\BaseModel->findAll()
#6 F:\WIT\Magang\Projek CI4\company-profile-ci4\system\CodeIgniter.php(932): App\Controllers\user\Homectrl->index()
#7 F:\WIT\Magang\Projek CI4\company-profile-ci4\system\CodeIgniter.php(497): CodeIgniter\CodeIgniter->runController(Object(App\Controllers\user\Homectrl))
#8 F:\WIT\Magang\Projek CI4\company-profile-ci4\system\CodeIgniter.php(366): CodeIgniter\CodeIgniter->handleRequest(NULL, Object(Config\Cache), false)
#9 F:\WIT\Magang\Projek CI4\company-profile-ci4\public\index.php(67): CodeIgniter\CodeIgniter->run()
#10 F:\WIT\Magang\Projek CI4\company-profile-ci4\system\Commands\Server\rewrite.php(47): require_once('F:\\WIT\\Magang\\P...')
#11 {main}
CRITICAL - 2023-08-19 02:44:37 --> Unable to connect to the database.
Main connection [MySQLi]: Unknown database 'db_compro'
in SYSTEMPATH\Database\BaseConnection.php on line 427.
 1 SYSTEMPATH\Database\BaseConnection.php(574): CodeIgniter\Database\BaseConnection->initialize()
 2 SYSTEMPATH\Database\BaseBuilder.php(1616): CodeIgniter\Database\BaseConnection->query('SELECT *
FROM `tb_profil`', [], false)
 3 SYSTEMPATH\Model.php(241): CodeIgniter\Database\BaseBuilder->get()
 4 SYSTEMPATH\BaseModel.php(618): CodeIgniter\Model->doFindAll(0, 0)
 5 APPPATH\Controllers\user\Homectrl.php(28): CodeIgniter\BaseModel->findAll()
 6 SYSTEMPATH\CodeIgniter.php(932): App\Controllers\user\Homectrl->index()
 7 SYSTEMPATH\CodeIgniter.php(497): CodeIgniter\CodeIgniter->runController(Object(App\Controllers\user\Homectrl))
 8 SYSTEMPATH\CodeIgniter.php(366): CodeIgniter\CodeIgniter->handleRequest(null, Object(Config\Cache), false)
 9 FCPATH\index.php(67): CodeIgniter\CodeIgniter->run()
10 SYSTEMPATH\Commands\Server\rewrite.php(47): require_once('F:\\WIT\\Magang\\Projek CI4\\company-profile-ci4\\public\\index.php')
INFO - 2023-08-19 02:45:30 --> Session: Class initialized using 'CodeIgniter\Session\Handlers\FileHandler' driver.
ERROR - 2023-08-19 02:45:30 --> Error connecting to the database: mysqli_sql_exception: Unknown database 'db_compro' in F:\WIT\Magang\Projek CI4\company-profile-ci4\system\Database\MySQLi\Connection.php:173
Stack trace:
#0 F:\WIT\Magang\Projek CI4\company-profile-ci4\system\Database\MySQLi\Connection.php(173): mysqli->real_connect('localhost', 'root', Object(SensitiveParameterValue), 'db_compro', 3306, '', 0)
#1 F:\WIT\Magang\Projek CI4\company-profile-ci4\system\Database\BaseConnection.php(391): CodeIgniter\Database\MySQLi\Connection->connect(false)
#2 F:\WIT\Magang\Projek CI4\company-profile-ci4\system\Database\BaseConnection.php(574): CodeIgniter\Database\BaseConnection->initialize()
#3 F:\WIT\Magang\Projek CI4\company-profile-ci4\system\Database\BaseBuilder.php(1616): CodeIgniter\Database\BaseConnection->query('SELECT *\nFROM `...', Array, false)
#4 F:\WIT\Magang\Projek CI4\company-profile-ci4\system\Model.php(241): CodeIgniter\Database\BaseBuilder->get()
#5 F:\WIT\Magang\Projek CI4\company-profile-ci4\system\BaseModel.php(618): CodeIgniter\Model->doFindAll(0, 0)
#6 F:\WIT\Magang\Projek CI4\company-profile-ci4\app\Controllers\user\Homectrl.php(28): CodeIgniter\BaseModel->findAll()
#7 F:\WIT\Magang\Projek CI4\company-profile-ci4\system\CodeIgniter.php(932): App\Controllers\user\Homectrl->index()
#8 F:\WIT\Magang\Projek CI4\company-profile-ci4\system\CodeIgniter.php(497): CodeIgniter\CodeIgniter->runController(Object(App\Controllers\user\Homectrl))
#9 F:\WIT\Magang\Projek CI4\company-profile-ci4\system\CodeIgniter.php(366): CodeIgniter\CodeIgniter->handleRequest(NULL, Object(Config\Cache), false)
#10 F:\WIT\Magang\Projek CI4\company-profile-ci4\public\index.php(67): CodeIgniter\CodeIgniter->run()
#11 F:\WIT\Magang\Projek CI4\company-profile-ci4\system\Commands\Server\rewrite.php(47): require_once('F:\\WIT\\Magang\\P...')
#12 {main}

Next CodeIgniter\Database\Exceptions\DatabaseException: Unknown database 'db_compro' in F:\WIT\Magang\Projek CI4\company-profile-ci4\system\Database\MySQLi\Connection.php:218
Stack trace:
#0 F:\WIT\Magang\Projek CI4\company-profile-ci4\system\Database\BaseConnection.php(391): CodeIgniter\Database\MySQLi\Connection->connect(false)
#1 F:\WIT\Magang\Projek CI4\company-profile-ci4\system\Database\BaseConnection.php(574): CodeIgniter\Database\BaseConnection->initialize()
#2 F:\WIT\Magang\Projek CI4\company-profile-ci4\system\Database\BaseBuilder.php(1616): CodeIgniter\Database\BaseConnection->query('SELECT *\nFROM `...', Array, false)
#3 F:\WIT\Magang\Projek CI4\company-profile-ci4\system\Model.php(241): CodeIgniter\Database\BaseBuilder->get()
#4 F:\WIT\Magang\Projek CI4\company-profile-ci4\system\BaseModel.php(618): CodeIgniter\Model->doFindAll(0, 0)
#5 F:\WIT\Magang\Projek CI4\company-profile-ci4\app\Controllers\user\Homectrl.php(28): CodeIgniter\BaseModel->findAll()
#6 F:\WIT\Magang\Projek CI4\company-profile-ci4\system\CodeIgniter.php(932): App\Controllers\user\Homectrl->index()
#7 F:\WIT\Magang\Projek CI4\company-profile-ci4\system\CodeIgniter.php(497): CodeIgniter\CodeIgniter->runController(Object(App\Controllers\user\Homectrl))
#8 F:\WIT\Magang\Projek CI4\company-profile-ci4\system\CodeIgniter.php(366): CodeIgniter\CodeIgniter->handleRequest(NULL, Object(Config\Cache), false)
#9 F:\WIT\Magang\Projek CI4\company-profile-ci4\public\index.php(67): CodeIgniter\CodeIgniter->run()
#10 F:\WIT\Magang\Projek CI4\company-profile-ci4\system\Commands\Server\rewrite.php(47): require_once('F:\\WIT\\Magang\\P...')
#11 {main}
CRITICAL - 2023-08-19 02:45:30 --> Unable to connect to the database.
Main connection [MySQLi]: Unknown database 'db_compro'
in SYSTEMPATH\Database\BaseConnection.php on line 427.
 1 SYSTEMPATH\Database\BaseConnection.php(574): CodeIgniter\Database\BaseConnection->initialize()
 2 SYSTEMPATH\Database\BaseBuilder.php(1616): CodeIgniter\Database\BaseConnection->query('SELECT *
FROM `tb_profil`', [], false)
 3 SYSTEMPATH\Model.php(241): CodeIgniter\Database\BaseBuilder->get()
 4 SYSTEMPATH\BaseModel.php(618): CodeIgniter\Model->doFindAll(0, 0)
 5 APPPATH\Controllers\user\Homectrl.php(28): CodeIgniter\BaseModel->findAll()
 6 SYSTEMPATH\CodeIgniter.php(932): App\Controllers\user\Homectrl->index()
 7 SYSTEMPATH\CodeIgniter.php(497): CodeIgniter\CodeIgniter->runController(Object(App\Controllers\user\Homectrl))
 8 SYSTEMPATH\CodeIgniter.php(366): CodeIgniter\CodeIgniter->handleRequest(null, Object(Config\Cache), false)
 9 FCPATH\index.php(67): CodeIgniter\CodeIgniter->run()
10 SYSTEMPATH\Commands\Server\rewrite.php(47): require_once('F:\\WIT\\Magang\\Projek CI4\\company-profile-ci4\\public\\index.php')
INFO - 2023-08-19 02:45:49 --> Session: Class initialized using 'CodeIgniter\Session\Handlers\FileHandler' driver.
INFO - 2023-08-19 02:46:05 --> Session: Class initialized using 'CodeIgniter\Session\Handlers\FileHandler' driver.
INFO - 2023-08-19 02:46:05 --> Session: Class initialized using 'CodeIgniter\Session\Handlers\FileHandler' driver.
INFO - 2023-08-19 02:52:50 --> Session: Class initialized using 'CodeIgniter\Session\Handlers\FileHandler' driver.
INFO - 2023-08-19 02:52:53 --> Session: Class initialized using 'CodeIgniter\Session\Handlers\FileHandler' driver.
INFO - 2023-08-19 02:52:54 --> Session: Class initialized using 'CodeIgniter\Session\Handlers\FileHandler' driver.
INFO - 2023-08-19 02:59:33 --> Session: Class initialized using 'CodeIgniter\Session\Handlers\FileHandler' driver.
INFO - 2023-08-19 02:59:35 --> Session: Class initialized using 'CodeIgniter\Session\Handlers\FileHandler' driver.
INFO - 2023-08-19 02:59:35 --> Session: Class initialized using 'CodeIgniter\Session\Handlers\FileHandler' driver.
INFO - 2023-08-19 02:59:39 --> Session: Class initialized using 'CodeIgniter\Session\Handlers\FileHandler' driver.
INFO - 2023-08-19 02:59:40 --> Session: Class initialized using 'CodeIgniter\Session\Handlers\FileHandler' driver.
INFO - 2023-08-19 02:59:41 --> Session: Class initialized using 'CodeIgniter\Session\Handlers\FileHandler' driver.
INFO - 2023-08-19 02:59:48 --> Session: Class initialized using 'CodeIgniter\Session\Handlers\FileHandler' driver.
INFO - 2023-08-19 02:59:49 --> Session: Class initialized using 'CodeIgniter\Session\Handlers\FileHandler' driver.
INFO - 2023-08-19 02:59:49 --> Session: Class initialized using 'CodeIgniter\Session\Handlers\FileHandler' driver.
INFO - 2023-08-19 03:01:55 --> Session: Class initialized using 'CodeIgniter\Session\Handlers\FileHandler' driver.
INFO - 2023-08-19 03:01:58 --> Session: Class initialized using 'CodeIgniter\Session\Handlers\FileHandler' driver.
INFO - 2023-08-19 03:02:46 --> Session: Class initialized using 'CodeIgniter\Session\Handlers\FileHandler' driver.
INFO - 2023-08-19 03:47:58 --> Session: Class initialized using 'CodeIgniter\Session\Handlers\FileHandler' driver.
INFO - 2023-08-19 03:47:58 --> Session: Class initialized using 'CodeIgniter\Session\Handlers\FileHandler' driver.
ERROR - 2023-08-19 03:47:58 --> mysqli_sql_exception: Table 'company_profile.tb_profil' doesn't exist in C:\xampp\htdocs\company-profile\system\Database\MySQLi\Connection.php:295
Stack trace:
#0 C:\xampp\htdocs\company-profile\system\Database\MySQLi\Connection.php(295): mysqli->query('SELECT *\nFROM `...', 0)
#1 C:\xampp\htdocs\company-profile\system\Database\BaseConnection.php(692): CodeIgniter\Database\MySQLi\Connection->execute('SELECT *\nFROM `...')
#2 C:\xampp\htdocs\company-profile\system\Database\BaseConnection.php(606): CodeIgniter\Database\BaseConnection->simpleQuery('SELECT *\nFROM `...')
#3 C:\xampp\htdocs\company-profile\system\Database\BaseBuilder.php(1616): CodeIgniter\Database\BaseConnection->query('SELECT *\nFROM `...', Array, false)
#4 C:\xampp\htdocs\company-profile\system\Model.php(241): CodeIgniter\Database\BaseBuilder->get()
#5 C:\xampp\htdocs\company-profile\system\BaseModel.php(618): CodeIgniter\Model->doFindAll(0, 0)
#6 C:\xampp\htdocs\company-profile\app\Controllers\user\Homectrl.php(28): CodeIgniter\BaseModel->findAll()
#7 C:\xampp\htdocs\company-profile\system\CodeIgniter.php(932): App\Controllers\user\Homectrl->index()
#8 C:\xampp\htdocs\company-profile\system\CodeIgniter.php(497): CodeIgniter\CodeIgniter->runController(Object(App\Controllers\user\Homectrl))
#9 C:\xampp\htdocs\company-profile\system\CodeIgniter.php(366): CodeIgniter\CodeIgniter->handleRequest(NULL, Object(Config\Cache), false)
#10 C:\xampp\htdocs\company-profile\public\index.php(67): CodeIgniter\CodeIgniter->run()
#11 C:\xampp\htdocs\company-profile\system\Commands\Server\rewrite.php(47): require_once('C:\\xampp\\htdocs...')
#12 {main}
CRITICAL - 2023-08-19 03:47:58 --> Table 'company_profile.tb_profil' doesn't exist
in SYSTEMPATH\Database\MySQLi\Connection.php on line 295.
 1 SYSTEMPATH\Database\MySQLi\Connection.php(295): mysqli->query('SELECT *
FROM `tb_profil`', 0)
 2 SYSTEMPATH\Database\BaseConnection.php(692): CodeIgniter\Database\MySQLi\Connection->execute('SELECT *
FROM `tb_profil`')
 3 SYSTEMPATH\Database\BaseConnection.php(606): CodeIgniter\Database\BaseConnection->simpleQuery('SELECT *
FROM `tb_profil`')
 4 SYSTEMPATH\Database\BaseBuilder.php(1616): CodeIgniter\Database\BaseConnection->query('SELECT *
FROM `tb_profil`', [], false)
 5 SYSTEMPATH\Model.php(241): CodeIgniter\Database\BaseBuilder->get()
 6 SYSTEMPATH\BaseModel.php(618): CodeIgniter\Model->doFindAll(0, 0)
 7 APPPATH\Controllers\user\Homectrl.php(28): CodeIgniter\BaseModel->findAll()
 8 SYSTEMPATH\CodeIgniter.php(932): App\Controllers\user\Homectrl->index()
 9 SYSTEMPATH\CodeIgniter.php(497): CodeIgniter\CodeIgniter->runController(Object(App\Controllers\user\Homectrl))
10 SYSTEMPATH\CodeIgniter.php(366): CodeIgniter\CodeIgniter->handleRequest(null, Object(Config\Cache), false)
11 FCPATH\index.php(67): CodeIgniter\CodeIgniter->run()
12 SYSTEMPATH\Commands\Server\rewrite.php(47): require_once('C:\\xampp\\htdocs\\company-profile\\public\\index.php')
INFO - 2023-08-19 03:53:19 --> Session: Class initialized using 'CodeIgniter\Session\Handlers\FileHandler' driver.
CRITICAL - 2023-08-19 03:53:19 --> Undefined variable $data
in APPPATH\Controllers\user\Homectrl.php on line 39.
 1 APPPATH\Controllers\user\Homectrl.php(39): CodeIgniter\Debug\Exceptions->errorHandler(2, 'Undefined variable $data', 'C:\\xampp\\htdocs\\company-profile\\app\\Controllers\\user\\Homectrl.php', 39)
 2 SYSTEMPATH\CodeIgniter.php(932): App\Controllers\user\Homectrl->index()
 3 SYSTEMPATH\CodeIgniter.php(497): CodeIgniter\CodeIgniter->runController(Object(App\Controllers\user\Homectrl))
 4 SYSTEMPATH\CodeIgniter.php(366): CodeIgniter\CodeIgniter->handleRequest(null, Object(Config\Cache), false)
 5 FCPATH\index.php(67): CodeIgniter\CodeIgniter->run()
 6 SYSTEMPATH\Commands\Server\rewrite.php(47): require_once('C:\\xampp\\htdocs\\company-profile\\public\\index.php')
INFO - 2023-08-19 03:53:59 --> Session: Class initialized using 'CodeIgniter\Session\Handlers\FileHandler' driver.
INFO - 2023-08-19 03:59:16 --> Session: Class initialized using 'CodeIgniter\Session\Handlers\FileHandler' driver.
INFO - 2023-08-19 03:59:45 --> Session: Class initialized using 'CodeIgniter\Session\Handlers\FileHandler' driver.
INFO - 2023-08-19 04:06:10 --> Session: Class initialized using 'CodeIgniter\Session\Handlers\FileHandler' driver.
INFO - 2023-08-19 04:07:28 --> Session: Class initialized using 'CodeIgniter\Session\Handlers\FileHandler' driver.
INFO - 2023-08-19 04:08:30 --> Session: Class initialized using 'CodeIgniter\Session\Handlers\FileHandler' driver.
INFO - 2023-08-19 04:08:35 --> Session: Class initialized using 'CodeIgniter\Session\Handlers\FileHandler' driver.
INFO - 2023-08-19 04:08:36 --> Session: Class initialized using 'CodeIgniter\Session\Handlers\FileHandler' driver.
INFO - 2023-08-19 04:09:25 --> Session: Class initialized using 'CodeIgniter\Session\Handlers\FileHandler' driver.
INFO - 2023-08-19 04:10:49 --> Session: Class initialized using 'CodeIgniter\Session\Handlers\FileHandler' driver.
INFO - 2023-08-19 04:28:16 --> Session: Class initialized using 'CodeIgniter\Session\Handlers\FileHandler' driver.
INFO - 2023-08-19 04:28:21 --> Session: Class initialized using 'CodeIgniter\Session\Handlers\FileHandler' driver.
