CRITICAL - 2023-08-02 07:20:14 --> unlink(images/1_7.png): No such file or directory
in APPPATH\Controllers\Slider.php on line 129.
 1 [internal function]: CodeIgniter\Debug\Exceptions->errorHandler(2, 'unlink(images/1_7.png): No such file or directory', 'C:\\xampp-baru\\htdocs\\ci-news\\app\\Controllers\\Slider.php', 129)
 2 APPPATH\Controllers\Slider.php(129): unlink('images/1_7.png')
 3 SYSTEMPATH\CodeIgniter.php(932): App\Controllers\Slider->deleteSlider('1')
 4 SYSTEMPATH\CodeIgniter.php(497): CodeIgniter\CodeIgniter->runController(Object(App\Controllers\Slider))
 5 SYSTEMPATH\CodeIgniter.php(366): CodeIgniter\CodeIgniter->handleRequest(null, Object(Config\Cache), false)
 6 FCPATH\index.php(67): CodeIgniter\CodeIgniter->run()
 7 SYSTEMPATH\Commands\Server\rewrite.php(47): require_once('C:\\xampp-baru\\htdocs\\ci-news\\public\\index.php')
CRITICAL - 2023-08-02 07:39:54 --> Undefined property: stdClass::$file_foto_sider
in APPPATH\Views\tampilSlider.php on line 169.
 1 APPPATH\Views\tampilSlider.php(169): CodeIgniter\Debug\Exceptions->errorHandler(2, 'Undefined property: stdClass::$file_foto_sider', 'F:\\WIT\\Magang\\Projek CI4\\ci-news-back\\ci-news\\app\\Views\\tampilSlider.php', 169)
 2 SYSTEMPATH\View\View.php(224): include('F:\\WIT\\Magang\\Projek CI4\\ci-news-back\\ci-news\\app\\Views\\tampilSlider.php')
 3 SYSTEMPATH\View\View.php(227): CodeIgniter\View\View->CodeIgniter\View\{closure}()
 4 SYSTEMPATH\Common.php(1180): CodeIgniter\View\View->render('tampilSlider', [], true)
 5 APPPATH\Controllers\Slider.php(14): view('tampilSlider', [...])
 6 SYSTEMPATH\CodeIgniter.php(932): App\Controllers\Slider->index()
 7 SYSTEMPATH\CodeIgniter.php(497): CodeIgniter\CodeIgniter->runController(Object(App\Controllers\Slider))
 8 SYSTEMPATH\CodeIgniter.php(366): CodeIgniter\CodeIgniter->handleRequest(null, Object(Config\Cache), false)
 9 FCPATH\index.php(67): CodeIgniter\CodeIgniter->run()
10 SYSTEMPATH\Commands\Server\rewrite.php(47): require_once('F:\\WIT\\Magang\\Projek CI4\\ci-news-back\\ci-news\\public\\index.php')
CRITICAL - 2023-08-02 07:39:59 --> Undefined property: stdClass::$file_foto_sider
in APPPATH\Views\tampilSlider.php on line 169.
 1 APPPATH\Views\tampilSlider.php(169): CodeIgniter\Debug\Exceptions->errorHandler(2, 'Undefined property: stdClass::$file_foto_sider', 'F:\\WIT\\Magang\\Projek CI4\\ci-news-back\\ci-news\\app\\Views\\tampilSlider.php', 169)
 2 SYSTEMPATH\View\View.php(224): include('F:\\WIT\\Magang\\Projek CI4\\ci-news-back\\ci-news\\app\\Views\\tampilSlider.php')
 3 SYSTEMPATH\View\View.php(227): CodeIgniter\View\View->CodeIgniter\View\{closure}()
 4 SYSTEMPATH\Common.php(1180): CodeIgniter\View\View->render('tampilSlider', [], true)
 5 APPPATH\Controllers\Slider.php(14): view('tampilSlider', [...])
 6 SYSTEMPATH\CodeIgniter.php(932): App\Controllers\Slider->index()
 7 SYSTEMPATH\CodeIgniter.php(497): CodeIgniter\CodeIgniter->runController(Object(App\Controllers\Slider))
 8 SYSTEMPATH\CodeIgniter.php(366): CodeIgniter\CodeIgniter->handleRequest(null, Object(Config\Cache), false)
 9 FCPATH\index.php(67): CodeIgniter\CodeIgniter->run()
10 SYSTEMPATH\Commands\Server\rewrite.php(47): require_once('F:\\WIT\\Magang\\Projek CI4\\ci-news-back\\ci-news\\public\\index.php')
CRITICAL - 2023-08-02 07:40:03 --> Undefined property: stdClass::$file_foto_sider
in APPPATH\Views\tampilSlider.php on line 169.
 1 APPPATH\Views\tampilSlider.php(169): CodeIgniter\Debug\Exceptions->errorHandler(2, 'Undefined property: stdClass::$file_foto_sider', 'F:\\WIT\\Magang\\Projek CI4\\ci-news-back\\ci-news\\app\\Views\\tampilSlider.php', 169)
 2 SYSTEMPATH\View\View.php(224): include('F:\\WIT\\Magang\\Projek CI4\\ci-news-back\\ci-news\\app\\Views\\tampilSlider.php')
 3 SYSTEMPATH\View\View.php(227): CodeIgniter\View\View->CodeIgniter\View\{closure}()
 4 SYSTEMPATH\Common.php(1180): CodeIgniter\View\View->render('tampilSlider', [], true)
 5 APPPATH\Controllers\Slider.php(14): view('tampilSlider', [...])
 6 SYSTEMPATH\CodeIgniter.php(932): App\Controllers\Slider->index()
 7 SYSTEMPATH\CodeIgniter.php(497): CodeIgniter\CodeIgniter->runController(Object(App\Controllers\Slider))
 8 SYSTEMPATH\CodeIgniter.php(366): CodeIgniter\CodeIgniter->handleRequest(null, Object(Config\Cache), false)
 9 FCPATH\index.php(67): CodeIgniter\CodeIgniter->run()
10 SYSTEMPATH\Commands\Server\rewrite.php(47): require_once('F:\\WIT\\Magang\\Projek CI4\\ci-news-back\\ci-news\\public\\index.php')
CRITICAL - 2023-08-02 07:55:21 --> Undefined property: stdClass::$file_foto_sider
in APPPATH\Views\tampilSlider.php on line 169.
 1 APPPATH\Views\tampilSlider.php(169): CodeIgniter\Debug\Exceptions->errorHandler(2, 'Undefined property: stdClass::$file_foto_sider', 'F:\\WIT\\Magang\\Projek CI4\\ci-news-back\\ci-news\\app\\Views\\tampilSlider.php', 169)
 2 SYSTEMPATH\View\View.php(224): include('F:\\WIT\\Magang\\Projek CI4\\ci-news-back\\ci-news\\app\\Views\\tampilSlider.php')
 3 SYSTEMPATH\View\View.php(227): CodeIgniter\View\View->CodeIgniter\View\{closure}()
 4 SYSTEMPATH\Common.php(1180): CodeIgniter\View\View->render('tampilSlider', [], true)
 5 APPPATH\Controllers\Slider.php(14): view('tampilSlider', [...])
 6 SYSTEMPATH\CodeIgniter.php(932): App\Controllers\Slider->index()
 7 SYSTEMPATH\CodeIgniter.php(497): CodeIgniter\CodeIgniter->runController(Object(App\Controllers\Slider))
 8 SYSTEMPATH\CodeIgniter.php(366): CodeIgniter\CodeIgniter->handleRequest(null, Object(Config\Cache), false)
 9 FCPATH\index.php(67): CodeIgniter\CodeIgniter->run()
10 SYSTEMPATH\Commands\Server\rewrite.php(47): require_once('F:\\WIT\\Magang\\Projek CI4\\ci-news-back\\ci-news\\public\\index.php')
CRITICAL - 2023-08-02 08:02:35 --> Undefined property: stdClass::$file_foto_sider
in APPPATH\Views\tampilSlider.php on line 176.
 1 APPPATH\Views\tampilSlider.php(176): CodeIgniter\Debug\Exceptions->errorHandler(2, 'Undefined property: stdClass::$file_foto_sider', 'F:\\WIT\\Magang\\Projek CI4\\ci-news-back\\ci-news\\app\\Views\\tampilSlider.php', 176)
 2 SYSTEMPATH\View\View.php(224): include('F:\\WIT\\Magang\\Projek CI4\\ci-news-back\\ci-news\\app\\Views\\tampilSlider.php')
 3 SYSTEMPATH\View\View.php(227): CodeIgniter\View\View->CodeIgniter\View\{closure}()
 4 SYSTEMPATH\Common.php(1180): CodeIgniter\View\View->render('tampilSlider', [], true)
 5 APPPATH\Controllers\Slider.php(14): view('tampilSlider', [...])
 6 SYSTEMPATH\CodeIgniter.php(932): App\Controllers\Slider->index()
 7 SYSTEMPATH\CodeIgniter.php(497): CodeIgniter\CodeIgniter->runController(Object(App\Controllers\Slider))
 8 SYSTEMPATH\CodeIgniter.php(366): CodeIgniter\CodeIgniter->handleRequest(null, Object(Config\Cache), false)
 9 FCPATH\index.php(67): CodeIgniter\CodeIgniter->run()
10 SYSTEMPATH\Commands\Server\rewrite.php(47): require_once('F:\\WIT\\Magang\\Projek CI4\\ci-news-back\\ci-news\\public\\index.php')
CRITICAL - 2023-08-02 08:03:20 --> Undefined property: stdClass::$file_foto_sider
in APPPATH\Views\tampilSlider.php on line 176.
 1 APPPATH\Views\tampilSlider.php(176): CodeIgniter\Debug\Exceptions->errorHandler(2, 'Undefined property: stdClass::$file_foto_sider', 'F:\\WIT\\Magang\\Projek CI4\\ci-news-back\\ci-news\\app\\Views\\tampilSlider.php', 176)
 2 SYSTEMPATH\View\View.php(224): include('F:\\WIT\\Magang\\Projek CI4\\ci-news-back\\ci-news\\app\\Views\\tampilSlider.php')
 3 SYSTEMPATH\View\View.php(227): CodeIgniter\View\View->CodeIgniter\View\{closure}()
 4 SYSTEMPATH\Common.php(1180): CodeIgniter\View\View->render('tampilSlider', [], true)
 5 APPPATH\Controllers\Slider.php(14): view('tampilSlider', [...])
 6 SYSTEMPATH\CodeIgniter.php(932): App\Controllers\Slider->index()
 7 SYSTEMPATH\CodeIgniter.php(497): CodeIgniter\CodeIgniter->runController(Object(App\Controllers\Slider))
 8 SYSTEMPATH\CodeIgniter.php(366): CodeIgniter\CodeIgniter->handleRequest(null, Object(Config\Cache), false)
 9 FCPATH\index.php(67): CodeIgniter\CodeIgniter->run()
10 SYSTEMPATH\Commands\Server\rewrite.php(47): require_once('F:\\WIT\\Magang\\Projek CI4\\ci-news-back\\ci-news\\public\\index.php')
CRITICAL - 2023-08-02 08:10:59 --> Undefined variable $all_data_produk
in APPPATH\Views\tampilProduk.php on line 182.
 1 APPPATH\Views\tampilProduk.php(182): CodeIgniter\Debug\Exceptions->errorHandler(2, 'Undefined variable $all_data_produk', 'F:\\WIT\\Magang\\Projek CI4\\ci-news-back\\ci-news\\app\\Views\\tampilProduk.php', 182)
 2 SYSTEMPATH\View\View.php(224): include('F:\\WIT\\Magang\\Projek CI4\\ci-news-back\\ci-news\\app\\Views\\tampilProduk.php')
 3 SYSTEMPATH\View\View.php(227): CodeIgniter\View\View->CodeIgniter\View\{closure}()
 4 SYSTEMPATH\Common.php(1180): CodeIgniter\View\View->render('tampilProduk', [], true)
 5 APPPATH\Controllers\Home.php(7): view('tampilProduk')
 6 SYSTEMPATH\CodeIgniter.php(932): App\Controllers\Home->index()
 7 SYSTEMPATH\CodeIgniter.php(497): CodeIgniter\CodeIgniter->runController(Object(App\Controllers\Home))
 8 SYSTEMPATH\CodeIgniter.php(366): CodeIgniter\CodeIgniter->handleRequest(null, Object(Config\Cache), false)
 9 FCPATH\index.php(67): CodeIgniter\CodeIgniter->run()
10 SYSTEMPATH\Commands\Server\rewrite.php(47): require_once('F:\\WIT\\Magang\\Projek CI4\\ci-news-back\\ci-news\\public\\index.php')
CRITICAL - 2023-08-02 08:11:34 --> Undefined variable $profil_pengguna
in APPPATH\Views\vw_ubah_profil.php on line 147.
 1 APPPATH\Views\vw_ubah_profil.php(147): CodeIgniter\Debug\Exceptions->errorHandler(2, 'Undefined variable $profil_pengguna', 'F:\\WIT\\Magang\\Projek CI4\\ci-news-back\\ci-news\\app\\Views\\vw_ubah_profil.php', 147)
 2 SYSTEMPATH\View\View.php(224): include('F:\\WIT\\Magang\\Projek CI4\\ci-news-back\\ci-news\\app\\Views\\vw_ubah_profil.php')
 3 SYSTEMPATH\View\View.php(227): CodeIgniter\View\View->CodeIgniter\View\{closure}()
 4 SYSTEMPATH\Common.php(1180): CodeIgniter\View\View->render('vw_ubah_profil', [], true)
 5 APPPATH\Controllers\Home.php(7): view('vw_ubah_profil')
 6 SYSTEMPATH\CodeIgniter.php(932): App\Controllers\Home->index()
 7 SYSTEMPATH\CodeIgniter.php(497): CodeIgniter\CodeIgniter->runController(Object(App\Controllers\Home))
 8 SYSTEMPATH\CodeIgniter.php(366): CodeIgniter\CodeIgniter->handleRequest(null, Object(Config\Cache), false)
 9 FCPATH\index.php(67): CodeIgniter\CodeIgniter->run()
10 SYSTEMPATH\Commands\Server\rewrite.php(47): require_once('F:\\WIT\\Magang\\Projek CI4\\ci-news-back\\ci-news\\public\\index.php')
CRITICAL - 2023-08-02 08:11:39 --> Undefined variable $profil_pengguna
in APPPATH\Views\vw_ubah_profil.php on line 147.
 1 APPPATH\Views\vw_ubah_profil.php(147): CodeIgniter\Debug\Exceptions->errorHandler(2, 'Undefined variable $profil_pengguna', 'F:\\WIT\\Magang\\Projek CI4\\ci-news-back\\ci-news\\app\\Views\\vw_ubah_profil.php', 147)
 2 SYSTEMPATH\View\View.php(224): include('F:\\WIT\\Magang\\Projek CI4\\ci-news-back\\ci-news\\app\\Views\\vw_ubah_profil.php')
 3 SYSTEMPATH\View\View.php(227): CodeIgniter\View\View->CodeIgniter\View\{closure}()
 4 SYSTEMPATH\Common.php(1180): CodeIgniter\View\View->render('vw_ubah_profil', [], true)
 5 APPPATH\Controllers\Home.php(7): view('vw_ubah_profil')
 6 SYSTEMPATH\CodeIgniter.php(932): App\Controllers\Home->index()
 7 SYSTEMPATH\CodeIgniter.php(497): CodeIgniter\CodeIgniter->runController(Object(App\Controllers\Home))
 8 SYSTEMPATH\CodeIgniter.php(366): CodeIgniter\CodeIgniter->handleRequest(null, Object(Config\Cache), false)
 9 FCPATH\index.php(67): CodeIgniter\CodeIgniter->run()
10 SYSTEMPATH\Commands\Server\rewrite.php(47): require_once('F:\\WIT\\Magang\\Projek CI4\\ci-news-back\\ci-news\\public\\index.php')
CRITICAL - 2023-08-02 08:11:54 --> Undefined property: stdClass::$file_foto_sider
in APPPATH\Views\tampilSlider.php on line 176.
 1 APPPATH\Views\tampilSlider.php(176): CodeIgniter\Debug\Exceptions->errorHandler(2, 'Undefined property: stdClass::$file_foto_sider', 'F:\\WIT\\Magang\\Projek CI4\\ci-news-back\\ci-news\\app\\Views\\tampilSlider.php', 176)
 2 SYSTEMPATH\View\View.php(224): include('F:\\WIT\\Magang\\Projek CI4\\ci-news-back\\ci-news\\app\\Views\\tampilSlider.php')
 3 SYSTEMPATH\View\View.php(227): CodeIgniter\View\View->CodeIgniter\View\{closure}()
 4 SYSTEMPATH\Common.php(1180): CodeIgniter\View\View->render('tampilSlider', [], true)
 5 APPPATH\Controllers\Slider.php(14): view('tampilSlider', [...])
 6 SYSTEMPATH\CodeIgniter.php(932): App\Controllers\Slider->index()
 7 SYSTEMPATH\CodeIgniter.php(497): CodeIgniter\CodeIgniter->runController(Object(App\Controllers\Slider))
 8 SYSTEMPATH\CodeIgniter.php(366): CodeIgniter\CodeIgniter->handleRequest(null, Object(Config\Cache), false)
 9 FCPATH\index.php(67): CodeIgniter\CodeIgniter->run()
10 SYSTEMPATH\Commands\Server\rewrite.php(47): require_once('F:\\WIT\\Magang\\Projek CI4\\ci-news-back\\ci-news\\public\\index.php')
CRITICAL - 2023-08-02 08:17:16 --> Undefined property: stdClass::$file_foto_sider
in APPPATH\Views\tampilSlider.php on line 176.
 1 APPPATH\Views\tampilSlider.php(176): CodeIgniter\Debug\Exceptions->errorHandler(2, 'Undefined property: stdClass::$file_foto_sider', 'F:\\WIT\\Magang\\Projek CI4\\ci-news-back\\ci-news\\app\\Views\\tampilSlider.php', 176)
 2 SYSTEMPATH\View\View.php(224): include('F:\\WIT\\Magang\\Projek CI4\\ci-news-back\\ci-news\\app\\Views\\tampilSlider.php')
 3 SYSTEMPATH\View\View.php(227): CodeIgniter\View\View->CodeIgniter\View\{closure}()
 4 SYSTEMPATH\Common.php(1180): CodeIgniter\View\View->render('tampilSlider', [], true)
 5 APPPATH\Controllers\Slider.php(14): view('tampilSlider', [...])
 6 SYSTEMPATH\CodeIgniter.php(932): App\Controllers\Slider->index()
 7 SYSTEMPATH\CodeIgniter.php(497): CodeIgniter\CodeIgniter->runController(Object(App\Controllers\Slider))
 8 SYSTEMPATH\CodeIgniter.php(366): CodeIgniter\CodeIgniter->handleRequest(null, Object(Config\Cache), false)
 9 FCPATH\index.php(67): CodeIgniter\CodeIgniter->run()
10 SYSTEMPATH\Commands\Server\rewrite.php(47): require_once('F:\\WIT\\Magang\\Projek CI4\\ci-news-back\\ci-news\\public\\index.php')
CRITICAL - 2023-08-02 08:50:26 --> Invalid file: "vw_home.php"
in SYSTEMPATH\Exceptions\FrameworkException.php on line 33.
 1 SYSTEMPATH\View\View.php(212): CodeIgniter\Exceptions\FrameworkException::forInvalidFile('vw_home.php')
 2 SYSTEMPATH\Common.php(1180): CodeIgniter\View\View->render('vw_home', [], true)
 3 APPPATH\Controllers\Home.php(7): view('vw_home')
 4 SYSTEMPATH\CodeIgniter.php(932): App\Controllers\Home->index()
 5 SYSTEMPATH\CodeIgniter.php(497): CodeIgniter\CodeIgniter->runController(Object(App\Controllers\Home))
 6 SYSTEMPATH\CodeIgniter.php(366): CodeIgniter\CodeIgniter->handleRequest(null, Object(Config\Cache), false)
 7 FCPATH\index.php(67): CodeIgniter\CodeIgniter->run()
 8 SYSTEMPATH\Commands\Server\rewrite.php(47): require_once('F:\\WIT\\Magang\\Projek CI4\\ci-news-back\\ci-news\\public\\index.php')
CRITICAL - 2023-08-02 08:50:27 --> Invalid file: "vw_home.php"
in SYSTEMPATH\Exceptions\FrameworkException.php on line 33.
 1 SYSTEMPATH\View\View.php(212): CodeIgniter\Exceptions\FrameworkException::forInvalidFile('vw_home.php')
 2 SYSTEMPATH\Common.php(1180): CodeIgniter\View\View->render('vw_home', [], true)
 3 APPPATH\Controllers\Home.php(7): view('vw_home')
 4 SYSTEMPATH\CodeIgniter.php(932): App\Controllers\Home->index()
 5 SYSTEMPATH\CodeIgniter.php(497): CodeIgniter\CodeIgniter->runController(Object(App\Controllers\Home))
 6 SYSTEMPATH\CodeIgniter.php(366): CodeIgniter\CodeIgniter->handleRequest(null, Object(Config\Cache), false)
 7 FCPATH\index.php(67): CodeIgniter\CodeIgniter->run()
 8 SYSTEMPATH\Commands\Server\rewrite.php(47): require_once('F:\\WIT\\Magang\\Projek CI4\\ci-news-back\\ci-news\\public\\index.php')
