INFO - 2023-08-11 13:36:31 --> Session: Class initialized using 'CodeIgniter\Session\Handlers\FileHandler' driver.
INFO - 2023-08-11 13:36:31 --> Session: Class initialized using 'CodeIgniter\Session\Handlers\FileHandler' driver.
INFO - 2023-08-11 13:36:36 --> Session: Class initialized using 'CodeIgniter\Session\Handlers\FileHandler' driver.
INFO - 2023-08-11 13:36:36 --> Session: Class initialized using 'CodeIgniter\Session\Handlers\FileHandler' driver.
INFO - 2023-08-11 13:36:44 --> Session: Class initialized using 'CodeIgniter\Session\Handlers\FileHandler' driver.
CRITICAL - 2023-08-11 13:36:44 --> Call to undefined method CodeIgniter\Router\Router::getInfo()
in APPPATH\Controllers\user\Homectrl.php on line 46.
 1 SYSTEMPATH\CodeIgniter.php(932): App\Controllers\user\Homectrl->language()
 2 SYSTEMPATH\CodeIgniter.php(497): CodeIgniter\CodeIgniter->runController(Object(App\Controllers\user\Homectrl))
 3 SYSTEMPATH\CodeIgniter.php(366): CodeIgniter\CodeIgniter->handleRequest(null, Object(Config\Cache), false)
 4 FCPATH\index.php(67): CodeIgniter\CodeIgniter->run()
 5 SYSTEMPATH\Commands\Server\rewrite.php(47): require_once('F:\\WIT\\Magang\\Projek CI4\\front-backen\\backend\\public\\index.php')
INFO - 2023-08-11 13:36:52 --> Session: Class initialized using 'CodeIgniter\Session\Handlers\FileHandler' driver.
INFO - 2023-08-11 13:36:54 --> Session: Class initialized using 'CodeIgniter\Session\Handlers\FileHandler' driver.
INFO - 2023-08-11 13:36:57 --> Session: Class initialized using 'CodeIgniter\Session\Handlers\FileHandler' driver.
INFO - 2023-08-11 13:37:02 --> Session: Class initialized using 'CodeIgniter\Session\Handlers\FileHandler' driver.
INFO - 2023-08-11 13:37:05 --> Session: Class initialized using 'CodeIgniter\Session\Handlers\FileHandler' driver.
INFO - 2023-08-11 13:37:10 --> Session: Class initialized using 'CodeIgniter\Session\Handlers\FileHandler' driver.
INFO - 2023-08-11 13:37:45 --> Session: Class initialized using 'CodeIgniter\Session\Handlers\FileHandler' driver.
INFO - 2023-08-11 13:37:46 --> Session: Class initialized using 'CodeIgniter\Session\Handlers\FileHandler' driver.
INFO - 2023-08-11 13:39:40 --> Session: Class initialized using 'CodeIgniter\Session\Handlers\FileHandler' driver.
INFO - 2023-08-11 13:39:45 --> Session: Class initialized using 'CodeIgniter\Session\Handlers\FileHandler' driver.
INFO - 2023-08-11 13:45:07 --> Session: Class initialized using 'CodeIgniter\Session\Handlers\FileHandler' driver.
INFO - 2023-08-11 13:45:09 --> Session: Class initialized using 'CodeIgniter\Session\Handlers\FileHandler' driver.
INFO - 2023-08-11 13:45:12 --> Session: Class initialized using 'CodeIgniter\Session\Handlers\FileHandler' driver.
INFO - 2023-08-11 13:45:17 --> Session: Class initialized using 'CodeIgniter\Session\Handlers\FileHandler' driver.
CRITICAL - 2023-08-11 13:45:17 --> Too few arguments to function App\Controllers\user\Homectrl::language(), 0 passed in F:\WIT\Magang\Projek CI4\front-backen\backend\system\CodeIgniter.php on line 932 and exactly 1 expected
in APPPATH\Controllers\user\Homectrl.php on line 40.
 1 SYSTEMPATH\CodeIgniter.php(932): App\Controllers\user\Homectrl->language()
 2 SYSTEMPATH\CodeIgniter.php(497): CodeIgniter\CodeIgniter->runController(Object(App\Controllers\user\Homectrl))
 3 SYSTEMPATH\CodeIgniter.php(366): CodeIgniter\CodeIgniter->handleRequest(null, Object(Config\Cache), false)
 4 FCPATH\index.php(67): CodeIgniter\CodeIgniter->run()
 5 SYSTEMPATH\Commands\Server\rewrite.php(47): require_once('F:\\WIT\\Magang\\Projek CI4\\front-backen\\backend\\public\\index.php')
INFO - 2023-08-11 13:48:28 --> Session: Class initialized using 'CodeIgniter\Session\Handlers\FileHandler' driver.
CRITICAL - 2023-08-11 13:48:28 --> Too few arguments to function App\Controllers\user\Homectrl::language(), 0 passed in F:\WIT\Magang\Projek CI4\front-backen\backend\system\CodeIgniter.php on line 932 and exactly 1 expected
in APPPATH\Controllers\user\Homectrl.php on line 40.
 1 SYSTEMPATH\CodeIgniter.php(932): App\Controllers\user\Homectrl->language()
 2 SYSTEMPATH\CodeIgniter.php(497): CodeIgniter\CodeIgniter->runController(Object(App\Controllers\user\Homectrl))
 3 SYSTEMPATH\CodeIgniter.php(366): CodeIgniter\CodeIgniter->handleRequest(null, Object(Config\Cache), false)
 4 FCPATH\index.php(67): CodeIgniter\CodeIgniter->run()
 5 SYSTEMPATH\Commands\Server\rewrite.php(47): require_once('F:\\WIT\\Magang\\Projek CI4\\front-backen\\backend\\public\\index.php')
INFO - 2023-08-11 13:48:29 --> Session: Class initialized using 'CodeIgniter\Session\Handlers\FileHandler' driver.
INFO - 2023-08-11 13:48:32 --> Session: Class initialized using 'CodeIgniter\Session\Handlers\FileHandler' driver.
INFO - 2023-08-11 13:48:37 --> Session: Class initialized using 'CodeIgniter\Session\Handlers\FileHandler' driver.
CRITICAL - 2023-08-11 13:48:37 --> Too few arguments to function App\Controllers\user\Homectrl::language(), 0 passed in F:\WIT\Magang\Projek CI4\front-backen\backend\system\CodeIgniter.php on line 932 and exactly 1 expected
in APPPATH\Controllers\user\Homectrl.php on line 40.
 1 SYSTEMPATH\CodeIgniter.php(932): App\Controllers\user\Homectrl->language()
 2 SYSTEMPATH\CodeIgniter.php(497): CodeIgniter\CodeIgniter->runController(Object(App\Controllers\user\Homectrl))
 3 SYSTEMPATH\CodeIgniter.php(366): CodeIgniter\CodeIgniter->handleRequest(null, Object(Config\Cache), false)
 4 FCPATH\index.php(67): CodeIgniter\CodeIgniter->run()
 5 SYSTEMPATH\Commands\Server\rewrite.php(47): require_once('F:\\WIT\\Magang\\Projek CI4\\front-backen\\backend\\public\\index.php')
INFO - 2023-08-11 13:49:10 --> Session: Class initialized using 'CodeIgniter\Session\Handlers\FileHandler' driver.
CRITICAL - 2023-08-11 13:49:10 --> Too few arguments to function App\Controllers\user\Homectrl::language(), 0 passed in F:\WIT\Magang\Projek CI4\front-backen\backend\system\CodeIgniter.php on line 932 and exactly 1 expected
in APPPATH\Controllers\user\Homectrl.php on line 40.
 1 SYSTEMPATH\CodeIgniter.php(932): App\Controllers\user\Homectrl->language()
 2 SYSTEMPATH\CodeIgniter.php(497): CodeIgniter\CodeIgniter->runController(Object(App\Controllers\user\Homectrl))
 3 SYSTEMPATH\CodeIgniter.php(366): CodeIgniter\CodeIgniter->handleRequest(null, Object(Config\Cache), false)
 4 FCPATH\index.php(67): CodeIgniter\CodeIgniter->run()
 5 SYSTEMPATH\Commands\Server\rewrite.php(47): require_once('F:\\WIT\\Magang\\Projek CI4\\front-backen\\backend\\public\\index.php')
INFO - 2023-08-11 13:49:11 --> Session: Class initialized using 'CodeIgniter\Session\Handlers\FileHandler' driver.
INFO - 2023-08-11 13:49:13 --> Session: Class initialized using 'CodeIgniter\Session\Handlers\FileHandler' driver.
INFO - 2023-08-11 13:49:14 --> Session: Class initialized using 'CodeIgniter\Session\Handlers\FileHandler' driver.
INFO - 2023-08-11 13:49:24 --> Session: Class initialized using 'CodeIgniter\Session\Handlers\FileHandler' driver.
CRITICAL - 2023-08-11 13:49:24 --> Too few arguments to function App\Controllers\user\Homectrl::language(), 0 passed in F:\WIT\Magang\Projek CI4\front-backen\backend\system\CodeIgniter.php on line 932 and exactly 1 expected
in APPPATH\Controllers\user\Homectrl.php on line 40.
 1 SYSTEMPATH\CodeIgniter.php(932): App\Controllers\user\Homectrl->language()
 2 SYSTEMPATH\CodeIgniter.php(497): CodeIgniter\CodeIgniter->runController(Object(App\Controllers\user\Homectrl))
 3 SYSTEMPATH\CodeIgniter.php(366): CodeIgniter\CodeIgniter->handleRequest(null, Object(Config\Cache), false)
 4 FCPATH\index.php(67): CodeIgniter\CodeIgniter->run()
 5 SYSTEMPATH\Commands\Server\rewrite.php(47): require_once('F:\\WIT\\Magang\\Projek CI4\\front-backen\\backend\\public\\index.php')
INFO - 2023-08-11 13:49:25 --> Session: Class initialized using 'CodeIgniter\Session\Handlers\FileHandler' driver.
INFO - 2023-08-11 13:53:03 --> Session: Class initialized using 'CodeIgniter\Session\Handlers\FileHandler' driver.
INFO - 2023-08-11 13:53:43 --> Session: Class initialized using 'CodeIgniter\Session\Handlers\FileHandler' driver.
INFO - 2023-08-11 13:53:44 --> Session: Class initialized using 'CodeIgniter\Session\Handlers\FileHandler' driver.
INFO - 2023-08-11 13:54:07 --> Session: Class initialized using 'CodeIgniter\Session\Handlers\FileHandler' driver.
INFO - 2023-08-11 13:54:07 --> Session: Class initialized using 'CodeIgniter\Session\Handlers\FileHandler' driver.
INFO - 2023-08-11 13:54:12 --> Session: Class initialized using 'CodeIgniter\Session\Handlers\FileHandler' driver.
INFO - 2023-08-11 13:54:12 --> Session: Class initialized using 'CodeIgniter\Session\Handlers\FileHandler' driver.
INFO - 2023-08-11 13:54:45 --> Session: Class initialized using 'CodeIgniter\Session\Handlers\FileHandler' driver.
INFO - 2023-08-11 13:54:45 --> Session: Class initialized using 'CodeIgniter\Session\Handlers\FileHandler' driver.
INFO - 2023-08-11 13:54:50 --> Session: Class initialized using 'CodeIgniter\Session\Handlers\FileHandler' driver.
INFO - 2023-08-11 13:54:50 --> Session: Class initialized using 'CodeIgniter\Session\Handlers\FileHandler' driver.
INFO - 2023-08-11 13:54:54 --> Session: Class initialized using 'CodeIgniter\Session\Handlers\FileHandler' driver.
INFO - 2023-08-11 13:55:00 --> Session: Class initialized using 'CodeIgniter\Session\Handlers\FileHandler' driver.
INFO - 2023-08-11 13:55:01 --> Session: Class initialized using 'CodeIgniter\Session\Handlers\FileHandler' driver.
INFO - 2023-08-11 13:55:05 --> Session: Class initialized using 'CodeIgniter\Session\Handlers\FileHandler' driver.
INFO - 2023-08-11 13:55:06 --> Session: Class initialized using 'CodeIgniter\Session\Handlers\FileHandler' driver.
INFO - 2023-08-11 13:55:19 --> Session: Class initialized using 'CodeIgniter\Session\Handlers\FileHandler' driver.
INFO - 2023-08-11 13:55:24 --> Session: Class initialized using 'CodeIgniter\Session\Handlers\FileHandler' driver.
INFO - 2023-08-11 13:55:24 --> Session: Class initialized using 'CodeIgniter\Session\Handlers\FileHandler' driver.
INFO - 2023-08-11 13:55:29 --> Session: Class initialized using 'CodeIgniter\Session\Handlers\FileHandler' driver.
INFO - 2023-08-11 13:55:29 --> Session: Class initialized using 'CodeIgniter\Session\Handlers\FileHandler' driver.
INFO - 2023-08-11 13:55:38 --> Session: Class initialized using 'CodeIgniter\Session\Handlers\FileHandler' driver.
INFO - 2023-08-11 13:55:48 --> Session: Class initialized using 'CodeIgniter\Session\Handlers\FileHandler' driver.
INFO - 2023-08-11 13:55:48 --> Session: Class initialized using 'CodeIgniter\Session\Handlers\FileHandler' driver.
INFO - 2023-08-11 13:56:09 --> Session: Class initialized using 'CodeIgniter\Session\Handlers\FileHandler' driver.
INFO - 2023-08-11 13:56:10 --> Session: Class initialized using 'CodeIgniter\Session\Handlers\FileHandler' driver.
INFO - 2023-08-11 13:56:17 --> Session: Class initialized using 'CodeIgniter\Session\Handlers\FileHandler' driver.
INFO - 2023-08-11 13:56:23 --> Session: Class initialized using 'CodeIgniter\Session\Handlers\FileHandler' driver.
INFO - 2023-08-11 14:00:17 --> Session: Class initialized using 'CodeIgniter\Session\Handlers\FileHandler' driver.
INFO - 2023-08-11 14:00:17 --> Session: Class initialized using 'CodeIgniter\Session\Handlers\FileHandler' driver.
INFO - 2023-08-11 14:00:21 --> Session: Class initialized using 'CodeIgniter\Session\Handlers\FileHandler' driver.
INFO - 2023-08-11 14:00:26 --> Session: Class initialized using 'CodeIgniter\Session\Handlers\FileHandler' driver.
INFO - 2023-08-11 14:00:26 --> Session: Class initialized using 'CodeIgniter\Session\Handlers\FileHandler' driver.
INFO - 2023-08-11 14:00:33 --> Session: Class initialized using 'CodeIgniter\Session\Handlers\FileHandler' driver.
INFO - 2023-08-11 14:03:46 --> Session: Class initialized using 'CodeIgniter\Session\Handlers\FileHandler' driver.
INFO - 2023-08-11 14:03:49 --> Session: Class initialized using 'CodeIgniter\Session\Handlers\FileHandler' driver.
INFO - 2023-08-11 14:13:29 --> Session: Class initialized using 'CodeIgniter\Session\Handlers\FileHandler' driver.
CRITICAL - 2023-08-11 14:13:29 --> Undefined variable $title_en
in APPPATH\Views\user\template\template.php on line 38.
 1 APPPATH\Views\user\template\template.php(38): CodeIgniter\Debug\Exceptions->errorHandler(2, 'Undefined variable $title_en', 'F:\\WIT\\Magang\\Projek CI4\\front-backen\\backend\\app\\Views\\user\\template\\template.php', 38)
 2 SYSTEMPATH\View\View.php(224): include('F:\\WIT\\Magang\\Projek CI4\\front-backen\\backend\\app\\Views\\user\\template\\template.php')
 3 SYSTEMPATH\View\View.php(227): CodeIgniter\View\View->CodeIgniter\View\{closure}()
 4 SYSTEMPATH\View\View.php(240): CodeIgniter\View\View->render('user/template/template', [], true)
 5 SYSTEMPATH\Common.php(1180): CodeIgniter\View\View->render('user/about/index', [], true)
 6 APPPATH\Controllers\user\Aboutctrl.php(47): view('user/about/index', [...])
 7 SYSTEMPATH\CodeIgniter.php(932): App\Controllers\user\Aboutctrl->index()
 8 SYSTEMPATH\CodeIgniter.php(497): CodeIgniter\CodeIgniter->runController(Object(App\Controllers\user\Aboutctrl))
 9 SYSTEMPATH\CodeIgniter.php(366): CodeIgniter\CodeIgniter->handleRequest(null, Object(Config\Cache), false)
10 FCPATH\index.php(67): CodeIgniter\CodeIgniter->run()
11 SYSTEMPATH\Commands\Server\rewrite.php(47): require_once('F:\\WIT\\Magang\\Projek CI4\\front-backen\\backend\\public\\index.php')
INFO - 2023-08-11 14:13:41 --> Session: Class initialized using 'CodeIgniter\Session\Handlers\FileHandler' driver.
CRITICAL - 2023-08-11 14:13:41 --> Undefined variable $title_en
in APPPATH\Views\user\template\template.php on line 38.
 1 APPPATH\Views\user\template\template.php(38): CodeIgniter\Debug\Exceptions->errorHandler(2, 'Undefined variable $title_en', 'F:\\WIT\\Magang\\Projek CI4\\front-backen\\backend\\app\\Views\\user\\template\\template.php', 38)
 2 SYSTEMPATH\View\View.php(224): include('F:\\WIT\\Magang\\Projek CI4\\front-backen\\backend\\app\\Views\\user\\template\\template.php')
 3 SYSTEMPATH\View\View.php(227): CodeIgniter\View\View->CodeIgniter\View\{closure}()
 4 SYSTEMPATH\View\View.php(240): CodeIgniter\View\View->render('user/template/template', [], true)
 5 SYSTEMPATH\Common.php(1180): CodeIgniter\View\View->render('user/home/index', [], true)
 6 APPPATH\Controllers\user\Homectrl.php(27): view('user/home/index', [...])
 7 SYSTEMPATH\CodeIgniter.php(932): App\Controllers\user\Homectrl->index()
 8 SYSTEMPATH\CodeIgniter.php(497): CodeIgniter\CodeIgniter->runController(Object(App\Controllers\user\Homectrl))
 9 SYSTEMPATH\CodeIgniter.php(366): CodeIgniter\CodeIgniter->handleRequest(null, Object(Config\Cache), false)
10 FCPATH\index.php(67): CodeIgniter\CodeIgniter->run()
11 SYSTEMPATH\Commands\Server\rewrite.php(47): require_once('F:\\WIT\\Magang\\Projek CI4\\front-backen\\backend\\public\\index.php')
INFO - 2023-08-11 14:13:43 --> Session: Class initialized using 'CodeIgniter\Session\Handlers\FileHandler' driver.
CRITICAL - 2023-08-11 14:13:43 --> Undefined variable $title_en
in APPPATH\Views\user\template\template.php on line 38.
 1 APPPATH\Views\user\template\template.php(38): CodeIgniter\Debug\Exceptions->errorHandler(2, 'Undefined variable $title_en', 'F:\\WIT\\Magang\\Projek CI4\\front-backen\\backend\\app\\Views\\user\\template\\template.php', 38)
 2 SYSTEMPATH\View\View.php(224): include('F:\\WIT\\Magang\\Projek CI4\\front-backen\\backend\\app\\Views\\user\\template\\template.php')
 3 SYSTEMPATH\View\View.php(227): CodeIgniter\View\View->CodeIgniter\View\{closure}()
 4 SYSTEMPATH\View\View.php(240): CodeIgniter\View\View->render('user/template/template', [], true)
 5 SYSTEMPATH\Common.php(1180): CodeIgniter\View\View->render('user/contact/index', [], true)
 6 APPPATH\Controllers\user\Contactctrl.php(25): view('user/contact/index', [...])
 7 SYSTEMPATH\CodeIgniter.php(932): App\Controllers\user\Contactctrl->index()
 8 SYSTEMPATH\CodeIgniter.php(497): CodeIgniter\CodeIgniter->runController(Object(App\Controllers\user\Contactctrl))
 9 SYSTEMPATH\CodeIgniter.php(366): CodeIgniter\CodeIgniter->handleRequest(null, Object(Config\Cache), false)
10 FCPATH\index.php(67): CodeIgniter\CodeIgniter->run()
11 SYSTEMPATH\Commands\Server\rewrite.php(47): require_once('F:\\WIT\\Magang\\Projek CI4\\front-backen\\backend\\public\\index.php')
INFO - 2023-08-11 14:13:44 --> Session: Class initialized using 'CodeIgniter\Session\Handlers\FileHandler' driver.
CRITICAL - 2023-08-11 14:13:44 --> Undefined variable $title_en
in APPPATH\Views\user\template\template.php on line 38.
 1 APPPATH\Views\user\template\template.php(38): CodeIgniter\Debug\Exceptions->errorHandler(2, 'Undefined variable $title_en', 'F:\\WIT\\Magang\\Projek CI4\\front-backen\\backend\\app\\Views\\user\\template\\template.php', 38)
 2 SYSTEMPATH\View\View.php(224): include('F:\\WIT\\Magang\\Projek CI4\\front-backen\\backend\\app\\Views\\user\\template\\template.php')
 3 SYSTEMPATH\View\View.php(227): CodeIgniter\View\View->CodeIgniter\View\{closure}()
 4 SYSTEMPATH\View\View.php(240): CodeIgniter\View\View->render('user/template/template', [], true)
 5 SYSTEMPATH\Common.php(1180): CodeIgniter\View\View->render('user/home/index', [], true)
 6 APPPATH\Controllers\user\Homectrl.php(27): view('user/home/index', [...])
 7 SYSTEMPATH\CodeIgniter.php(932): App\Controllers\user\Homectrl->index()
 8 SYSTEMPATH\CodeIgniter.php(497): CodeIgniter\CodeIgniter->runController(Object(App\Controllers\user\Homectrl))
 9 SYSTEMPATH\CodeIgniter.php(366): CodeIgniter\CodeIgniter->handleRequest(null, Object(Config\Cache), false)
10 FCPATH\index.php(67): CodeIgniter\CodeIgniter->run()
11 SYSTEMPATH\Commands\Server\rewrite.php(47): require_once('F:\\WIT\\Magang\\Projek CI4\\front-backen\\backend\\public\\index.php')
INFO - 2023-08-11 14:13:45 --> Session: Class initialized using 'CodeIgniter\Session\Handlers\FileHandler' driver.
CRITICAL - 2023-08-11 14:13:45 --> Undefined variable $title_en
in APPPATH\Views\user\template\template.php on line 38.
 1 APPPATH\Views\user\template\template.php(38): CodeIgniter\Debug\Exceptions->errorHandler(2, 'Undefined variable $title_en', 'F:\\WIT\\Magang\\Projek CI4\\front-backen\\backend\\app\\Views\\user\\template\\template.php', 38)
 2 SYSTEMPATH\View\View.php(224): include('F:\\WIT\\Magang\\Projek CI4\\front-backen\\backend\\app\\Views\\user\\template\\template.php')
 3 SYSTEMPATH\View\View.php(227): CodeIgniter\View\View->CodeIgniter\View\{closure}()
 4 SYSTEMPATH\View\View.php(240): CodeIgniter\View\View->render('user/template/template', [], true)
 5 SYSTEMPATH\Common.php(1180): CodeIgniter\View\View->render('user/contact/index', [], true)
 6 APPPATH\Controllers\user\Contactctrl.php(25): view('user/contact/index', [...])
 7 SYSTEMPATH\CodeIgniter.php(932): App\Controllers\user\Contactctrl->index()
 8 SYSTEMPATH\CodeIgniter.php(497): CodeIgniter\CodeIgniter->runController(Object(App\Controllers\user\Contactctrl))
 9 SYSTEMPATH\CodeIgniter.php(366): CodeIgniter\CodeIgniter->handleRequest(null, Object(Config\Cache), false)
10 FCPATH\index.php(67): CodeIgniter\CodeIgniter->run()
11 SYSTEMPATH\Commands\Server\rewrite.php(47): require_once('F:\\WIT\\Magang\\Projek CI4\\front-backen\\backend\\public\\index.php')
INFO - 2023-08-11 14:13:50 --> Session: Class initialized using 'CodeIgniter\Session\Handlers\FileHandler' driver.
CRITICAL - 2023-08-11 14:13:50 --> Undefined variable $title_en
in APPPATH\Views\user\template\template.php on line 38.
 1 APPPATH\Views\user\template\template.php(38): CodeIgniter\Debug\Exceptions->errorHandler(2, 'Undefined variable $title_en', 'F:\\WIT\\Magang\\Projek CI4\\front-backen\\backend\\app\\Views\\user\\template\\template.php', 38)
 2 SYSTEMPATH\View\View.php(224): include('F:\\WIT\\Magang\\Projek CI4\\front-backen\\backend\\app\\Views\\user\\template\\template.php')
 3 SYSTEMPATH\View\View.php(227): CodeIgniter\View\View->CodeIgniter\View\{closure}()
 4 SYSTEMPATH\View\View.php(240): CodeIgniter\View\View->render('user/template/template', [], true)
 5 SYSTEMPATH\Common.php(1180): CodeIgniter\View\View->render('user/home/index', [], true)
 6 APPPATH\Controllers\user\Homectrl.php(27): view('user/home/index', [...])
 7 SYSTEMPATH\CodeIgniter.php(932): App\Controllers\user\Homectrl->index()
 8 SYSTEMPATH\CodeIgniter.php(497): CodeIgniter\CodeIgniter->runController(Object(App\Controllers\user\Homectrl))
 9 SYSTEMPATH\CodeIgniter.php(366): CodeIgniter\CodeIgniter->handleRequest(null, Object(Config\Cache), false)
10 FCPATH\index.php(67): CodeIgniter\CodeIgniter->run()
11 SYSTEMPATH\Commands\Server\rewrite.php(47): require_once('F:\\WIT\\Magang\\Projek CI4\\front-backen\\backend\\public\\index.php')
INFO - 2023-08-11 14:16:10 --> Session: Class initialized using 'CodeIgniter\Session\Handlers\FileHandler' driver.
CRITICAL - 2023-08-11 14:16:11 --> Undefined variable $title_en
in APPPATH\Views\user\template\template.php on line 38.
 1 APPPATH\Views\user\template\template.php(38): CodeIgniter\Debug\Exceptions->errorHandler(2, 'Undefined variable $title_en', 'F:\\WIT\\Magang\\Projek CI4\\front-backen\\backend\\app\\Views\\user\\template\\template.php', 38)
 2 SYSTEMPATH\View\View.php(224): include('F:\\WIT\\Magang\\Projek CI4\\front-backen\\backend\\app\\Views\\user\\template\\template.php')
 3 SYSTEMPATH\View\View.php(227): CodeIgniter\View\View->CodeIgniter\View\{closure}()
 4 SYSTEMPATH\View\View.php(240): CodeIgniter\View\View->render('user/template/template', [], true)
 5 SYSTEMPATH\Common.php(1180): CodeIgniter\View\View->render('user/home/index', [], true)
 6 APPPATH\Controllers\user\Homectrl.php(27): view('user/home/index', [...])
 7 SYSTEMPATH\CodeIgniter.php(932): App\Controllers\user\Homectrl->index()
 8 SYSTEMPATH\CodeIgniter.php(497): CodeIgniter\CodeIgniter->runController(Object(App\Controllers\user\Homectrl))
 9 SYSTEMPATH\CodeIgniter.php(366): CodeIgniter\CodeIgniter->handleRequest(null, Object(Config\Cache), false)
10 FCPATH\index.php(67): CodeIgniter\CodeIgniter->run()
11 SYSTEMPATH\Commands\Server\rewrite.php(47): require_once('F:\\WIT\\Magang\\Projek CI4\\front-backen\\backend\\public\\index.php')
INFO - 2023-08-11 14:16:12 --> Session: Class initialized using 'CodeIgniter\Session\Handlers\FileHandler' driver.
CRITICAL - 2023-08-11 14:16:12 --> Undefined variable $title_en
in APPPATH\Views\user\template\template.php on line 38.
 1 APPPATH\Views\user\template\template.php(38): CodeIgniter\Debug\Exceptions->errorHandler(2, 'Undefined variable $title_en', 'F:\\WIT\\Magang\\Projek CI4\\front-backen\\backend\\app\\Views\\user\\template\\template.php', 38)
 2 SYSTEMPATH\View\View.php(224): include('F:\\WIT\\Magang\\Projek CI4\\front-backen\\backend\\app\\Views\\user\\template\\template.php')
 3 SYSTEMPATH\View\View.php(227): CodeIgniter\View\View->CodeIgniter\View\{closure}()
 4 SYSTEMPATH\View\View.php(240): CodeIgniter\View\View->render('user/template/template', [], true)
 5 SYSTEMPATH\Common.php(1180): CodeIgniter\View\View->render('user/contact/index', [], true)
 6 APPPATH\Controllers\user\Contactctrl.php(25): view('user/contact/index', [...])
 7 SYSTEMPATH\CodeIgniter.php(932): App\Controllers\user\Contactctrl->index()
 8 SYSTEMPATH\CodeIgniter.php(497): CodeIgniter\CodeIgniter->runController(Object(App\Controllers\user\Contactctrl))
 9 SYSTEMPATH\CodeIgniter.php(366): CodeIgniter\CodeIgniter->handleRequest(null, Object(Config\Cache), false)
10 FCPATH\index.php(67): CodeIgniter\CodeIgniter->run()
11 SYSTEMPATH\Commands\Server\rewrite.php(47): require_once('F:\\WIT\\Magang\\Projek CI4\\front-backen\\backend\\public\\index.php')
INFO - 2023-08-11 14:16:13 --> Session: Class initialized using 'CodeIgniter\Session\Handlers\FileHandler' driver.
CRITICAL - 2023-08-11 14:16:13 --> Undefined variable $title_en
in APPPATH\Views\user\template\template.php on line 38.
 1 APPPATH\Views\user\template\template.php(38): CodeIgniter\Debug\Exceptions->errorHandler(2, 'Undefined variable $title_en', 'F:\\WIT\\Magang\\Projek CI4\\front-backen\\backend\\app\\Views\\user\\template\\template.php', 38)
 2 SYSTEMPATH\View\View.php(224): include('F:\\WIT\\Magang\\Projek CI4\\front-backen\\backend\\app\\Views\\user\\template\\template.php')
 3 SYSTEMPATH\View\View.php(227): CodeIgniter\View\View->CodeIgniter\View\{closure}()
 4 SYSTEMPATH\View\View.php(240): CodeIgniter\View\View->render('user/template/template', [], true)
 5 SYSTEMPATH\Common.php(1180): CodeIgniter\View\View->render('user/contact/index', [], true)
 6 APPPATH\Controllers\user\Contactctrl.php(25): view('user/contact/index', [...])
 7 SYSTEMPATH\CodeIgniter.php(932): App\Controllers\user\Contactctrl->index()
 8 SYSTEMPATH\CodeIgniter.php(497): CodeIgniter\CodeIgniter->runController(Object(App\Controllers\user\Contactctrl))
 9 SYSTEMPATH\CodeIgniter.php(366): CodeIgniter\CodeIgniter->handleRequest(null, Object(Config\Cache), false)
10 FCPATH\index.php(67): CodeIgniter\CodeIgniter->run()
11 SYSTEMPATH\Commands\Server\rewrite.php(47): require_once('F:\\WIT\\Magang\\Projek CI4\\front-backen\\backend\\public\\index.php')
INFO - 2023-08-11 14:16:16 --> Session: Class initialized using 'CodeIgniter\Session\Handlers\FileHandler' driver.
INFO - 2023-08-11 14:16:21 --> Session: Class initialized using 'CodeIgniter\Session\Handlers\FileHandler' driver.
INFO - 2023-08-11 14:16:21 --> Session: Class initialized using 'CodeIgniter\Session\Handlers\FileHandler' driver.
INFO - 2023-08-11 14:16:28 --> Session: Class initialized using 'CodeIgniter\Session\Handlers\FileHandler' driver.
CRITICAL - 2023-08-11 14:16:28 --> Undefined variable $title_in
in APPPATH\Views\user\template\template.php on line 36.
 1 APPPATH\Views\user\template\template.php(36): CodeIgniter\Debug\Exceptions->errorHandler(2, 'Undefined variable $title_in', 'F:\\WIT\\Magang\\Projek CI4\\front-backen\\backend\\app\\Views\\user\\template\\template.php', 36)
 2 SYSTEMPATH\View\View.php(224): include('F:\\WIT\\Magang\\Projek CI4\\front-backen\\backend\\app\\Views\\user\\template\\template.php')
 3 SYSTEMPATH\View\View.php(227): CodeIgniter\View\View->CodeIgniter\View\{closure}()
 4 SYSTEMPATH\View\View.php(240): CodeIgniter\View\View->render('user/template/template', [], true)
 5 SYSTEMPATH\Common.php(1180): CodeIgniter\View\View->render('user/home/index', [], true)
 6 APPPATH\Controllers\user\Homectrl.php(27): view('user/home/index', [...])
 7 SYSTEMPATH\CodeIgniter.php(932): App\Controllers\user\Homectrl->index()
 8 SYSTEMPATH\CodeIgniter.php(497): CodeIgniter\CodeIgniter->runController(Object(App\Controllers\user\Homectrl))
 9 SYSTEMPATH\CodeIgniter.php(366): CodeIgniter\CodeIgniter->handleRequest(null, Object(Config\Cache), false)
10 FCPATH\index.php(67): CodeIgniter\CodeIgniter->run()
11 SYSTEMPATH\Commands\Server\rewrite.php(47): require_once('F:\\WIT\\Magang\\Projek CI4\\front-backen\\backend\\public\\index.php')
INFO - 2023-08-11 14:18:18 --> Session: Class initialized using 'CodeIgniter\Session\Handlers\FileHandler' driver.
CRITICAL - 2023-08-11 14:18:18 --> Undefined variable $title_in
in APPPATH\Views\user\template\template.php on line 36.
 1 APPPATH\Views\user\template\template.php(36): CodeIgniter\Debug\Exceptions->errorHandler(2, 'Undefined variable $title_in', 'F:\\WIT\\Magang\\Projek CI4\\front-backen\\backend\\app\\Views\\user\\template\\template.php', 36)
 2 SYSTEMPATH\View\View.php(224): include('F:\\WIT\\Magang\\Projek CI4\\front-backen\\backend\\app\\Views\\user\\template\\template.php')
 3 SYSTEMPATH\View\View.php(227): CodeIgniter\View\View->CodeIgniter\View\{closure}()
 4 SYSTEMPATH\View\View.php(240): CodeIgniter\View\View->render('user/template/template', [], true)
 5 SYSTEMPATH\Common.php(1180): CodeIgniter\View\View->render('user/home/index', [], true)
 6 APPPATH\Controllers\user\Homectrl.php(27): view('user/home/index', [...])
 7 SYSTEMPATH\CodeIgniter.php(932): App\Controllers\user\Homectrl->index()
 8 SYSTEMPATH\CodeIgniter.php(497): CodeIgniter\CodeIgniter->runController(Object(App\Controllers\user\Homectrl))
 9 SYSTEMPATH\CodeIgniter.php(366): CodeIgniter\CodeIgniter->handleRequest(null, Object(Config\Cache), false)
10 FCPATH\index.php(67): CodeIgniter\CodeIgniter->run()
11 SYSTEMPATH\Commands\Server\rewrite.php(47): require_once('F:\\WIT\\Magang\\Projek CI4\\front-backen\\backend\\public\\index.php')
INFO - 2023-08-11 14:18:19 --> Session: Class initialized using 'CodeIgniter\Session\Handlers\FileHandler' driver.
INFO - 2023-08-11 14:18:22 --> Session: Class initialized using 'CodeIgniter\Session\Handlers\FileHandler' driver.
INFO - 2023-08-11 14:18:27 --> Session: Class initialized using 'CodeIgniter\Session\Handlers\FileHandler' driver.
INFO - 2023-08-11 14:18:27 --> Session: Class initialized using 'CodeIgniter\Session\Handlers\FileHandler' driver.
INFO - 2023-08-11 14:19:27 --> Session: Class initialized using 'CodeIgniter\Session\Handlers\FileHandler' driver.
INFO - 2023-08-11 14:19:29 --> Session: Class initialized using 'CodeIgniter\Session\Handlers\FileHandler' driver.
INFO - 2023-08-11 14:19:33 --> Session: Class initialized using 'CodeIgniter\Session\Handlers\FileHandler' driver.
INFO - 2023-08-11 14:19:33 --> Session: Class initialized using 'CodeIgniter\Session\Handlers\FileHandler' driver.
INFO - 2023-08-11 14:20:34 --> Session: Class initialized using 'CodeIgniter\Session\Handlers\FileHandler' driver.
INFO - 2023-08-11 14:20:36 --> Session: Class initialized using 'CodeIgniter\Session\Handlers\FileHandler' driver.
INFO - 2023-08-11 14:20:41 --> Session: Class initialized using 'CodeIgniter\Session\Handlers\FileHandler' driver.
INFO - 2023-08-11 14:20:41 --> Session: Class initialized using 'CodeIgniter\Session\Handlers\FileHandler' driver.
INFO - 2023-08-11 14:21:28 --> Session: Class initialized using 'CodeIgniter\Session\Handlers\FileHandler' driver.
INFO - 2023-08-11 14:21:31 --> Session: Class initialized using 'CodeIgniter\Session\Handlers\FileHandler' driver.
INFO - 2023-08-11 14:21:35 --> Session: Class initialized using 'CodeIgniter\Session\Handlers\FileHandler' driver.
INFO - 2023-08-11 14:21:35 --> Session: Class initialized using 'CodeIgniter\Session\Handlers\FileHandler' driver.
INFO - 2023-08-11 14:21:53 --> Session: Class initialized using 'CodeIgniter\Session\Handlers\FileHandler' driver.
INFO - 2023-08-11 14:22:08 --> Session: Class initialized using 'CodeIgniter\Session\Handlers\FileHandler' driver.
INFO - 2023-08-11 14:22:10 --> Session: Class initialized using 'CodeIgniter\Session\Handlers\FileHandler' driver.
INFO - 2023-08-11 14:22:12 --> Session: Class initialized using 'CodeIgniter\Session\Handlers\FileHandler' driver.
INFO - 2023-08-11 14:22:14 --> Session: Class initialized using 'CodeIgniter\Session\Handlers\FileHandler' driver.
INFO - 2023-08-11 14:22:16 --> Session: Class initialized using 'CodeIgniter\Session\Handlers\FileHandler' driver.
INFO - 2023-08-11 14:22:19 --> Session: Class initialized using 'CodeIgniter\Session\Handlers\FileHandler' driver.
INFO - 2023-08-11 14:22:23 --> Session: Class initialized using 'CodeIgniter\Session\Handlers\FileHandler' driver.
INFO - 2023-08-11 14:32:23 --> Session: Class initialized using 'CodeIgniter\Session\Handlers\FileHandler' driver.
INFO - 2023-08-11 14:32:29 --> Session: Class initialized using 'CodeIgniter\Session\Handlers\FileHandler' driver.
INFO - 2023-08-11 14:33:00 --> Session: Class initialized using 'CodeIgniter\Session\Handlers\FileHandler' driver.
INFO - 2023-08-11 14:33:03 --> Session: Class initialized using 'CodeIgniter\Session\Handlers\FileHandler' driver.
INFO - 2023-08-11 14:37:16 --> Session: Class initialized using 'CodeIgniter\Session\Handlers\FileHandler' driver.
INFO - 2023-08-11 14:37:18 --> Session: Class initialized using 'CodeIgniter\Session\Handlers\FileHandler' driver.
INFO - 2023-08-11 14:37:22 --> Session: Class initialized using 'CodeIgniter\Session\Handlers\FileHandler' driver.
INFO - 2023-08-11 14:37:23 --> Session: Class initialized using 'CodeIgniter\Session\Handlers\FileHandler' driver.
INFO - 2023-08-11 14:37:33 --> Session: Class initialized using 'CodeIgniter\Session\Handlers\FileHandler' driver.
INFO - 2023-08-11 14:37:35 --> Session: Class initialized using 'CodeIgniter\Session\Handlers\FileHandler' driver.
INFO - 2023-08-11 14:37:39 --> Session: Class initialized using 'CodeIgniter\Session\Handlers\FileHandler' driver.
INFO - 2023-08-11 14:37:42 --> Session: Class initialized using 'CodeIgniter\Session\Handlers\FileHandler' driver.
INFO - 2023-08-11 14:37:44 --> Session: Class initialized using 'CodeIgniter\Session\Handlers\FileHandler' driver.
INFO - 2023-08-11 14:38:33 --> Session: Class initialized using 'CodeIgniter\Session\Handlers\FileHandler' driver.
INFO - 2023-08-11 14:38:38 --> Session: Class initialized using 'CodeIgniter\Session\Handlers\FileHandler' driver.
INFO - 2023-08-11 14:38:43 --> Session: Class initialized using 'CodeIgniter\Session\Handlers\FileHandler' driver.
INFO - 2023-08-11 14:38:44 --> Session: Class initialized using 'CodeIgniter\Session\Handlers\FileHandler' driver.
INFO - 2023-08-11 14:38:47 --> Session: Class initialized using 'CodeIgniter\Session\Handlers\FileHandler' driver.
INFO - 2023-08-11 14:38:51 --> Session: Class initialized using 'CodeIgniter\Session\Handlers\FileHandler' driver.
INFO - 2023-08-11 14:38:52 --> Session: Class initialized using 'CodeIgniter\Session\Handlers\FileHandler' driver.
INFO - 2023-08-11 14:38:56 --> Session: Class initialized using 'CodeIgniter\Session\Handlers\FileHandler' driver.
INFO - 2023-08-11 14:38:57 --> Session: Class initialized using 'CodeIgniter\Session\Handlers\FileHandler' driver.
